八月 27, 2020 8:55:45 上午 org.apache.catalina.startup.VersionLoggerListener log
信息: Server version:        Apache Tomcat/7.0.64
八月 27, 2020 8:55:45 上午 org.apache.catalina.startup.VersionLoggerListener log
信息: Server built:          Aug 19 2015 17:18:06 UTC
八月 27, 2020 8:55:45 上午 org.apache.catalina.startup.VersionLoggerListener log
信息: Server number:         7.0.64.0
八月 27, 2020 8:55:45 上午 org.apache.catalina.startup.VersionLoggerListener log
信息: OS Name:               Windows 10
八月 27, 2020 8:55:45 上午 org.apache.catalina.startup.VersionLoggerListener log
信息: OS Version:            10.0
八月 27, 2020 8:55:45 上午 org.apache.catalina.startup.VersionLoggerListener log
信息: Architecture:          amd64
八月 27, 2020 8:55:45 上午 org.apache.catalina.startup.VersionLoggerListener log
信息: Java Home:             C:\Program Files\Java\jdk1.8.0_251\jre
八月 27, 2020 8:55:45 上午 org.apache.catalina.startup.VersionLoggerListener log
信息: JVM Version:           1.8.0_251-b08
八月 27, 2020 8:55:45 上午 org.apache.catalina.startup.VersionLoggerListener log
信息: JVM Vendor:            Oracle Corporation
八月 27, 2020 8:55:45 上午 org.apache.catalina.startup.VersionLoggerListener log
信息: CATALINA_BASE:         D:\NLZ_HD\solrCloud\tomcat04
八月 27, 2020 8:55:45 上午 org.apache.catalina.startup.VersionLoggerListener log
信息: CATALINA_HOME:         D:\NLZ_HD\solrCloud\tomcat04
八月 27, 2020 8:55:45 上午 org.apache.catalina.startup.VersionLoggerListener log
信息: Command line argument: -Dsolr.solr.home=D:/NLZ_HD/solrCloud/solrhome04
八月 27, 2020 8:55:45 上午 org.apache.catalina.startup.VersionLoggerListener log
信息: Command line argument: -DzkHost=localhost:2181,localhost:2182,localhost:2183
八月 27, 2020 8:55:45 上午 org.apache.catalina.startup.VersionLoggerListener log
信息: Command line argument: -Djava.util.logging.config.file=D:\NLZ_HD\solrCloud\tomcat04\conf\logging.properties
八月 27, 2020 8:55:45 上午 org.apache.catalina.startup.VersionLoggerListener log
信息: Command line argument: -Djava.util.logging.manager=org.apache.juli.ClassLoaderLogManager
八月 27, 2020 8:55:45 上午 org.apache.catalina.startup.VersionLoggerListener log
信息: Command line argument: -Djava.endorsed.dirs=D:\NLZ_HD\solrCloud\tomcat04\endorsed
八月 27, 2020 8:55:45 上午 org.apache.catalina.startup.VersionLoggerListener log
信息: Command line argument: -Dcatalina.base=D:\NLZ_HD\solrCloud\tomcat04
八月 27, 2020 8:55:45 上午 org.apache.catalina.startup.VersionLoggerListener log
信息: Command line argument: -Dcatalina.home=D:\NLZ_HD\solrCloud\tomcat04
八月 27, 2020 8:55:45 上午 org.apache.catalina.startup.VersionLoggerListener log
信息: Command line argument: -Djava.io.tmpdir=D:\NLZ_HD\solrCloud\tomcat04\temp
八月 27, 2020 8:55:45 上午 org.apache.catalina.core.AprLifecycleListener lifecycleEvent
信息: Loaded APR based Apache Tomcat Native library 1.1.33 using APR version 1.5.1.
八月 27, 2020 8:55:45 上午 org.apache.catalina.core.AprLifecycleListener lifecycleEvent
信息: APR capabilities: IPv6 [true], sendfile [true], accept filters [false], random [true].
八月 27, 2020 8:55:46 上午 org.apache.catalina.core.AprLifecycleListener initializeSSL
信息: OpenSSL successfully initialized (OpenSSL 1.0.1m 19 Mar 2015)
八月 27, 2020 8:55:46 上午 org.apache.coyote.AbstractProtocol init
信息: Initializing ProtocolHandler ["http-apr-8480"]
八月 27, 2020 8:55:46 上午 org.apache.coyote.AbstractProtocol init
信息: Initializing ProtocolHandler ["ajp-apr-8409"]
八月 27, 2020 8:55:46 上午 org.apache.catalina.startup.Catalina load
信息: Initialization processed in 764 ms
八月 27, 2020 8:55:46 上午 org.apache.catalina.core.StandardService startInternal
信息: Starting service Catalina
八月 27, 2020 8:55:46 上午 org.apache.catalina.core.StandardEngine startInternal
信息: Starting Servlet Engine: Apache Tomcat/7.0.64
八月 27, 2020 8:55:46 上午 org.apache.catalina.startup.HostConfig deployDirectory
信息: Deploying web application directory D:\NLZ_HD\solrCloud\tomcat04\webapps\docs
八月 27, 2020 8:55:46 上午 org.apache.catalina.startup.HostConfig deployDirectory
信息: Deployment of web application directory D:\NLZ_HD\solrCloud\tomcat04\webapps\docs has finished in 182 ms
八月 27, 2020 8:55:46 上午 org.apache.catalina.startup.HostConfig deployDirectory
信息: Deploying web application directory D:\NLZ_HD\solrCloud\tomcat04\webapps\examples
八月 27, 2020 8:55:46 上午 org.apache.catalina.startup.HostConfig deployDirectory
信息: Deployment of web application directory D:\NLZ_HD\solrCloud\tomcat04\webapps\examples has finished in 264 ms
八月 27, 2020 8:55:46 上午 org.apache.catalina.startup.HostConfig deployDirectory
信息: Deploying web application directory D:\NLZ_HD\solrCloud\tomcat04\webapps\host-manager
八月 27, 2020 8:55:46 上午 org.apache.catalina.startup.HostConfig deployDirectory
信息: Deployment of web application directory D:\NLZ_HD\solrCloud\tomcat04\webapps\host-manager has finished in 31 ms
八月 27, 2020 8:55:46 上午 org.apache.catalina.startup.HostConfig deployDirectory
信息: Deploying web application directory D:\NLZ_HD\solrCloud\tomcat04\webapps\manager
八月 27, 2020 8:55:46 上午 org.apache.catalina.startup.HostConfig deployDirectory
信息: Deployment of web application directory D:\NLZ_HD\solrCloud\tomcat04\webapps\manager has finished in 28 ms
八月 27, 2020 8:55:46 上午 org.apache.catalina.startup.HostConfig deployDirectory
信息: Deploying web application directory D:\NLZ_HD\solrCloud\tomcat04\webapps\ROOT
八月 27, 2020 8:55:46 上午 org.apache.catalina.startup.HostConfig deployDirectory
信息: Deployment of web application directory D:\NLZ_HD\solrCloud\tomcat04\webapps\ROOT has finished in 21 ms
八月 27, 2020 8:55:46 上午 org.apache.catalina.startup.HostConfig deployDirectory
信息: Deploying web application directory D:\NLZ_HD\solrCloud\tomcat04\webapps\solr
八月 27, 2020 8:55:50 上午 org.apache.catalina.startup.TldConfig execute
信息: At least one JAR was scanned for TLDs yet contained no TLDs. Enable debug logging for this logger for a complete list of JARs that were scanned but no TLDs were found in them. Skipping unneeded JARs during scanning can improve startup time and JSP compilation time.
八月 27, 2020 8:55:52 上午 org.apache.catalina.startup.HostConfig deployDirectory
信息: Deployment of web application directory D:\NLZ_HD\solrCloud\tomcat04\webapps\solr has finished in 6,018 ms
八月 27, 2020 8:55:53 上午 org.apache.coyote.AbstractProtocol start
信息: Starting ProtocolHandler ["http-apr-8480"]
八月 27, 2020 8:55:53 上午 org.apache.coyote.AbstractProtocol start
信息: Starting ProtocolHandler ["ajp-apr-8409"]
八月 27, 2020 8:55:53 上午 org.apache.catalina.startup.Catalina start
信息: Server startup in 6580 ms
八月 27, 2020 9:06:10 上午 org.apache.catalina.startup.VersionLoggerListener log
信息: Server version:        Apache Tomcat/7.0.64
八月 27, 2020 9:06:10 上午 org.apache.catalina.startup.VersionLoggerListener log
信息: Server built:          Aug 19 2015 17:18:06 UTC
八月 27, 2020 9:06:10 上午 org.apache.catalina.startup.VersionLoggerListener log
信息: Server number:         7.0.64.0
八月 27, 2020 9:06:10 上午 org.apache.catalina.startup.VersionLoggerListener log
信息: OS Name:               Windows 10
八月 27, 2020 9:06:10 上午 org.apache.catalina.startup.VersionLoggerListener log
信息: OS Version:            10.0
八月 27, 2020 9:06:10 上午 org.apache.catalina.startup.VersionLoggerListener log
信息: Architecture:          amd64
八月 27, 2020 9:06:10 上午 org.apache.catalina.startup.VersionLoggerListener log
信息: Java Home:             C:\Program Files\Java\jdk1.8.0_251\jre
八月 27, 2020 9:06:10 上午 org.apache.catalina.startup.VersionLoggerListener log
信息: JVM Version:           1.8.0_251-b08
八月 27, 2020 9:06:10 上午 org.apache.catalina.startup.VersionLoggerListener log
信息: JVM Vendor:            Oracle Corporation
八月 27, 2020 9:06:10 上午 org.apache.catalina.startup.VersionLoggerListener log
信息: CATALINA_BASE:         D:\NLZ_HD\solrCloud\tomcat04
八月 27, 2020 9:06:10 上午 org.apache.catalina.startup.VersionLoggerListener log
信息: CATALINA_HOME:         D:\NLZ_HD\solrCloud\tomcat04
八月 27, 2020 9:06:10 上午 org.apache.catalina.startup.VersionLoggerListener log
信息: Command line argument: -Dsolr.solr.home=D:/NLZ_HD/solrCloud/solrhome04
八月 27, 2020 9:06:10 上午 org.apache.catalina.startup.VersionLoggerListener log
信息: Command line argument: -DzkHost=localhost:2181,localhost:2182,localhost:2183
八月 27, 2020 9:06:10 上午 org.apache.catalina.startup.VersionLoggerListener log
信息: Command line argument: -Djava.util.logging.config.file=D:\NLZ_HD\solrCloud\tomcat04\conf\logging.properties
八月 27, 2020 9:06:10 上午 org.apache.catalina.startup.VersionLoggerListener log
信息: Command line argument: -Djava.util.logging.manager=org.apache.juli.ClassLoaderLogManager
八月 27, 2020 9:06:10 上午 org.apache.catalina.startup.VersionLoggerListener log
信息: Command line argument: -Djava.endorsed.dirs=D:\NLZ_HD\solrCloud\tomcat04\endorsed
八月 27, 2020 9:06:10 上午 org.apache.catalina.startup.VersionLoggerListener log
信息: Command line argument: -Dcatalina.base=D:\NLZ_HD\solrCloud\tomcat04
八月 27, 2020 9:06:10 上午 org.apache.catalina.startup.VersionLoggerListener log
信息: Command line argument: -Dcatalina.home=D:\NLZ_HD\solrCloud\tomcat04
八月 27, 2020 9:06:10 上午 org.apache.catalina.startup.VersionLoggerListener log
信息: Command line argument: -Djava.io.tmpdir=D:\NLZ_HD\solrCloud\tomcat04\temp
八月 27, 2020 9:06:10 上午 org.apache.catalina.core.AprLifecycleListener lifecycleEvent
信息: Loaded APR based Apache Tomcat Native library 1.1.33 using APR version 1.5.1.
八月 27, 2020 9:06:10 上午 org.apache.catalina.core.AprLifecycleListener lifecycleEvent
信息: APR capabilities: IPv6 [true], sendfile [true], accept filters [false], random [true].
八月 27, 2020 9:06:11 上午 org.apache.catalina.core.AprLifecycleListener initializeSSL
信息: OpenSSL successfully initialized (OpenSSL 1.0.1m 19 Mar 2015)
八月 27, 2020 9:06:11 上午 org.apache.coyote.AbstractProtocol init
信息: Initializing ProtocolHandler ["http-apr-8480"]
八月 27, 2020 9:06:11 上午 org.apache.coyote.AbstractProtocol init
信息: Initializing ProtocolHandler ["ajp-apr-8409"]
八月 27, 2020 9:06:11 上午 org.apache.catalina.startup.Catalina load
信息: Initialization processed in 750 ms
八月 27, 2020 9:06:11 上午 org.apache.catalina.core.StandardService startInternal
信息: Starting service Catalina
八月 27, 2020 9:06:11 上午 org.apache.catalina.core.StandardEngine startInternal
信息: Starting Servlet Engine: Apache Tomcat/7.0.64
八月 27, 2020 9:06:11 上午 org.apache.catalina.startup.HostConfig deployDirectory
信息: Deploying web application directory D:\NLZ_HD\solrCloud\tomcat04\webapps\docs
八月 27, 2020 9:06:11 上午 org.apache.catalina.startup.HostConfig deployDirectory
信息: Deployment of web application directory D:\NLZ_HD\solrCloud\tomcat04\webapps\docs has finished in 187 ms
八月 27, 2020 9:06:11 上午 org.apache.catalina.startup.HostConfig deployDirectory
信息: Deploying web application directory D:\NLZ_HD\solrCloud\tomcat04\webapps\examples
八月 27, 2020 9:06:11 上午 org.apache.catalina.startup.HostConfig deployDirectory
信息: Deployment of web application directory D:\NLZ_HD\solrCloud\tomcat04\webapps\examples has finished in 173 ms
八月 27, 2020 9:06:11 上午 org.apache.catalina.startup.HostConfig deployDirectory
信息: Deploying web application directory D:\NLZ_HD\solrCloud\tomcat04\webapps\host-manager
八月 27, 2020 9:06:11 上午 org.apache.catalina.startup.HostConfig deployDirectory
信息: Deployment of web application directory D:\NLZ_HD\solrCloud\tomcat04\webapps\host-manager has finished in 32 ms
八月 27, 2020 9:06:11 上午 org.apache.catalina.startup.HostConfig deployDirectory
信息: Deploying web application directory D:\NLZ_HD\solrCloud\tomcat04\webapps\manager
八月 27, 2020 9:06:11 上午 org.apache.catalina.startup.HostConfig deployDirectory
信息: Deployment of web application directory D:\NLZ_HD\solrCloud\tomcat04\webapps\manager has finished in 26 ms
八月 27, 2020 9:06:11 上午 org.apache.catalina.startup.HostConfig deployDirectory
信息: Deploying web application directory D:\NLZ_HD\solrCloud\tomcat04\webapps\ROOT
八月 27, 2020 9:06:11 上午 org.apache.catalina.startup.HostConfig deployDirectory
信息: Deployment of web application directory D:\NLZ_HD\solrCloud\tomcat04\webapps\ROOT has finished in 20 ms
八月 27, 2020 9:06:11 上午 org.apache.catalina.startup.HostConfig deployDirectory
信息: Deploying web application directory D:\NLZ_HD\solrCloud\tomcat04\webapps\solr
八月 27, 2020 9:06:13 上午 org.apache.catalina.startup.TldConfig execute
信息: At least one JAR was scanned for TLDs yet contained no TLDs. Enable debug logging for this logger for a complete list of JARs that were scanned but no TLDs were found in them. Skipping unneeded JARs during scanning can improve startup time and JSP compilation time.
八月 27, 2020 9:06:15 上午 org.apache.catalina.startup.HostConfig deployDirectory
信息: Deployment of web application directory D:\NLZ_HD\solrCloud\tomcat04\webapps\solr has finished in 3,574 ms
八月 27, 2020 9:06:15 上午 org.apache.coyote.AbstractProtocol start
信息: Starting ProtocolHandler ["http-apr-8480"]
八月 27, 2020 9:06:15 上午 org.apache.coyote.AbstractProtocol start
信息: Starting ProtocolHandler ["ajp-apr-8409"]
八月 27, 2020 9:06:15 上午 org.apache.catalina.startup.Catalina start
信息: Server startup in 4045 ms
八月 27, 2020 9:11:01 上午 org.apache.catalina.startup.VersionLoggerListener log
信息: Server version:        Apache Tomcat/7.0.64
八月 27, 2020 9:11:01 上午 org.apache.catalina.startup.VersionLoggerListener log
信息: Server built:          Aug 19 2015 17:18:06 UTC
八月 27, 2020 9:11:01 上午 org.apache.catalina.startup.VersionLoggerListener log
信息: Server number:         7.0.64.0
八月 27, 2020 9:11:01 上午 org.apache.catalina.startup.VersionLoggerListener log
信息: OS Name:               Windows 10
八月 27, 2020 9:11:01 上午 org.apache.catalina.startup.VersionLoggerListener log
信息: OS Version:            10.0
八月 27, 2020 9:11:01 上午 org.apache.catalina.startup.VersionLoggerListener log
信息: Architecture:          amd64
八月 27, 2020 9:11:01 上午 org.apache.catalina.startup.VersionLoggerListener log
信息: Java Home:             C:\Program Files\Java\jdk1.8.0_251\jre
八月 27, 2020 9:11:01 上午 org.apache.catalina.startup.VersionLoggerListener log
信息: JVM Version:           1.8.0_251-b08
八月 27, 2020 9:11:01 上午 org.apache.catalina.startup.VersionLoggerListener log
信息: JVM Vendor:            Oracle Corporation
八月 27, 2020 9:11:01 上午 org.apache.catalina.startup.VersionLoggerListener log
信息: CATALINA_BASE:         D:\NLZ_HD\solrCloud\tomcat04
八月 27, 2020 9:11:01 上午 org.apache.catalina.startup.VersionLoggerListener log
信息: CATALINA_HOME:         D:\NLZ_HD\solrCloud\tomcat04
八月 27, 2020 9:11:01 上午 org.apache.catalina.startup.VersionLoggerListener log
信息: Command line argument: -Dsolr.solr.home=D:/NLZ_HD/solrCloud/solrhome04
八月 27, 2020 9:11:01 上午 org.apache.catalina.startup.VersionLoggerListener log
信息: Command line argument: -DzkHost=localhost:2181,localhost:2182,localhost:2183
八月 27, 2020 9:11:01 上午 org.apache.catalina.startup.VersionLoggerListener log
信息: Command line argument: -Djava.util.logging.config.file=D:\NLZ_HD\solrCloud\tomcat04\conf\logging.properties
八月 27, 2020 9:11:01 上午 org.apache.catalina.startup.VersionLoggerListener log
信息: Command line argument: -Djava.util.logging.manager=org.apache.juli.ClassLoaderLogManager
八月 27, 2020 9:11:01 上午 org.apache.catalina.startup.VersionLoggerListener log
信息: Command line argument: -Djava.endorsed.dirs=D:\NLZ_HD\solrCloud\tomcat04\endorsed
八月 27, 2020 9:11:01 上午 org.apache.catalina.startup.VersionLoggerListener log
信息: Command line argument: -Dcatalina.base=D:\NLZ_HD\solrCloud\tomcat04
八月 27, 2020 9:11:01 上午 org.apache.catalina.startup.VersionLoggerListener log
信息: Command line argument: -Dcatalina.home=D:\NLZ_HD\solrCloud\tomcat04
八月 27, 2020 9:11:01 上午 org.apache.catalina.startup.VersionLoggerListener log
信息: Command line argument: -Djava.io.tmpdir=D:\NLZ_HD\solrCloud\tomcat04\temp
八月 27, 2020 9:11:01 上午 org.apache.catalina.core.AprLifecycleListener lifecycleEvent
信息: Loaded APR based Apache Tomcat Native library 1.1.33 using APR version 1.5.1.
八月 27, 2020 9:11:01 上午 org.apache.catalina.core.AprLifecycleListener lifecycleEvent
信息: APR capabilities: IPv6 [true], sendfile [true], accept filters [false], random [true].
八月 27, 2020 9:11:01 上午 org.apache.catalina.core.AprLifecycleListener initializeSSL
信息: OpenSSL successfully initialized (OpenSSL 1.0.1m 19 Mar 2015)
八月 27, 2020 9:11:01 上午 org.apache.coyote.AbstractProtocol init
信息: Initializing ProtocolHandler ["http-apr-8480"]
八月 27, 2020 9:11:01 上午 org.apache.coyote.AbstractProtocol init
信息: Initializing ProtocolHandler ["ajp-apr-8409"]
八月 27, 2020 9:11:01 上午 org.apache.catalina.startup.Catalina load
信息: Initialization processed in 761 ms
八月 27, 2020 9:11:01 上午 org.apache.catalina.core.StandardService startInternal
信息: Starting service Catalina
八月 27, 2020 9:11:01 上午 org.apache.catalina.core.StandardEngine startInternal
信息: Starting Servlet Engine: Apache Tomcat/7.0.64
八月 27, 2020 9:11:01 上午 org.apache.catalina.startup.HostConfig deployDirectory
信息: Deploying web application directory D:\NLZ_HD\solrCloud\tomcat04\webapps\docs
八月 27, 2020 9:11:02 上午 org.apache.catalina.startup.HostConfig deployDirectory
信息: Deployment of web application directory D:\NLZ_HD\solrCloud\tomcat04\webapps\docs has finished in 185 ms
八月 27, 2020 9:11:02 上午 org.apache.catalina.startup.HostConfig deployDirectory
信息: Deploying web application directory D:\NLZ_HD\solrCloud\tomcat04\webapps\examples
八月 27, 2020 9:11:02 上午 org.apache.catalina.startup.HostConfig deployDirectory
信息: Deployment of web application directory D:\NLZ_HD\solrCloud\tomcat04\webapps\examples has finished in 164 ms
八月 27, 2020 9:11:02 上午 org.apache.catalina.startup.HostConfig deployDirectory
信息: Deploying web application directory D:\NLZ_HD\solrCloud\tomcat04\webapps\host-manager
八月 27, 2020 9:11:02 上午 org.apache.catalina.startup.HostConfig deployDirectory
信息: Deployment of web application directory D:\NLZ_HD\solrCloud\tomcat04\webapps\host-manager has finished in 30 ms
八月 27, 2020 9:11:02 上午 org.apache.catalina.startup.HostConfig deployDirectory
信息: Deploying web application directory D:\NLZ_HD\solrCloud\tomcat04\webapps\manager
八月 27, 2020 9:11:02 上午 org.apache.catalina.startup.HostConfig deployDirectory
信息: Deployment of web application directory D:\NLZ_HD\solrCloud\tomcat04\webapps\manager has finished in 27 ms
八月 27, 2020 9:11:02 上午 org.apache.catalina.startup.HostConfig deployDirectory
信息: Deploying web application directory D:\NLZ_HD\solrCloud\tomcat04\webapps\ROOT
八月 27, 2020 9:11:02 上午 org.apache.catalina.startup.HostConfig deployDirectory
信息: Deployment of web application directory D:\NLZ_HD\solrCloud\tomcat04\webapps\ROOT has finished in 21 ms
八月 27, 2020 9:11:02 上午 org.apache.catalina.startup.HostConfig deployDirectory
信息: Deploying web application directory D:\NLZ_HD\solrCloud\tomcat04\webapps\solr
八月 27, 2020 9:11:04 上午 org.apache.catalina.startup.TldConfig execute
信息: At least one JAR was scanned for TLDs yet contained no TLDs. Enable debug logging for this logger for a complete list of JARs that were scanned but no TLDs were found in them. Skipping unneeded JARs during scanning can improve startup time and JSP compilation time.
八月 27, 2020 9:11:05 上午 org.apache.catalina.startup.HostConfig deployDirectory
信息: Deployment of web application directory D:\NLZ_HD\solrCloud\tomcat04\webapps\solr has finished in 3,620 ms
八月 27, 2020 9:11:05 上午 org.apache.coyote.AbstractProtocol start
信息: Starting ProtocolHandler ["http-apr-8480"]
八月 27, 2020 9:11:05 上午 org.apache.coyote.AbstractProtocol start
信息: Starting ProtocolHandler ["ajp-apr-8409"]
八月 27, 2020 9:11:05 上午 org.apache.catalina.startup.Catalina start
信息: Server startup in 4077 ms
八月 27, 2020 10:09:24 上午 org.apache.catalina.startup.VersionLoggerListener log
信息: Server version:        Apache Tomcat/7.0.64
八月 27, 2020 10:09:24 上午 org.apache.catalina.startup.VersionLoggerListener log
信息: Server built:          Aug 19 2015 17:18:06 UTC
八月 27, 2020 10:09:24 上午 org.apache.catalina.startup.VersionLoggerListener log
信息: Server number:         7.0.64.0
八月 27, 2020 10:09:24 上午 org.apache.catalina.startup.VersionLoggerListener log
信息: OS Name:               Windows 10
八月 27, 2020 10:09:24 上午 org.apache.catalina.startup.VersionLoggerListener log
信息: OS Version:            10.0
八月 27, 2020 10:09:24 上午 org.apache.catalina.startup.VersionLoggerListener log
信息: Architecture:          amd64
八月 27, 2020 10:09:24 上午 org.apache.catalina.startup.VersionLoggerListener log
信息: Java Home:             C:\Program Files\Java\jdk1.8.0_251\jre
八月 27, 2020 10:09:24 上午 org.apache.catalina.startup.VersionLoggerListener log
信息: JVM Version:           1.8.0_251-b08
八月 27, 2020 10:09:24 上午 org.apache.catalina.startup.VersionLoggerListener log
信息: JVM Vendor:            Oracle Corporation
八月 27, 2020 10:09:24 上午 org.apache.catalina.startup.VersionLoggerListener log
信息: CATALINA_BASE:         D:\NLZ_HD\solrCloud\tomcat04
八月 27, 2020 10:09:24 上午 org.apache.catalina.startup.VersionLoggerListener log
信息: CATALINA_HOME:         D:\NLZ_HD\solrCloud\tomcat04
八月 27, 2020 10:09:24 上午 org.apache.catalina.startup.VersionLoggerListener log
信息: Command line argument: -Dsolr.solr.home=D:/NLZ_HD/solrCloud/solrhome04
八月 27, 2020 10:09:24 上午 org.apache.catalina.startup.VersionLoggerListener log
信息: Command line argument: -DzkHost=localhost:2181,localhost:2182,localhost:2183
八月 27, 2020 10:09:24 上午 org.apache.catalina.startup.VersionLoggerListener log
信息: Command line argument: -Djava.util.logging.config.file=D:\NLZ_HD\solrCloud\tomcat04\conf\logging.properties
八月 27, 2020 10:09:24 上午 org.apache.catalina.startup.VersionLoggerListener log
信息: Command line argument: -Djava.util.logging.manager=org.apache.juli.ClassLoaderLogManager
八月 27, 2020 10:09:24 上午 org.apache.catalina.startup.VersionLoggerListener log
信息: Command line argument: -Djava.endorsed.dirs=D:\NLZ_HD\solrCloud\tomcat04\endorsed
八月 27, 2020 10:09:24 上午 org.apache.catalina.startup.VersionLoggerListener log
信息: Command line argument: -Dcatalina.base=D:\NLZ_HD\solrCloud\tomcat04
八月 27, 2020 10:09:24 上午 org.apache.catalina.startup.VersionLoggerListener log
信息: Command line argument: -Dcatalina.home=D:\NLZ_HD\solrCloud\tomcat04
八月 27, 2020 10:09:24 上午 org.apache.catalina.startup.VersionLoggerListener log
信息: Command line argument: -Djava.io.tmpdir=D:\NLZ_HD\solrCloud\tomcat04\temp
八月 27, 2020 10:09:24 上午 org.apache.catalina.core.AprLifecycleListener lifecycleEvent
信息: Loaded APR based Apache Tomcat Native library 1.1.33 using APR version 1.5.1.
八月 27, 2020 10:09:24 上午 org.apache.catalina.core.AprLifecycleListener lifecycleEvent
信息: APR capabilities: IPv6 [true], sendfile [true], accept filters [false], random [true].
八月 27, 2020 10:09:24 上午 org.apache.catalina.core.AprLifecycleListener initializeSSL
信息: OpenSSL successfully initialized (OpenSSL 1.0.1m 19 Mar 2015)
八月 27, 2020 10:09:24 上午 org.apache.coyote.AbstractProtocol init
信息: Initializing ProtocolHandler ["http-apr-8480"]
八月 27, 2020 10:09:24 上午 org.apache.coyote.AbstractProtocol init
信息: Initializing ProtocolHandler ["ajp-apr-8409"]
八月 27, 2020 10:09:24 上午 org.apache.catalina.startup.Catalina load
信息: Initialization processed in 764 ms
八月 27, 2020 10:09:24 上午 org.apache.catalina.core.StandardService startInternal
信息: Starting service Catalina
八月 27, 2020 10:09:24 上午 org.apache.catalina.core.StandardEngine startInternal
信息: Starting Servlet Engine: Apache Tomcat/7.0.64
八月 27, 2020 10:09:24 上午 org.apache.catalina.startup.HostConfig deployDirectory
信息: Deploying web application directory D:\NLZ_HD\solrCloud\tomcat04\webapps\docs
八月 27, 2020 10:09:24 上午 org.apache.catalina.startup.HostConfig deployDirectory
信息: Deployment of web application directory D:\NLZ_HD\solrCloud\tomcat04\webapps\docs has finished in 184 ms
八月 27, 2020 10:09:24 上午 org.apache.catalina.startup.HostConfig deployDirectory
信息: Deploying web application directory D:\NLZ_HD\solrCloud\tomcat04\webapps\examples
八月 27, 2020 10:09:25 上午 org.apache.catalina.startup.HostConfig deployDirectory
信息: Deployment of web application directory D:\NLZ_HD\solrCloud\tomcat04\webapps\examples has finished in 279 ms
八月 27, 2020 10:09:25 上午 org.apache.catalina.startup.HostConfig deployDirectory
信息: Deploying web application directory D:\NLZ_HD\solrCloud\tomcat04\webapps\host-manager
八月 27, 2020 10:09:25 上午 org.apache.catalina.startup.HostConfig deployDirectory
信息: Deployment of web application directory D:\NLZ_HD\solrCloud\tomcat04\webapps\host-manager has finished in 33 ms
八月 27, 2020 10:09:25 上午 org.apache.catalina.startup.HostConfig deployDirectory
信息: Deploying web application directory D:\NLZ_HD\solrCloud\tomcat04\webapps\manager
八月 27, 2020 10:09:25 上午 org.apache.catalina.startup.HostConfig deployDirectory
信息: Deployment of web application directory D:\NLZ_HD\solrCloud\tomcat04\webapps\manager has finished in 28 ms
八月 27, 2020 10:09:25 上午 org.apache.catalina.startup.HostConfig deployDirectory
信息: Deploying web application directory D:\NLZ_HD\solrCloud\tomcat04\webapps\ROOT
八月 27, 2020 10:09:25 上午 org.apache.catalina.startup.HostConfig deployDirectory
信息: Deployment of web application directory D:\NLZ_HD\solrCloud\tomcat04\webapps\ROOT has finished in 21 ms
八月 27, 2020 10:09:25 上午 org.apache.catalina.startup.HostConfig deployDirectory
信息: Deploying web application directory D:\NLZ_HD\solrCloud\tomcat04\webapps\solr
八月 27, 2020 10:09:28 上午 org.apache.catalina.startup.TldConfig execute
信息: At least one JAR was scanned for TLDs yet contained no TLDs. Enable debug logging for this logger for a complete list of JARs that were scanned but no TLDs were found in them. Skipping unneeded JARs during scanning can improve startup time and JSP compilation time.
八月 27, 2020 10:09:30 上午 org.apache.catalina.startup.HostConfig deployDirectory
信息: Deployment of web application directory D:\NLZ_HD\solrCloud\tomcat04\webapps\solr has finished in 5,008 ms
八月 27, 2020 10:09:30 上午 org.apache.coyote.AbstractProtocol start
信息: Starting ProtocolHandler ["http-apr-8480"]
八月 27, 2020 10:09:30 上午 org.apache.coyote.AbstractProtocol start
信息: Starting ProtocolHandler ["ajp-apr-8409"]
八月 27, 2020 10:09:30 上午 org.apache.catalina.startup.Catalina start
信息: Server startup in 5587 ms
八月 27, 2020 10:55:27 上午 org.apache.catalina.startup.VersionLoggerListener log
信息: Server version:        Apache Tomcat/7.0.64
八月 27, 2020 10:55:27 上午 org.apache.catalina.startup.VersionLoggerListener log
信息: Server built:          Aug 19 2015 17:18:06 UTC
八月 27, 2020 10:55:27 上午 org.apache.catalina.startup.VersionLoggerListener log
信息: Server number:         7.0.64.0
八月 27, 2020 10:55:27 上午 org.apache.catalina.startup.VersionLoggerListener log
信息: OS Name:               Windows 10
八月 27, 2020 10:55:27 上午 org.apache.catalina.startup.VersionLoggerListener log
信息: OS Version:            10.0
八月 27, 2020 10:55:27 上午 org.apache.catalina.startup.VersionLoggerListener log
信息: Architecture:          amd64
八月 27, 2020 10:55:27 上午 org.apache.catalina.startup.VersionLoggerListener log
信息: Java Home:             C:\Program Files\Java\jdk1.8.0_251\jre
八月 27, 2020 10:55:27 上午 org.apache.catalina.startup.VersionLoggerListener log
信息: JVM Version:           1.8.0_251-b08
八月 27, 2020 10:55:27 上午 org.apache.catalina.startup.VersionLoggerListener log
信息: JVM Vendor:            Oracle Corporation
八月 27, 2020 10:55:27 上午 org.apache.catalina.startup.VersionLoggerListener log
信息: CATALINA_BASE:         D:\NLZ_HD\solrCloud\tomcat04
八月 27, 2020 10:55:27 上午 org.apache.catalina.startup.VersionLoggerListener log
信息: CATALINA_HOME:         D:\NLZ_HD\solrCloud\tomcat04
八月 27, 2020 10:55:27 上午 org.apache.catalina.startup.VersionLoggerListener log
信息: Command line argument: -Dsolr.solr.home=D:/NLZ_HD/solrCloud/solrhome04
八月 27, 2020 10:55:27 上午 org.apache.catalina.startup.VersionLoggerListener log
信息: Command line argument: -DzkHost=localhost:2181,localhost:2182,localhost:2183
八月 27, 2020 10:55:27 上午 org.apache.catalina.startup.VersionLoggerListener log
信息: Command line argument: -Djava.util.logging.config.file=D:\NLZ_HD\solrCloud\tomcat04\conf\logging.properties
八月 27, 2020 10:55:27 上午 org.apache.catalina.startup.VersionLoggerListener log
信息: Command line argument: -Djava.util.logging.manager=org.apache.juli.ClassLoaderLogManager
八月 27, 2020 10:55:27 上午 org.apache.catalina.startup.VersionLoggerListener log
信息: Command line argument: -Djava.endorsed.dirs=D:\NLZ_HD\solrCloud\tomcat04\endorsed
八月 27, 2020 10:55:27 上午 org.apache.catalina.startup.VersionLoggerListener log
信息: Command line argument: -Dcatalina.base=D:\NLZ_HD\solrCloud\tomcat04
八月 27, 2020 10:55:27 上午 org.apache.catalina.startup.VersionLoggerListener log
信息: Command line argument: -Dcatalina.home=D:\NLZ_HD\solrCloud\tomcat04
八月 27, 2020 10:55:27 上午 org.apache.catalina.startup.VersionLoggerListener log
信息: Command line argument: -Djava.io.tmpdir=D:\NLZ_HD\solrCloud\tomcat04\temp
八月 27, 2020 10:55:27 上午 org.apache.catalina.core.AprLifecycleListener lifecycleEvent
信息: Loaded APR based Apache Tomcat Native library 1.1.33 using APR version 1.5.1.
八月 27, 2020 10:55:27 上午 org.apache.catalina.core.AprLifecycleListener lifecycleEvent
信息: APR capabilities: IPv6 [true], sendfile [true], accept filters [false], random [true].
八月 27, 2020 10:55:28 上午 org.apache.catalina.core.AprLifecycleListener initializeSSL
信息: OpenSSL successfully initialized (OpenSSL 1.0.1m 19 Mar 2015)
八月 27, 2020 10:55:28 上午 org.apache.coyote.AbstractProtocol init
信息: Initializing ProtocolHandler ["http-apr-8480"]
八月 27, 2020 10:55:28 上午 org.apache.coyote.AbstractProtocol init
信息: Initializing ProtocolHandler ["ajp-apr-8409"]
八月 27, 2020 10:55:28 上午 org.apache.catalina.startup.Catalina load
信息: Initialization processed in 894 ms
八月 27, 2020 10:55:28 上午 org.apache.catalina.core.StandardService startInternal
信息: Starting service Catalina
八月 27, 2020 10:55:28 上午 org.apache.catalina.core.StandardEngine startInternal
信息: Starting Servlet Engine: Apache Tomcat/7.0.64
八月 27, 2020 10:55:28 上午 org.apache.catalina.startup.HostConfig deployDirectory
信息: Deploying web application directory D:\NLZ_HD\solrCloud\tomcat04\webapps\docs
八月 27, 2020 10:55:28 上午 org.apache.catalina.startup.HostConfig deployDirectory
信息: Deployment of web application directory D:\NLZ_HD\solrCloud\tomcat04\webapps\docs has finished in 214 ms
八月 27, 2020 10:55:28 上午 org.apache.catalina.startup.HostConfig deployDirectory
信息: Deploying web application directory D:\NLZ_HD\solrCloud\tomcat04\webapps\examples
八月 27, 2020 10:55:29 上午 org.apache.catalina.startup.HostConfig deployDirectory
信息: Deployment of web application directory D:\NLZ_HD\solrCloud\tomcat04\webapps\examples has finished in 411 ms
八月 27, 2020 10:55:29 上午 org.apache.catalina.startup.HostConfig deployDirectory
信息: Deploying web application directory D:\NLZ_HD\solrCloud\tomcat04\webapps\host-manager
八月 27, 2020 10:55:29 上午 org.apache.catalina.startup.HostConfig deployDirectory
信息: Deployment of web application directory D:\NLZ_HD\solrCloud\tomcat04\webapps\host-manager has finished in 40 ms
八月 27, 2020 10:55:29 上午 org.apache.catalina.startup.HostConfig deployDirectory
信息: Deploying web application directory D:\NLZ_HD\solrCloud\tomcat04\webapps\manager
八月 27, 2020 10:55:29 上午 org.apache.catalina.startup.HostConfig deployDirectory
信息: Deployment of web application directory D:\NLZ_HD\solrCloud\tomcat04\webapps\manager has finished in 32 ms
八月 27, 2020 10:55:29 上午 org.apache.catalina.startup.HostConfig deployDirectory
信息: Deploying web application directory D:\NLZ_HD\solrCloud\tomcat04\webapps\ROOT
八月 27, 2020 10:55:29 上午 org.apache.catalina.startup.HostConfig deployDirectory
信息: Deployment of web application directory D:\NLZ_HD\solrCloud\tomcat04\webapps\ROOT has finished in 25 ms
八月 27, 2020 10:55:29 上午 org.apache.catalina.startup.HostConfig deployDirectory
信息: Deploying web application directory D:\NLZ_HD\solrCloud\tomcat04\webapps\solr
八月 27, 2020 10:55:32 上午 org.apache.catalina.startup.TldConfig execute
信息: At least one JAR was scanned for TLDs yet contained no TLDs. Enable debug logging for this logger for a complete list of JARs that were scanned but no TLDs were found in them. Skipping unneeded JARs during scanning can improve startup time and JSP compilation time.
八月 27, 2020 10:55:34 上午 org.apache.catalina.startup.HostConfig deployDirectory
信息: Deployment of web application directory D:\NLZ_HD\solrCloud\tomcat04\webapps\solr has finished in 5,293 ms
八月 27, 2020 10:55:34 上午 org.apache.coyote.AbstractProtocol start
信息: Starting ProtocolHandler ["http-apr-8480"]
八月 27, 2020 10:55:34 上午 org.apache.coyote.AbstractProtocol start
信息: Starting ProtocolHandler ["ajp-apr-8409"]
八月 27, 2020 10:55:34 上午 org.apache.catalina.startup.Catalina start
信息: Server startup in 6050 ms
八月 27, 2020 11:18:59 上午 org.apache.catalina.startup.VersionLoggerListener log
信息: Server version:        Apache Tomcat/7.0.64
八月 27, 2020 11:18:59 上午 org.apache.catalina.startup.VersionLoggerListener log
信息: Server built:          Aug 19 2015 17:18:06 UTC
八月 27, 2020 11:18:59 上午 org.apache.catalina.startup.VersionLoggerListener log
信息: Server number:         7.0.64.0
八月 27, 2020 11:18:59 上午 org.apache.catalina.startup.VersionLoggerListener log
信息: OS Name:               Windows 10
八月 27, 2020 11:18:59 上午 org.apache.catalina.startup.VersionLoggerListener log
信息: OS Version:            10.0
八月 27, 2020 11:18:59 上午 org.apache.catalina.startup.VersionLoggerListener log
信息: Architecture:          amd64
八月 27, 2020 11:18:59 上午 org.apache.catalina.startup.VersionLoggerListener log
信息: Java Home:             C:\Program Files\Java\jdk1.8.0_251\jre
八月 27, 2020 11:18:59 上午 org.apache.catalina.startup.VersionLoggerListener log
信息: JVM Version:           1.8.0_251-b08
八月 27, 2020 11:18:59 上午 org.apache.catalina.startup.VersionLoggerListener log
信息: JVM Vendor:            Oracle Corporation
八月 27, 2020 11:18:59 上午 org.apache.catalina.startup.VersionLoggerListener log
信息: CATALINA_BASE:         D:\NLZ_HD\solrCloud\tomcat04
八月 27, 2020 11:18:59 上午 org.apache.catalina.startup.VersionLoggerListener log
信息: CATALINA_HOME:         D:\NLZ_HD\solrCloud\tomcat04
八月 27, 2020 11:18:59 上午 org.apache.catalina.startup.VersionLoggerListener log
信息: Command line argument: -Dsolr.solr.home=D:/NLZ_HD/solrCloud/solrhome04
八月 27, 2020 11:18:59 上午 org.apache.catalina.startup.VersionLoggerListener log
信息: Command line argument: -DzkHost=localhost:2181,localhost:2182,localhost:2183
八月 27, 2020 11:18:59 上午 org.apache.catalina.startup.VersionLoggerListener log
信息: Command line argument: -Djava.util.logging.config.file=D:\NLZ_HD\solrCloud\tomcat04\conf\logging.properties
八月 27, 2020 11:18:59 上午 org.apache.catalina.startup.VersionLoggerListener log
信息: Command line argument: -Djava.util.logging.manager=org.apache.juli.ClassLoaderLogManager
八月 27, 2020 11:18:59 上午 org.apache.catalina.startup.VersionLoggerListener log
信息: Command line argument: -Djava.endorsed.dirs=D:\NLZ_HD\solrCloud\tomcat04\endorsed
八月 27, 2020 11:18:59 上午 org.apache.catalina.startup.VersionLoggerListener log
信息: Command line argument: -Dcatalina.base=D:\NLZ_HD\solrCloud\tomcat04
八月 27, 2020 11:18:59 上午 org.apache.catalina.startup.VersionLoggerListener log
信息: Command line argument: -Dcatalina.home=D:\NLZ_HD\solrCloud\tomcat04
八月 27, 2020 11:18:59 上午 org.apache.catalina.startup.VersionLoggerListener log
信息: Command line argument: -Djava.io.tmpdir=D:\NLZ_HD\solrCloud\tomcat04\temp
八月 27, 2020 11:18:59 上午 org.apache.catalina.core.AprLifecycleListener lifecycleEvent
信息: Loaded APR based Apache Tomcat Native library 1.1.33 using APR version 1.5.1.
八月 27, 2020 11:18:59 上午 org.apache.catalina.core.AprLifecycleListener lifecycleEvent
信息: APR capabilities: IPv6 [true], sendfile [true], accept filters [false], random [true].
八月 27, 2020 11:18:59 上午 org.apache.catalina.core.AprLifecycleListener initializeSSL
信息: OpenSSL successfully initialized (OpenSSL 1.0.1m 19 Mar 2015)
八月 27, 2020 11:18:59 上午 org.apache.coyote.AbstractProtocol init
信息: Initializing ProtocolHandler ["http-apr-8480"]
八月 27, 2020 11:18:59 上午 org.apache.coyote.AbstractProtocol init
信息: Initializing ProtocolHandler ["ajp-apr-8409"]
八月 27, 2020 11:18:59 上午 org.apache.catalina.startup.Catalina load
信息: Initialization processed in 809 ms
八月 27, 2020 11:18:59 上午 org.apache.catalina.core.StandardService startInternal
信息: Starting service Catalina
八月 27, 2020 11:18:59 上午 org.apache.catalina.core.StandardEngine startInternal
信息: Starting Servlet Engine: Apache Tomcat/7.0.64
八月 27, 2020 11:18:59 上午 org.apache.catalina.startup.HostConfig deployDirectory
信息: Deploying web application directory D:\NLZ_HD\solrCloud\tomcat04\webapps\docs
八月 27, 2020 11:18:59 上午 org.apache.catalina.startup.HostConfig deployDirectory
信息: Deployment of web application directory D:\NLZ_HD\solrCloud\tomcat04\webapps\docs has finished in 211 ms
八月 27, 2020 11:18:59 上午 org.apache.catalina.startup.HostConfig deployDirectory
信息: Deploying web application directory D:\NLZ_HD\solrCloud\tomcat04\webapps\examples
八月 27, 2020 11:19:00 上午 org.apache.catalina.startup.HostConfig deployDirectory
信息: Deployment of web application directory D:\NLZ_HD\solrCloud\tomcat04\webapps\examples has finished in 174 ms
八月 27, 2020 11:19:00 上午 org.apache.catalina.startup.HostConfig deployDirectory
信息: Deploying web application directory D:\NLZ_HD\solrCloud\tomcat04\webapps\host-manager
八月 27, 2020 11:19:00 上午 org.apache.catalina.startup.HostConfig deployDirectory
信息: Deployment of web application directory D:\NLZ_HD\solrCloud\tomcat04\webapps\host-manager has finished in 32 ms
八月 27, 2020 11:19:00 上午 org.apache.catalina.startup.HostConfig deployDirectory
信息: Deploying web application directory D:\NLZ_HD\solrCloud\tomcat04\webapps\manager
八月 27, 2020 11:19:00 上午 org.apache.catalina.startup.HostConfig deployDirectory
信息: Deployment of web application directory D:\NLZ_HD\solrCloud\tomcat04\webapps\manager has finished in 30 ms
八月 27, 2020 11:19:00 上午 org.apache.catalina.startup.HostConfig deployDirectory
信息: Deploying web application directory D:\NLZ_HD\solrCloud\tomcat04\webapps\ROOT
八月 27, 2020 11:19:00 上午 org.apache.catalina.startup.HostConfig deployDirectory
信息: Deployment of web application directory D:\NLZ_HD\solrCloud\tomcat04\webapps\ROOT has finished in 22 ms
八月 27, 2020 11:19:00 上午 org.apache.catalina.startup.HostConfig deployDirectory
信息: Deploying web application directory D:\NLZ_HD\solrCloud\tomcat04\webapps\solr
八月 27, 2020 11:19:02 上午 org.apache.catalina.startup.TldConfig execute
信息: At least one JAR was scanned for TLDs yet contained no TLDs. Enable debug logging for this logger for a complete list of JARs that were scanned but no TLDs were found in them. Skipping unneeded JARs during scanning can improve startup time and JSP compilation time.
八月 27, 2020 11:19:03 上午 org.apache.catalina.startup.HostConfig deployDirectory
信息: Deployment of web application directory D:\NLZ_HD\solrCloud\tomcat04\webapps\solr has finished in 3,582 ms
八月 27, 2020 11:19:03 上午 org.apache.coyote.AbstractProtocol start
信息: Starting ProtocolHandler ["http-apr-8480"]
八月 27, 2020 11:19:03 上午 org.apache.coyote.AbstractProtocol start
信息: Starting ProtocolHandler ["ajp-apr-8409"]
八月 27, 2020 11:19:03 上午 org.apache.catalina.startup.Catalina start
信息: Server startup in 4083 ms
八月 27, 2020 2:34:31 下午 org.apache.catalina.startup.VersionLoggerListener log
信息: Server version:        Apache Tomcat/7.0.64
八月 27, 2020 2:34:31 下午 org.apache.catalina.startup.VersionLoggerListener log
信息: Server built:          Aug 19 2015 17:18:06 UTC
八月 27, 2020 2:34:31 下午 org.apache.catalina.startup.VersionLoggerListener log
信息: Server number:         7.0.64.0
八月 27, 2020 2:34:31 下午 org.apache.catalina.startup.VersionLoggerListener log
信息: OS Name:               Windows 10
八月 27, 2020 2:34:31 下午 org.apache.catalina.startup.VersionLoggerListener log
信息: OS Version:            10.0
八月 27, 2020 2:34:31 下午 org.apache.catalina.startup.VersionLoggerListener log
信息: Architecture:          amd64
八月 27, 2020 2:34:31 下午 org.apache.catalina.startup.VersionLoggerListener log
信息: Java Home:             C:\Program Files\Java\jdk1.8.0_251\jre
八月 27, 2020 2:34:31 下午 org.apache.catalina.startup.VersionLoggerListener log
信息: JVM Version:           1.8.0_251-b08
八月 27, 2020 2:34:31 下午 org.apache.catalina.startup.VersionLoggerListener log
信息: JVM Vendor:            Oracle Corporation
八月 27, 2020 2:34:31 下午 org.apache.catalina.startup.VersionLoggerListener log
信息: CATALINA_BASE:         D:\NLZ_HD\solrCloud\tomcat04
八月 27, 2020 2:34:31 下午 org.apache.catalina.startup.VersionLoggerListener log
信息: CATALINA_HOME:         D:\NLZ_HD\solrCloud\tomcat04
八月 27, 2020 2:34:31 下午 org.apache.catalina.startup.VersionLoggerListener log
信息: Command line argument: -Dsolr.solr.home=D:/NLZ_HD/solrCloud/solrhome04
八月 27, 2020 2:34:31 下午 org.apache.catalina.startup.VersionLoggerListener log
信息: Command line argument: -DzkHost=localhost:2181,localhost:2182,localhost:2183
八月 27, 2020 2:34:31 下午 org.apache.catalina.startup.VersionLoggerListener log
信息: Command line argument: -Djava.util.logging.config.file=D:\NLZ_HD\solrCloud\tomcat04\conf\logging.properties
八月 27, 2020 2:34:31 下午 org.apache.catalina.startup.VersionLoggerListener log
信息: Command line argument: -Djava.util.logging.manager=org.apache.juli.ClassLoaderLogManager
八月 27, 2020 2:34:31 下午 org.apache.catalina.startup.VersionLoggerListener log
信息: Command line argument: -Djava.endorsed.dirs=D:\NLZ_HD\solrCloud\tomcat04\endorsed
八月 27, 2020 2:34:31 下午 org.apache.catalina.startup.VersionLoggerListener log
信息: Command line argument: -Dcatalina.base=D:\NLZ_HD\solrCloud\tomcat04
八月 27, 2020 2:34:31 下午 org.apache.catalina.startup.VersionLoggerListener log
信息: Command line argument: -Dcatalina.home=D:\NLZ_HD\solrCloud\tomcat04
八月 27, 2020 2:34:31 下午 org.apache.catalina.startup.VersionLoggerListener log
信息: Command line argument: -Djava.io.tmpdir=D:\NLZ_HD\solrCloud\tomcat04\temp
八月 27, 2020 2:34:31 下午 org.apache.catalina.core.AprLifecycleListener lifecycleEvent
信息: Loaded APR based Apache Tomcat Native library 1.1.33 using APR version 1.5.1.
八月 27, 2020 2:34:31 下午 org.apache.catalina.core.AprLifecycleListener lifecycleEvent
信息: APR capabilities: IPv6 [true], sendfile [true], accept filters [false], random [true].
八月 27, 2020 2:34:32 下午 org.apache.catalina.core.AprLifecycleListener initializeSSL
信息: OpenSSL successfully initialized (OpenSSL 1.0.1m 19 Mar 2015)
八月 27, 2020 2:34:32 下午 org.apache.coyote.AbstractProtocol init
信息: Initializing ProtocolHandler ["http-apr-8480"]
八月 27, 2020 2:34:32 下午 org.apache.coyote.AbstractProtocol init
信息: Initializing ProtocolHandler ["ajp-apr-8409"]
八月 27, 2020 2:34:32 下午 org.apache.catalina.startup.Catalina load
信息: Initialization processed in 789 ms
八月 27, 2020 2:34:32 下午 org.apache.catalina.core.StandardService startInternal
信息: Starting service Catalina
八月 27, 2020 2:34:32 下午 org.apache.catalina.core.StandardEngine startInternal
信息: Starting Servlet Engine: Apache Tomcat/7.0.64
八月 27, 2020 2:34:32 下午 org.apache.catalina.startup.HostConfig deployDirectory
信息: Deploying web application directory D:\NLZ_HD\solrCloud\tomcat04\webapps\docs
八月 27, 2020 2:34:32 下午 org.apache.catalina.startup.HostConfig deployDirectory
信息: Deployment of web application directory D:\NLZ_HD\solrCloud\tomcat04\webapps\docs has finished in 184 ms
八月 27, 2020 2:34:32 下午 org.apache.catalina.startup.HostConfig deployDirectory
信息: Deploying web application directory D:\NLZ_HD\solrCloud\tomcat04\webapps\examples
八月 27, 2020 2:34:32 下午 org.apache.catalina.startup.HostConfig deployDirectory
信息: Deployment of web application directory D:\NLZ_HD\solrCloud\tomcat04\webapps\examples has finished in 250 ms
八月 27, 2020 2:34:32 下午 org.apache.catalina.startup.HostConfig deployDirectory
信息: Deploying web application directory D:\NLZ_HD\solrCloud\tomcat04\webapps\host-manager
八月 27, 2020 2:34:32 下午 org.apache.catalina.startup.HostConfig deployDirectory
信息: Deployment of web application directory D:\NLZ_HD\solrCloud\tomcat04\webapps\host-manager has finished in 32 ms
八月 27, 2020 2:34:32 下午 org.apache.catalina.startup.HostConfig deployDirectory
信息: Deploying web application directory D:\NLZ_HD\solrCloud\tomcat04\webapps\manager
八月 27, 2020 2:34:33 下午 org.apache.catalina.startup.HostConfig deployDirectory
信息: Deployment of web application directory D:\NLZ_HD\solrCloud\tomcat04\webapps\manager has finished in 28 ms
八月 27, 2020 2:34:33 下午 org.apache.catalina.startup.HostConfig deployDirectory
信息: Deploying web application directory D:\NLZ_HD\solrCloud\tomcat04\webapps\ROOT
八月 27, 2020 2:34:33 下午 org.apache.catalina.startup.HostConfig deployDirectory
信息: Deployment of web application directory D:\NLZ_HD\solrCloud\tomcat04\webapps\ROOT has finished in 21 ms
八月 27, 2020 2:34:33 下午 org.apache.catalina.startup.HostConfig deployDirectory
信息: Deploying web application directory D:\NLZ_HD\solrCloud\tomcat04\webapps\solr
八月 27, 2020 2:34:34 下午 org.apache.catalina.startup.TldConfig execute
信息: At least one JAR was scanned for TLDs yet contained no TLDs. Enable debug logging for this logger for a complete list of JARs that were scanned but no TLDs were found in them. Skipping unneeded JARs during scanning can improve startup time and JSP compilation time.
八月 27, 2020 2:34:43 下午 org.apache.catalina.startup.HostConfig deployDirectory
信息: Deployment of web application directory D:\NLZ_HD\solrCloud\tomcat04\webapps\solr has finished in 10,036 ms
八月 27, 2020 2:34:43 下午 org.apache.coyote.AbstractProtocol start
信息: Starting ProtocolHandler ["http-apr-8480"]
八月 27, 2020 2:34:43 下午 org.apache.coyote.AbstractProtocol start
信息: Starting ProtocolHandler ["ajp-apr-8409"]
八月 27, 2020 2:34:43 下午 org.apache.catalina.startup.Catalina start
信息: Server startup in 10582 ms
八月 27, 2020 3:54:06 下午 org.apache.catalina.startup.VersionLoggerListener log
信息: Server version:        Apache Tomcat/7.0.64
八月 27, 2020 3:54:06 下午 org.apache.catalina.startup.VersionLoggerListener log
信息: Server built:          Aug 19 2015 17:18:06 UTC
八月 27, 2020 3:54:06 下午 org.apache.catalina.startup.VersionLoggerListener log
信息: Server number:         7.0.64.0
八月 27, 2020 3:54:06 下午 org.apache.catalina.startup.VersionLoggerListener log
信息: OS Name:               Windows 10
八月 27, 2020 3:54:06 下午 org.apache.catalina.startup.VersionLoggerListener log
信息: OS Version:            10.0
八月 27, 2020 3:54:06 下午 org.apache.catalina.startup.VersionLoggerListener log
信息: Architecture:          amd64
八月 27, 2020 3:54:06 下午 org.apache.catalina.startup.VersionLoggerListener log
信息: Java Home:             C:\Program Files\Java\jdk1.8.0_251\jre
八月 27, 2020 3:54:06 下午 org.apache.catalina.startup.VersionLoggerListener log
信息: JVM Version:           1.8.0_251-b08
八月 27, 2020 3:54:06 下午 org.apache.catalina.startup.VersionLoggerListener log
信息: JVM Vendor:            Oracle Corporation
八月 27, 2020 3:54:06 下午 org.apache.catalina.startup.VersionLoggerListener log
信息: CATALINA_BASE:         D:\NLZ_HD\solrCloud\tomcat04
八月 27, 2020 3:54:06 下午 org.apache.catalina.startup.VersionLoggerListener log
信息: CATALINA_HOME:         D:\NLZ_HD\solrCloud\tomcat04
八月 27, 2020 3:54:06 下午 org.apache.catalina.startup.VersionLoggerListener log
信息: Command line argument: -Dsolr.solr.home=D:/NLZ_HD/solrCloud/solrhome04
八月 27, 2020 3:54:06 下午 org.apache.catalina.startup.VersionLoggerListener log
信息: Command line argument: -DzkHost=localhost:2181,localhost:2182,localhost:2183
八月 27, 2020 3:54:06 下午 org.apache.catalina.startup.VersionLoggerListener log
信息: Command line argument: -Djava.util.logging.config.file=D:\NLZ_HD\solrCloud\tomcat04\conf\logging.properties
八月 27, 2020 3:54:06 下午 org.apache.catalina.startup.VersionLoggerListener log
信息: Command line argument: -Djava.util.logging.manager=org.apache.juli.ClassLoaderLogManager
八月 27, 2020 3:54:06 下午 org.apache.catalina.startup.VersionLoggerListener log
信息: Command line argument: -Djava.endorsed.dirs=D:\NLZ_HD\solrCloud\tomcat04\endorsed
八月 27, 2020 3:54:06 下午 org.apache.catalina.startup.VersionLoggerListener log
信息: Command line argument: -Dcatalina.base=D:\NLZ_HD\solrCloud\tomcat04
八月 27, 2020 3:54:06 下午 org.apache.catalina.startup.VersionLoggerListener log
信息: Command line argument: -Dcatalina.home=D:\NLZ_HD\solrCloud\tomcat04
八月 27, 2020 3:54:06 下午 org.apache.catalina.startup.VersionLoggerListener log
信息: Command line argument: -Djava.io.tmpdir=D:\NLZ_HD\solrCloud\tomcat04\temp
八月 27, 2020 3:54:06 下午 org.apache.catalina.core.AprLifecycleListener lifecycleEvent
信息: Loaded APR based Apache Tomcat Native library 1.1.33 using APR version 1.5.1.
八月 27, 2020 3:54:06 下午 org.apache.catalina.core.AprLifecycleListener lifecycleEvent
信息: APR capabilities: IPv6 [true], sendfile [true], accept filters [false], random [true].
八月 27, 2020 3:54:07 下午 org.apache.catalina.core.AprLifecycleListener initializeSSL
信息: OpenSSL successfully initialized (OpenSSL 1.0.1m 19 Mar 2015)
八月 27, 2020 3:54:07 下午 org.apache.coyote.AbstractProtocol init
信息: Initializing ProtocolHandler ["http-apr-8480"]
八月 27, 2020 3:54:07 下午 org.apache.coyote.AbstractProtocol init
信息: Initializing ProtocolHandler ["ajp-apr-8409"]
八月 27, 2020 3:54:07 下午 org.apache.catalina.startup.Catalina load
信息: Initialization processed in 839 ms
八月 27, 2020 3:54:07 下午 org.apache.catalina.core.StandardService startInternal
信息: Starting service Catalina
八月 27, 2020 3:54:07 下午 org.apache.catalina.core.StandardEngine startInternal
信息: Starting Servlet Engine: Apache Tomcat/7.0.64
八月 27, 2020 3:54:07 下午 org.apache.catalina.startup.HostConfig deployDirectory
信息: Deploying web application directory D:\NLZ_HD\solrCloud\tomcat04\webapps\docs
八月 27, 2020 3:54:07 下午 org.apache.catalina.startup.HostConfig deployDirectory
信息: Deployment of web application directory D:\NLZ_HD\solrCloud\tomcat04\webapps\docs has finished in 214 ms
八月 27, 2020 3:54:07 下午 org.apache.catalina.startup.HostConfig deployDirectory
信息: Deploying web application directory D:\NLZ_HD\solrCloud\tomcat04\webapps\examples
八月 27, 2020 3:54:07 下午 org.apache.catalina.startup.HostConfig deployDirectory
信息: Deployment of web application directory D:\NLZ_HD\solrCloud\tomcat04\webapps\examples has finished in 313 ms
八月 27, 2020 3:54:07 下午 org.apache.catalina.startup.HostConfig deployDirectory
信息: Deploying web application directory D:\NLZ_HD\solrCloud\tomcat04\webapps\host-manager
八月 27, 2020 3:54:07 下午 org.apache.catalina.startup.HostConfig deployDirectory
信息: Deployment of web application directory D:\NLZ_HD\solrCloud\tomcat04\webapps\host-manager has finished in 38 ms
八月 27, 2020 3:54:07 下午 org.apache.catalina.startup.HostConfig deployDirectory
信息: Deploying web application directory D:\NLZ_HD\solrCloud\tomcat04\webapps\manager
八月 27, 2020 3:54:07 下午 org.apache.catalina.startup.HostConfig deployDirectory
信息: Deployment of web application directory D:\NLZ_HD\solrCloud\tomcat04\webapps\manager has finished in 37 ms
八月 27, 2020 3:54:07 下午 org.apache.catalina.startup.HostConfig deployDirectory
信息: Deploying web application directory D:\NLZ_HD\solrCloud\tomcat04\webapps\ROOT
八月 27, 2020 3:54:07 下午 org.apache.catalina.startup.HostConfig deployDirectory
信息: Deployment of web application directory D:\NLZ_HD\solrCloud\tomcat04\webapps\ROOT has finished in 25 ms
八月 27, 2020 3:54:07 下午 org.apache.catalina.startup.HostConfig deployDirectory
信息: Deploying web application directory D:\NLZ_HD\solrCloud\tomcat04\webapps\solr
八月 27, 2020 3:54:11 下午 org.apache.catalina.startup.TldConfig execute
信息: At least one JAR was scanned for TLDs yet contained no TLDs. Enable debug logging for this logger for a complete list of JARs that were scanned but no TLDs were found in them. Skipping unneeded JARs during scanning can improve startup time and JSP compilation time.
八月 27, 2020 3:54:51 下午 org.apache.catalina.startup.VersionLoggerListener log
信息: Server version:        Apache Tomcat/7.0.64
八月 27, 2020 3:54:51 下午 org.apache.catalina.startup.VersionLoggerListener log
信息: Server built:          Aug 19 2015 17:18:06 UTC
八月 27, 2020 3:54:51 下午 org.apache.catalina.startup.VersionLoggerListener log
信息: Server number:         7.0.64.0
八月 27, 2020 3:54:51 下午 org.apache.catalina.startup.VersionLoggerListener log
信息: OS Name:               Windows 10
八月 27, 2020 3:54:51 下午 org.apache.catalina.startup.VersionLoggerListener log
信息: OS Version:            10.0
八月 27, 2020 3:54:51 下午 org.apache.catalina.startup.VersionLoggerListener log
信息: Architecture:          amd64
八月 27, 2020 3:54:51 下午 org.apache.catalina.startup.VersionLoggerListener log
信息: Java Home:             C:\Program Files\Java\jdk1.8.0_251\jre
八月 27, 2020 3:54:51 下午 org.apache.catalina.startup.VersionLoggerListener log
信息: JVM Version:           1.8.0_251-b08
八月 27, 2020 3:54:51 下午 org.apache.catalina.startup.VersionLoggerListener log
信息: JVM Vendor:            Oracle Corporation
八月 27, 2020 3:54:51 下午 org.apache.catalina.startup.VersionLoggerListener log
信息: CATALINA_BASE:         D:\NLZ_HD\solrCloud\tomcat04
八月 27, 2020 3:54:51 下午 org.apache.catalina.startup.VersionLoggerListener log
信息: CATALINA_HOME:         D:\NLZ_HD\solrCloud\tomcat04
八月 27, 2020 3:54:51 下午 org.apache.catalina.startup.VersionLoggerListener log
信息: Command line argument: -Dsolr.solr.home=D:/NLZ_HD/solrCloud/solrhome04
八月 27, 2020 3:54:51 下午 org.apache.catalina.startup.VersionLoggerListener log
信息: Command line argument: -DzkHost=localhost:2181,localhost:2182,localhost:2183
八月 27, 2020 3:54:51 下午 org.apache.catalina.startup.VersionLoggerListener log
信息: Command line argument: -Djava.util.logging.config.file=D:\NLZ_HD\solrCloud\tomcat04\conf\logging.properties
八月 27, 2020 3:54:51 下午 org.apache.catalina.startup.VersionLoggerListener log
信息: Command line argument: -Djava.util.logging.manager=org.apache.juli.ClassLoaderLogManager
八月 27, 2020 3:54:51 下午 org.apache.catalina.startup.VersionLoggerListener log
信息: Command line argument: -Djava.endorsed.dirs=D:\NLZ_HD\solrCloud\tomcat04\endorsed
八月 27, 2020 3:54:51 下午 org.apache.catalina.startup.VersionLoggerListener log
信息: Command line argument: -Dcatalina.base=D:\NLZ_HD\solrCloud\tomcat04
八月 27, 2020 3:54:51 下午 org.apache.catalina.startup.VersionLoggerListener log
信息: Command line argument: -Dcatalina.home=D:\NLZ_HD\solrCloud\tomcat04
八月 27, 2020 3:54:51 下午 org.apache.catalina.startup.VersionLoggerListener log
信息: Command line argument: -Djava.io.tmpdir=D:\NLZ_HD\solrCloud\tomcat04\temp
八月 27, 2020 3:54:51 下午 org.apache.catalina.core.AprLifecycleListener lifecycleEvent
信息: Loaded APR based Apache Tomcat Native library 1.1.33 using APR version 1.5.1.
八月 27, 2020 3:54:51 下午 org.apache.catalina.core.AprLifecycleListener lifecycleEvent
信息: APR capabilities: IPv6 [true], sendfile [true], accept filters [false], random [true].
八月 27, 2020 3:54:52 下午 org.apache.catalina.core.AprLifecycleListener initializeSSL
信息: OpenSSL successfully initialized (OpenSSL 1.0.1m 19 Mar 2015)
八月 27, 2020 3:54:52 下午 org.apache.coyote.AbstractProtocol init
信息: Initializing ProtocolHandler ["http-apr-8480"]
八月 27, 2020 3:54:52 下午 org.apache.coyote.AbstractProtocol init
信息: Initializing ProtocolHandler ["ajp-apr-8409"]
八月 27, 2020 3:54:52 下午 org.apache.catalina.startup.Catalina load
信息: Initialization processed in 819 ms
八月 27, 2020 3:54:52 下午 org.apache.catalina.core.StandardService startInternal
信息: Starting service Catalina
八月 27, 2020 3:54:52 下午 org.apache.catalina.core.StandardEngine startInternal
信息: Starting Servlet Engine: Apache Tomcat/7.0.64
八月 27, 2020 3:54:52 下午 org.apache.catalina.startup.HostConfig deployDirectory
信息: Deploying web application directory D:\NLZ_HD\solrCloud\tomcat04\webapps\docs
八月 27, 2020 3:54:52 下午 org.apache.catalina.startup.HostConfig deployDirectory
信息: Deployment of web application directory D:\NLZ_HD\solrCloud\tomcat04\webapps\docs has finished in 184 ms
八月 27, 2020 3:54:52 下午 org.apache.catalina.startup.HostConfig deployDirectory
信息: Deploying web application directory D:\NLZ_HD\solrCloud\tomcat04\webapps\examples
八月 27, 2020 3:54:52 下午 org.apache.catalina.startup.HostConfig deployDirectory
信息: Deployment of web application directory D:\NLZ_HD\solrCloud\tomcat04\webapps\examples has finished in 165 ms
八月 27, 2020 3:54:52 下午 org.apache.catalina.startup.HostConfig deployDirectory
信息: Deploying web application directory D:\NLZ_HD\solrCloud\tomcat04\webapps\host-manager
八月 27, 2020 3:54:52 下午 org.apache.catalina.startup.HostConfig deployDirectory
信息: Deployment of web application directory D:\NLZ_HD\solrCloud\tomcat04\webapps\host-manager has finished in 33 ms
八月 27, 2020 3:54:52 下午 org.apache.catalina.startup.HostConfig deployDirectory
信息: Deploying web application directory D:\NLZ_HD\solrCloud\tomcat04\webapps\manager
八月 27, 2020 3:54:52 下午 org.apache.catalina.startup.HostConfig deployDirectory
信息: Deployment of web application directory D:\NLZ_HD\solrCloud\tomcat04\webapps\manager has finished in 31 ms
八月 27, 2020 3:54:52 下午 org.apache.catalina.startup.HostConfig deployDirectory
信息: Deploying web application directory D:\NLZ_HD\solrCloud\tomcat04\webapps\ROOT
八月 27, 2020 3:54:52 下午 org.apache.catalina.startup.HostConfig deployDirectory
信息: Deployment of web application directory D:\NLZ_HD\solrCloud\tomcat04\webapps\ROOT has finished in 25 ms
八月 27, 2020 3:54:52 下午 org.apache.catalina.startup.HostConfig deployDirectory
信息: Deploying web application directory D:\NLZ_HD\solrCloud\tomcat04\webapps\solr
八月 27, 2020 3:54:54 下午 org.apache.catalina.startup.TldConfig execute
信息: At least one JAR was scanned for TLDs yet contained no TLDs. Enable debug logging for this logger for a complete list of JARs that were scanned but no TLDs were found in them. Skipping unneeded JARs during scanning can improve startup time and JSP compilation time.
八月 27, 2020 3:54:56 下午 org.apache.catalina.startup.HostConfig deployDirectory
信息: Deployment of web application directory D:\NLZ_HD\solrCloud\tomcat04\webapps\solr has finished in 3,593 ms
八月 27, 2020 3:54:56 下午 org.apache.coyote.AbstractProtocol start
信息: Starting ProtocolHandler ["http-apr-8480"]
八月 27, 2020 3:54:56 下午 org.apache.coyote.AbstractProtocol start
信息: Starting ProtocolHandler ["ajp-apr-8409"]
八月 27, 2020 3:54:56 下午 org.apache.catalina.startup.Catalina start
信息: Server startup in 4061 ms
