八月 24, 2020 4:14:52 下午 org.apache.catalina.startup.VersionLoggerListener log
信息: Server version:        Apache Tomcat/7.0.64
八月 24, 2020 4:14:52 下午 org.apache.catalina.startup.VersionLoggerListener log
信息: Server built:          Aug 19 2015 17:18:06 UTC
八月 24, 2020 4:14:52 下午 org.apache.catalina.startup.VersionLoggerListener log
信息: Server number:         7.0.64.0
八月 24, 2020 4:14:52 下午 org.apache.catalina.startup.VersionLoggerListener log
信息: OS Name:               Windows 10
八月 24, 2020 4:14:52 下午 org.apache.catalina.startup.VersionLoggerListener log
信息: OS Version:            10.0
八月 24, 2020 4:14:52 下午 org.apache.catalina.startup.VersionLoggerListener log
信息: Architecture:          amd64
八月 24, 2020 4:14:52 下午 org.apache.catalina.startup.VersionLoggerListener log
信息: Java Home:             C:\Program Files\Java\jdk1.8.0_251\jre
八月 24, 2020 4:14:52 下午 org.apache.catalina.startup.VersionLoggerListener log
信息: JVM Version:           1.8.0_251-b08
八月 24, 2020 4:14:52 下午 org.apache.catalina.startup.VersionLoggerListener log
信息: JVM Vendor:            Oracle Corporation
八月 24, 2020 4:14:52 下午 org.apache.catalina.startup.VersionLoggerListener log
信息: CATALINA_BASE:         D:\NLZ_HD\solrServer\apache-tomcat-7.0.64
八月 24, 2020 4:14:52 下午 org.apache.catalina.startup.VersionLoggerListener log
信息: CATALINA_HOME:         D:\NLZ_HD\solrServer\apache-tomcat-7.0.64
八月 24, 2020 4:14:52 下午 org.apache.catalina.startup.VersionLoggerListener log
信息: Command line argument: -Djava.util.logging.config.file=D:\NLZ_HD\solrServer\apache-tomcat-7.0.64\conf\logging.properties
八月 24, 2020 4:14:52 下午 org.apache.catalina.startup.VersionLoggerListener log
信息: Command line argument: -Djava.util.logging.manager=org.apache.juli.ClassLoaderLogManager
八月 24, 2020 4:14:52 下午 org.apache.catalina.startup.VersionLoggerListener log
信息: Command line argument: -Djava.endorsed.dirs=D:\NLZ_HD\solrServer\apache-tomcat-7.0.64\endorsed
八月 24, 2020 4:14:52 下午 org.apache.catalina.startup.VersionLoggerListener log
信息: Command line argument: -Dcatalina.base=D:\NLZ_HD\solrServer\apache-tomcat-7.0.64
八月 24, 2020 4:14:52 下午 org.apache.catalina.startup.VersionLoggerListener log
信息: Command line argument: -Dcatalina.home=D:\NLZ_HD\solrServer\apache-tomcat-7.0.64
八月 24, 2020 4:14:52 下午 org.apache.catalina.startup.VersionLoggerListener log
信息: Command line argument: -Djava.io.tmpdir=D:\NLZ_HD\solrServer\apache-tomcat-7.0.64\temp
八月 24, 2020 4:14:52 下午 org.apache.catalina.core.AprLifecycleListener lifecycleEvent
信息: Loaded APR based Apache Tomcat Native library 1.1.33 using APR version 1.5.1.
八月 24, 2020 4:14:52 下午 org.apache.catalina.core.AprLifecycleListener lifecycleEvent
信息: APR capabilities: IPv6 [true], sendfile [true], accept filters [false], random [true].
八月 24, 2020 4:14:53 下午 org.apache.catalina.core.AprLifecycleListener initializeSSL
信息: OpenSSL successfully initialized (OpenSSL 1.0.1m 19 Mar 2015)
八月 24, 2020 4:14:53 下午 org.apache.coyote.AbstractProtocol init
信息: Initializing ProtocolHandler ["http-apr-8989"]
八月 24, 2020 4:14:53 下午 org.apache.coyote.AbstractProtocol init
信息: Initializing ProtocolHandler ["ajp-apr-8009"]
八月 24, 2020 4:14:53 下午 org.apache.catalina.startup.Catalina load
信息: Initialization processed in 831 ms
八月 24, 2020 4:14:53 下午 org.apache.catalina.core.StandardService startInternal
信息: Starting service Catalina
八月 24, 2020 4:14:53 下午 org.apache.catalina.core.StandardEngine startInternal
信息: Starting Servlet Engine: Apache Tomcat/7.0.64
八月 24, 2020 4:14:53 下午 org.apache.catalina.startup.HostConfig deployDirectory
信息: Deploying web application directory D:\NLZ_HD\solrServer\apache-tomcat-7.0.64\webapps\docs
八月 24, 2020 4:14:53 下午 org.apache.catalina.startup.HostConfig deployDirectory
信息: Deployment of web application directory D:\NLZ_HD\solrServer\apache-tomcat-7.0.64\webapps\docs has finished in 187 ms
八月 24, 2020 4:14:53 下午 org.apache.catalina.startup.HostConfig deployDirectory
信息: Deploying web application directory D:\NLZ_HD\solrServer\apache-tomcat-7.0.64\webapps\examples
八月 24, 2020 4:14:53 下午 org.apache.catalina.startup.HostConfig deployDirectory
信息: Deployment of web application directory D:\NLZ_HD\solrServer\apache-tomcat-7.0.64\webapps\examples has finished in 159 ms
八月 24, 2020 4:14:53 下午 org.apache.catalina.startup.HostConfig deployDirectory
信息: Deploying web application directory D:\NLZ_HD\solrServer\apache-tomcat-7.0.64\webapps\host-manager
八月 24, 2020 4:14:53 下午 org.apache.catalina.startup.HostConfig deployDirectory
信息: Deployment of web application directory D:\NLZ_HD\solrServer\apache-tomcat-7.0.64\webapps\host-manager has finished in 32 ms
八月 24, 2020 4:14:53 下午 org.apache.catalina.startup.HostConfig deployDirectory
信息: Deploying web application directory D:\NLZ_HD\solrServer\apache-tomcat-7.0.64\webapps\manager
八月 24, 2020 4:14:53 下午 org.apache.catalina.startup.HostConfig deployDirectory
信息: Deployment of web application directory D:\NLZ_HD\solrServer\apache-tomcat-7.0.64\webapps\manager has finished in 26 ms
八月 24, 2020 4:14:53 下午 org.apache.catalina.startup.HostConfig deployDirectory
信息: Deploying web application directory D:\NLZ_HD\solrServer\apache-tomcat-7.0.64\webapps\ROOT
八月 24, 2020 4:14:53 下午 org.apache.catalina.startup.HostConfig deployDirectory
信息: Deployment of web application directory D:\NLZ_HD\solrServer\apache-tomcat-7.0.64\webapps\ROOT has finished in 20 ms
八月 24, 2020 4:14:53 下午 org.apache.catalina.startup.HostConfig deployDirectory
信息: Deploying web application directory D:\NLZ_HD\solrServer\apache-tomcat-7.0.64\webapps\solr
八月 24, 2020 4:14:55 下午 org.apache.catalina.startup.TldConfig execute
信息: At least one JAR was scanned for TLDs yet contained no TLDs. Enable debug logging for this logger for a complete list of JARs that were scanned but no TLDs were found in them. Skipping unneeded JARs during scanning can improve startup time and JSP compilation time.
八月 24, 2020 4:14:56 下午 org.apache.catalina.startup.HostConfig deployDirectory
信息: Deployment of web application directory D:\NLZ_HD\solrServer\apache-tomcat-7.0.64\webapps\solr has finished in 2,271 ms
八月 24, 2020 4:14:56 下午 org.apache.coyote.AbstractProtocol start
信息: Starting ProtocolHandler ["http-apr-8989"]
八月 24, 2020 4:14:56 下午 org.apache.coyote.AbstractProtocol start
信息: Starting ProtocolHandler ["ajp-apr-8009"]
八月 24, 2020 4:14:56 下午 org.apache.catalina.startup.Catalina start
信息: Server startup in 2730 ms
八月 24, 2020 4:48:18 下午 org.apache.catalina.startup.VersionLoggerListener log
信息: Server version:        Apache Tomcat/7.0.64
八月 24, 2020 4:48:18 下午 org.apache.catalina.startup.VersionLoggerListener log
信息: Server built:          Aug 19 2015 17:18:06 UTC
八月 24, 2020 4:48:18 下午 org.apache.catalina.startup.VersionLoggerListener log
信息: Server number:         7.0.64.0
八月 24, 2020 4:48:18 下午 org.apache.catalina.startup.VersionLoggerListener log
信息: OS Name:               Windows 10
八月 24, 2020 4:48:18 下午 org.apache.catalina.startup.VersionLoggerListener log
信息: OS Version:            10.0
八月 24, 2020 4:48:18 下午 org.apache.catalina.startup.VersionLoggerListener log
信息: Architecture:          amd64
八月 24, 2020 4:48:18 下午 org.apache.catalina.startup.VersionLoggerListener log
信息: Java Home:             C:\Program Files\Java\jdk1.8.0_251\jre
八月 24, 2020 4:48:18 下午 org.apache.catalina.startup.VersionLoggerListener log
信息: JVM Version:           1.8.0_251-b08
八月 24, 2020 4:48:18 下午 org.apache.catalina.startup.VersionLoggerListener log
信息: JVM Vendor:            Oracle Corporation
八月 24, 2020 4:48:18 下午 org.apache.catalina.startup.VersionLoggerListener log
信息: CATALINA_BASE:         D:\NLZ_HD\solrCloud\tomcat04
八月 24, 2020 4:48:18 下午 org.apache.catalina.startup.VersionLoggerListener log
信息: CATALINA_HOME:         D:\NLZ_HD\solrCloud\tomcat04
八月 24, 2020 4:48:18 下午 org.apache.catalina.startup.VersionLoggerListener log
信息: Command line argument: -Dsolr.solr.home=D:\NLZ_HD\solrCloud\solrhome04
八月 24, 2020 4:48:18 下午 org.apache.catalina.startup.VersionLoggerListener log
信息: Command line argument: -DzkHost=localhost:2181,localhost:2182,localhost:2183
八月 24, 2020 4:48:18 下午 org.apache.catalina.startup.VersionLoggerListener log
信息: Command line argument: -Djava.util.logging.config.file=D:\NLZ_HD\solrCloud\tomcat04\conf\logging.properties
八月 24, 2020 4:48:18 下午 org.apache.catalina.startup.VersionLoggerListener log
信息: Command line argument: -Djava.util.logging.manager=org.apache.juli.ClassLoaderLogManager
八月 24, 2020 4:48:18 下午 org.apache.catalina.startup.VersionLoggerListener log
信息: Command line argument: -Djava.endorsed.dirs=D:\NLZ_HD\solrCloud\tomcat04\endorsed
八月 24, 2020 4:48:18 下午 org.apache.catalina.startup.VersionLoggerListener log
信息: Command line argument: -Dcatalina.base=D:\NLZ_HD\solrCloud\tomcat04
八月 24, 2020 4:48:18 下午 org.apache.catalina.startup.VersionLoggerListener log
信息: Command line argument: -Dcatalina.home=D:\NLZ_HD\solrCloud\tomcat04
八月 24, 2020 4:48:18 下午 org.apache.catalina.startup.VersionLoggerListener log
信息: Command line argument: -Djava.io.tmpdir=D:\NLZ_HD\solrCloud\tomcat04\temp
八月 24, 2020 4:48:18 下午 org.apache.catalina.core.AprLifecycleListener lifecycleEvent
信息: Loaded APR based Apache Tomcat Native library 1.1.33 using APR version 1.5.1.
八月 24, 2020 4:48:18 下午 org.apache.catalina.core.AprLifecycleListener lifecycleEvent
信息: APR capabilities: IPv6 [true], sendfile [true], accept filters [false], random [true].
八月 24, 2020 4:48:19 下午 org.apache.catalina.core.AprLifecycleListener initializeSSL
信息: OpenSSL successfully initialized (OpenSSL 1.0.1m 19 Mar 2015)
八月 24, 2020 4:48:19 下午 org.apache.coyote.AbstractProtocol init
信息: Initializing ProtocolHandler ["http-apr-8480"]
八月 24, 2020 4:48:19 下午 org.apache.coyote.AbstractProtocol init
信息: Initializing ProtocolHandler ["ajp-apr-8409"]
八月 24, 2020 4:48:19 下午 org.apache.catalina.startup.Catalina load
信息: Initialization processed in 787 ms
八月 24, 2020 4:48:19 下午 org.apache.catalina.core.StandardService startInternal
信息: Starting service Catalina
八月 24, 2020 4:48:19 下午 org.apache.catalina.core.StandardEngine startInternal
信息: Starting Servlet Engine: Apache Tomcat/7.0.64
八月 24, 2020 4:48:19 下午 org.apache.catalina.startup.HostConfig deployDirectory
信息: Deploying web application directory D:\NLZ_HD\solrCloud\tomcat04\webapps\docs
八月 24, 2020 4:48:19 下午 org.apache.catalina.startup.HostConfig deployDirectory
信息: Deployment of web application directory D:\NLZ_HD\solrCloud\tomcat04\webapps\docs has finished in 185 ms
八月 24, 2020 4:48:19 下午 org.apache.catalina.startup.HostConfig deployDirectory
信息: Deploying web application directory D:\NLZ_HD\solrCloud\tomcat04\webapps\examples
八月 24, 2020 4:48:19 下午 org.apache.catalina.startup.HostConfig deployDirectory
信息: Deployment of web application directory D:\NLZ_HD\solrCloud\tomcat04\webapps\examples has finished in 257 ms
八月 24, 2020 4:48:19 下午 org.apache.catalina.startup.HostConfig deployDirectory
信息: Deploying web application directory D:\NLZ_HD\solrCloud\tomcat04\webapps\host-manager
八月 24, 2020 4:48:19 下午 org.apache.catalina.startup.HostConfig deployDirectory
信息: Deployment of web application directory D:\NLZ_HD\solrCloud\tomcat04\webapps\host-manager has finished in 34 ms
八月 24, 2020 4:48:19 下午 org.apache.catalina.startup.HostConfig deployDirectory
信息: Deploying web application directory D:\NLZ_HD\solrCloud\tomcat04\webapps\manager
八月 24, 2020 4:48:19 下午 org.apache.catalina.startup.HostConfig deployDirectory
信息: Deployment of web application directory D:\NLZ_HD\solrCloud\tomcat04\webapps\manager has finished in 27 ms
八月 24, 2020 4:48:19 下午 org.apache.catalina.startup.HostConfig deployDirectory
信息: Deploying web application directory D:\NLZ_HD\solrCloud\tomcat04\webapps\ROOT
八月 24, 2020 4:48:19 下午 org.apache.catalina.startup.HostConfig deployDirectory
信息: Deployment of web application directory D:\NLZ_HD\solrCloud\tomcat04\webapps\ROOT has finished in 21 ms
八月 24, 2020 4:48:19 下午 org.apache.catalina.startup.HostConfig deployDirectory
信息: Deploying web application directory D:\NLZ_HD\solrCloud\tomcat04\webapps\solr
八月 24, 2020 4:48:21 下午 org.apache.catalina.startup.TldConfig execute
信息: At least one JAR was scanned for TLDs yet contained no TLDs. Enable debug logging for this logger for a complete list of JARs that were scanned but no TLDs were found in them. Skipping unneeded JARs during scanning can improve startup time and JSP compilation time.
八月 24, 2020 4:48:55 下午 org.apache.catalina.startup.HostConfig deployDirectory
信息: Deployment of web application directory D:\NLZ_HD\solrCloud\tomcat04\webapps\solr has finished in 35,294 ms
八月 24, 2020 4:48:55 下午 org.apache.coyote.AbstractProtocol start
信息: Starting ProtocolHandler ["http-apr-8480"]
八月 24, 2020 4:48:55 下午 org.apache.coyote.AbstractProtocol start
信息: Starting ProtocolHandler ["ajp-apr-8409"]
八月 24, 2020 4:48:55 下午 org.apache.catalina.startup.Catalina start
信息: Server startup in 35847 ms
八月 24, 2020 4:57:48 下午 org.apache.catalina.startup.VersionLoggerListener log
信息: Server version:        Apache Tomcat/7.0.64
八月 24, 2020 4:57:48 下午 org.apache.catalina.startup.VersionLoggerListener log
信息: Server built:          Aug 19 2015 17:18:06 UTC
八月 24, 2020 4:57:48 下午 org.apache.catalina.startup.VersionLoggerListener log
信息: Server number:         7.0.64.0
八月 24, 2020 4:57:48 下午 org.apache.catalina.startup.VersionLoggerListener log
信息: OS Name:               Windows 10
八月 24, 2020 4:57:48 下午 org.apache.catalina.startup.VersionLoggerListener log
信息: OS Version:            10.0
八月 24, 2020 4:57:48 下午 org.apache.catalina.startup.VersionLoggerListener log
信息: Architecture:          amd64
八月 24, 2020 4:57:48 下午 org.apache.catalina.startup.VersionLoggerListener log
信息: Java Home:             C:\Program Files\Java\jdk1.8.0_251\jre
八月 24, 2020 4:57:48 下午 org.apache.catalina.startup.VersionLoggerListener log
信息: JVM Version:           1.8.0_251-b08
八月 24, 2020 4:57:48 下午 org.apache.catalina.startup.VersionLoggerListener log
信息: JVM Vendor:            Oracle Corporation
八月 24, 2020 4:57:48 下午 org.apache.catalina.startup.VersionLoggerListener log
信息: CATALINA_BASE:         D:\NLZ_HD\solrCloud\tomcat04
八月 24, 2020 4:57:48 下午 org.apache.catalina.startup.VersionLoggerListener log
信息: CATALINA_HOME:         D:\NLZ_HD\solrCloud\tomcat04
八月 24, 2020 4:57:48 下午 org.apache.catalina.startup.VersionLoggerListener log
信息: Command line argument: -Dsolr.solr.home=D:/NLZ_HD/solrCloud/solrhome04
八月 24, 2020 4:57:48 下午 org.apache.catalina.startup.VersionLoggerListener log
信息: Command line argument: -DzkHost=localhost:2181,localhost:2182,localhost:2183
八月 24, 2020 4:57:48 下午 org.apache.catalina.startup.VersionLoggerListener log
信息: Command line argument: -Djava.util.logging.config.file=D:\NLZ_HD\solrCloud\tomcat04\conf\logging.properties
八月 24, 2020 4:57:48 下午 org.apache.catalina.startup.VersionLoggerListener log
信息: Command line argument: -Djava.util.logging.manager=org.apache.juli.ClassLoaderLogManager
八月 24, 2020 4:57:48 下午 org.apache.catalina.startup.VersionLoggerListener log
信息: Command line argument: -Djava.endorsed.dirs=D:\NLZ_HD\solrCloud\tomcat04\endorsed
八月 24, 2020 4:57:48 下午 org.apache.catalina.startup.VersionLoggerListener log
信息: Command line argument: -Dcatalina.base=D:\NLZ_HD\solrCloud\tomcat04
八月 24, 2020 4:57:48 下午 org.apache.catalina.startup.VersionLoggerListener log
信息: Command line argument: -Dcatalina.home=D:\NLZ_HD\solrCloud\tomcat04
八月 24, 2020 4:57:48 下午 org.apache.catalina.startup.VersionLoggerListener log
信息: Command line argument: -Djava.io.tmpdir=D:\NLZ_HD\solrCloud\tomcat04\temp
八月 24, 2020 4:57:48 下午 org.apache.catalina.core.AprLifecycleListener lifecycleEvent
信息: Loaded APR based Apache Tomcat Native library 1.1.33 using APR version 1.5.1.
八月 24, 2020 4:57:48 下午 org.apache.catalina.core.AprLifecycleListener lifecycleEvent
信息: APR capabilities: IPv6 [true], sendfile [true], accept filters [false], random [true].
八月 24, 2020 4:57:48 下午 org.apache.catalina.core.AprLifecycleListener initializeSSL
信息: OpenSSL successfully initialized (OpenSSL 1.0.1m 19 Mar 2015)
八月 24, 2020 4:57:48 下午 org.apache.coyote.AbstractProtocol init
信息: Initializing ProtocolHandler ["http-apr-8480"]
八月 24, 2020 4:57:48 下午 org.apache.coyote.AbstractProtocol init
信息: Initializing ProtocolHandler ["ajp-apr-8409"]
八月 24, 2020 4:57:48 下午 org.apache.catalina.startup.Catalina load
信息: Initialization processed in 783 ms
八月 24, 2020 4:57:48 下午 org.apache.catalina.core.StandardService startInternal
信息: Starting service Catalina
八月 24, 2020 4:57:48 下午 org.apache.catalina.core.StandardEngine startInternal
信息: Starting Servlet Engine: Apache Tomcat/7.0.64
八月 24, 2020 4:57:48 下午 org.apache.catalina.startup.HostConfig deployDirectory
信息: Deploying web application directory D:\NLZ_HD\solrCloud\tomcat04\webapps\docs
八月 24, 2020 4:57:49 下午 org.apache.catalina.startup.HostConfig deployDirectory
信息: Deployment of web application directory D:\NLZ_HD\solrCloud\tomcat04\webapps\docs has finished in 205 ms
八月 24, 2020 4:57:49 下午 org.apache.catalina.startup.HostConfig deployDirectory
信息: Deploying web application directory D:\NLZ_HD\solrCloud\tomcat04\webapps\examples
八月 24, 2020 4:57:49 下午 org.apache.catalina.startup.HostConfig deployDirectory
信息: Deployment of web application directory D:\NLZ_HD\solrCloud\tomcat04\webapps\examples has finished in 170 ms
八月 24, 2020 4:57:49 下午 org.apache.catalina.startup.HostConfig deployDirectory
信息: Deploying web application directory D:\NLZ_HD\solrCloud\tomcat04\webapps\host-manager
八月 24, 2020 4:57:49 下午 org.apache.catalina.startup.HostConfig deployDirectory
信息: Deployment of web application directory D:\NLZ_HD\solrCloud\tomcat04\webapps\host-manager has finished in 34 ms
八月 24, 2020 4:57:49 下午 org.apache.catalina.startup.HostConfig deployDirectory
信息: Deploying web application directory D:\NLZ_HD\solrCloud\tomcat04\webapps\manager
八月 24, 2020 4:57:49 下午 org.apache.catalina.startup.HostConfig deployDirectory
信息: Deployment of web application directory D:\NLZ_HD\solrCloud\tomcat04\webapps\manager has finished in 31 ms
八月 24, 2020 4:57:49 下午 org.apache.catalina.startup.HostConfig deployDirectory
信息: Deploying web application directory D:\NLZ_HD\solrCloud\tomcat04\webapps\ROOT
八月 24, 2020 4:57:49 下午 org.apache.catalina.startup.HostConfig deployDirectory
信息: Deployment of web application directory D:\NLZ_HD\solrCloud\tomcat04\webapps\ROOT has finished in 23 ms
八月 24, 2020 4:57:49 下午 org.apache.catalina.startup.HostConfig deployDirectory
信息: Deploying web application directory D:\NLZ_HD\solrCloud\tomcat04\webapps\solr
八月 24, 2020 4:57:50 下午 org.apache.catalina.startup.TldConfig execute
信息: At least one JAR was scanned for TLDs yet contained no TLDs. Enable debug logging for this logger for a complete list of JARs that were scanned but no TLDs were found in them. Skipping unneeded JARs during scanning can improve startup time and JSP compilation time.
八月 24, 2020 4:58:24 下午 org.apache.catalina.startup.HostConfig deployDirectory
信息: Deployment of web application directory D:\NLZ_HD\solrCloud\tomcat04\webapps\solr has finished in 35,102 ms
八月 24, 2020 5:07:26 下午 org.apache.catalina.startup.VersionLoggerListener log
信息: Server version:        Apache Tomcat/7.0.64
八月 24, 2020 5:07:26 下午 org.apache.catalina.startup.VersionLoggerListener log
信息: Server built:          Aug 19 2015 17:18:06 UTC
八月 24, 2020 5:07:26 下午 org.apache.catalina.startup.VersionLoggerListener log
信息: Server number:         7.0.64.0
八月 24, 2020 5:07:26 下午 org.apache.catalina.startup.VersionLoggerListener log
信息: OS Name:               Windows 10
八月 24, 2020 5:07:26 下午 org.apache.catalina.startup.VersionLoggerListener log
信息: OS Version:            10.0
八月 24, 2020 5:07:26 下午 org.apache.catalina.startup.VersionLoggerListener log
信息: Architecture:          amd64
八月 24, 2020 5:07:26 下午 org.apache.catalina.startup.VersionLoggerListener log
信息: Java Home:             C:\Program Files\Java\jdk1.8.0_251\jre
八月 24, 2020 5:07:26 下午 org.apache.catalina.startup.VersionLoggerListener log
信息: JVM Version:           1.8.0_251-b08
八月 24, 2020 5:07:26 下午 org.apache.catalina.startup.VersionLoggerListener log
信息: JVM Vendor:            Oracle Corporation
八月 24, 2020 5:07:26 下午 org.apache.catalina.startup.VersionLoggerListener log
信息: CATALINA_BASE:         D:\NLZ_HD\solrCloud\tomcat04
八月 24, 2020 5:07:26 下午 org.apache.catalina.startup.VersionLoggerListener log
信息: CATALINA_HOME:         D:\NLZ_HD\solrCloud\tomcat04
八月 24, 2020 5:07:26 下午 org.apache.catalina.startup.VersionLoggerListener log
信息: Command line argument: -Dsolr.solr.home=D:/NLZ_HD/solrCloud/solrhome04
八月 24, 2020 5:07:26 下午 org.apache.catalina.startup.VersionLoggerListener log
信息: Command line argument: -DzkHost=localhost:2181,localhost:2182,localhost:2183
八月 24, 2020 5:07:26 下午 org.apache.catalina.startup.VersionLoggerListener log
信息: Command line argument: -Djava.util.logging.config.file=D:\NLZ_HD\solrCloud\tomcat04\conf\logging.properties
八月 24, 2020 5:07:26 下午 org.apache.catalina.startup.VersionLoggerListener log
信息: Command line argument: -Djava.util.logging.manager=org.apache.juli.ClassLoaderLogManager
八月 24, 2020 5:07:26 下午 org.apache.catalina.startup.VersionLoggerListener log
信息: Command line argument: -Djava.endorsed.dirs=D:\NLZ_HD\solrCloud\tomcat04\endorsed
八月 24, 2020 5:07:26 下午 org.apache.catalina.startup.VersionLoggerListener log
信息: Command line argument: -Dcatalina.base=D:\NLZ_HD\solrCloud\tomcat04
八月 24, 2020 5:07:26 下午 org.apache.catalina.startup.VersionLoggerListener log
信息: Command line argument: -Dcatalina.home=D:\NLZ_HD\solrCloud\tomcat04
八月 24, 2020 5:07:26 下午 org.apache.catalina.startup.VersionLoggerListener log
信息: Command line argument: -Djava.io.tmpdir=D:\NLZ_HD\solrCloud\tomcat04\temp
八月 24, 2020 5:07:26 下午 org.apache.catalina.core.AprLifecycleListener lifecycleEvent
信息: Loaded APR based Apache Tomcat Native library 1.1.33 using APR version 1.5.1.
八月 24, 2020 5:07:26 下午 org.apache.catalina.core.AprLifecycleListener lifecycleEvent
信息: APR capabilities: IPv6 [true], sendfile [true], accept filters [false], random [true].
八月 24, 2020 5:07:26 下午 org.apache.catalina.core.AprLifecycleListener initializeSSL
信息: OpenSSL successfully initialized (OpenSSL 1.0.1m 19 Mar 2015)
八月 24, 2020 5:07:26 下午 org.apache.coyote.AbstractProtocol init
信息: Initializing ProtocolHandler ["http-apr-8480"]
八月 24, 2020 5:07:26 下午 org.apache.coyote.AbstractProtocol init
信息: Initializing ProtocolHandler ["ajp-apr-8409"]
八月 24, 2020 5:07:26 下午 org.apache.catalina.startup.Catalina load
信息: Initialization processed in 782 ms
八月 24, 2020 5:07:27 下午 org.apache.catalina.core.StandardService startInternal
信息: Starting service Catalina
八月 24, 2020 5:07:27 下午 org.apache.catalina.core.StandardEngine startInternal
信息: Starting Servlet Engine: Apache Tomcat/7.0.64
八月 24, 2020 5:07:27 下午 org.apache.catalina.startup.HostConfig deployDirectory
信息: Deploying web application directory D:\NLZ_HD\solrCloud\tomcat04\webapps\docs
八月 24, 2020 5:07:27 下午 org.apache.catalina.startup.HostConfig deployDirectory
信息: Deployment of web application directory D:\NLZ_HD\solrCloud\tomcat04\webapps\docs has finished in 190 ms
八月 24, 2020 5:07:27 下午 org.apache.catalina.startup.HostConfig deployDirectory
信息: Deploying web application directory D:\NLZ_HD\solrCloud\tomcat04\webapps\examples
八月 24, 2020 5:07:27 下午 org.apache.catalina.startup.HostConfig deployDirectory
信息: Deployment of web application directory D:\NLZ_HD\solrCloud\tomcat04\webapps\examples has finished in 166 ms
八月 24, 2020 5:07:27 下午 org.apache.catalina.startup.HostConfig deployDirectory
信息: Deploying web application directory D:\NLZ_HD\solrCloud\tomcat04\webapps\host-manager
八月 24, 2020 5:07:27 下午 org.apache.catalina.startup.HostConfig deployDirectory
信息: Deployment of web application directory D:\NLZ_HD\solrCloud\tomcat04\webapps\host-manager has finished in 35 ms
八月 24, 2020 5:07:27 下午 org.apache.catalina.startup.HostConfig deployDirectory
信息: Deploying web application directory D:\NLZ_HD\solrCloud\tomcat04\webapps\manager
八月 24, 2020 5:07:27 下午 org.apache.catalina.startup.HostConfig deployDirectory
信息: Deployment of web application directory D:\NLZ_HD\solrCloud\tomcat04\webapps\manager has finished in 29 ms
八月 24, 2020 5:07:27 下午 org.apache.catalina.startup.HostConfig deployDirectory
信息: Deploying web application directory D:\NLZ_HD\solrCloud\tomcat04\webapps\ROOT
八月 24, 2020 5:07:27 下午 org.apache.catalina.startup.HostConfig deployDirectory
信息: Deployment of web application directory D:\NLZ_HD\solrCloud\tomcat04\webapps\ROOT has finished in 22 ms
八月 24, 2020 5:07:27 下午 org.apache.catalina.startup.HostConfig deployDirectory
信息: Deploying web application directory D:\NLZ_HD\solrCloud\tomcat04\webapps\solr
八月 24, 2020 5:07:28 下午 org.apache.catalina.startup.TldConfig execute
信息: At least one JAR was scanned for TLDs yet contained no TLDs. Enable debug logging for this logger for a complete list of JARs that were scanned but no TLDs were found in them. Skipping unneeded JARs during scanning can improve startup time and JSP compilation time.
八月 24, 2020 5:13:36 下午 org.apache.catalina.startup.VersionLoggerListener log
信息: Server version:        Apache Tomcat/7.0.64
八月 24, 2020 5:13:36 下午 org.apache.catalina.startup.VersionLoggerListener log
信息: Server built:          Aug 19 2015 17:18:06 UTC
八月 24, 2020 5:13:36 下午 org.apache.catalina.startup.VersionLoggerListener log
信息: Server number:         7.0.64.0
八月 24, 2020 5:13:36 下午 org.apache.catalina.startup.VersionLoggerListener log
信息: OS Name:               Windows 10
八月 24, 2020 5:13:36 下午 org.apache.catalina.startup.VersionLoggerListener log
信息: OS Version:            10.0
八月 24, 2020 5:13:36 下午 org.apache.catalina.startup.VersionLoggerListener log
信息: Architecture:          amd64
八月 24, 2020 5:13:36 下午 org.apache.catalina.startup.VersionLoggerListener log
信息: Java Home:             C:\Program Files\Java\jdk1.8.0_251\jre
八月 24, 2020 5:13:36 下午 org.apache.catalina.startup.VersionLoggerListener log
信息: JVM Version:           1.8.0_251-b08
八月 24, 2020 5:13:36 下午 org.apache.catalina.startup.VersionLoggerListener log
信息: JVM Vendor:            Oracle Corporation
八月 24, 2020 5:13:36 下午 org.apache.catalina.startup.VersionLoggerListener log
信息: CATALINA_BASE:         D:\NLZ_HD\solrCloud\tomcat04
八月 24, 2020 5:13:36 下午 org.apache.catalina.startup.VersionLoggerListener log
信息: CATALINA_HOME:         D:\NLZ_HD\solrCloud\tomcat04
八月 24, 2020 5:13:36 下午 org.apache.catalina.startup.VersionLoggerListener log
信息: Command line argument: -Dsolr.solr.home=D:/NLZ_HD/solrCloud/solrhome04
八月 24, 2020 5:13:36 下午 org.apache.catalina.startup.VersionLoggerListener log
信息: Command line argument: -DzkHost=localhost:2181,localhost:2182,localhost:2183
八月 24, 2020 5:13:36 下午 org.apache.catalina.startup.VersionLoggerListener log
信息: Command line argument: -Djava.util.logging.config.file=D:\NLZ_HD\solrCloud\tomcat04\conf\logging.properties
八月 24, 2020 5:13:36 下午 org.apache.catalina.startup.VersionLoggerListener log
信息: Command line argument: -Djava.util.logging.manager=org.apache.juli.ClassLoaderLogManager
八月 24, 2020 5:13:36 下午 org.apache.catalina.startup.VersionLoggerListener log
信息: Command line argument: -Djava.endorsed.dirs=D:\NLZ_HD\solrCloud\tomcat04\endorsed
八月 24, 2020 5:13:36 下午 org.apache.catalina.startup.VersionLoggerListener log
信息: Command line argument: -Dcatalina.base=D:\NLZ_HD\solrCloud\tomcat04
八月 24, 2020 5:13:36 下午 org.apache.catalina.startup.VersionLoggerListener log
信息: Command line argument: -Dcatalina.home=D:\NLZ_HD\solrCloud\tomcat04
八月 24, 2020 5:13:36 下午 org.apache.catalina.startup.VersionLoggerListener log
信息: Command line argument: -Djava.io.tmpdir=D:\NLZ_HD\solrCloud\tomcat04\temp
八月 24, 2020 5:13:36 下午 org.apache.catalina.core.AprLifecycleListener lifecycleEvent
信息: Loaded APR based Apache Tomcat Native library 1.1.33 using APR version 1.5.1.
八月 24, 2020 5:13:36 下午 org.apache.catalina.core.AprLifecycleListener lifecycleEvent
信息: APR capabilities: IPv6 [true], sendfile [true], accept filters [false], random [true].
八月 24, 2020 5:13:37 下午 org.apache.catalina.core.AprLifecycleListener initializeSSL
信息: OpenSSL successfully initialized (OpenSSL 1.0.1m 19 Mar 2015)
八月 24, 2020 5:13:37 下午 org.apache.coyote.AbstractProtocol init
信息: Initializing ProtocolHandler ["http-apr-8480"]
八月 24, 2020 5:13:37 下午 org.apache.coyote.AbstractProtocol init
信息: Initializing ProtocolHandler ["ajp-apr-8409"]
八月 24, 2020 5:13:37 下午 org.apache.catalina.startup.Catalina load
信息: Initialization processed in 882 ms
八月 24, 2020 5:13:37 下午 org.apache.catalina.core.StandardService startInternal
信息: Starting service Catalina
八月 24, 2020 5:13:37 下午 org.apache.catalina.core.StandardEngine startInternal
信息: Starting Servlet Engine: Apache Tomcat/7.0.64
八月 24, 2020 5:13:37 下午 org.apache.catalina.startup.HostConfig deployDirectory
信息: Deploying web application directory D:\NLZ_HD\solrCloud\tomcat04\webapps\docs
八月 24, 2020 5:13:37 下午 org.apache.catalina.startup.HostConfig deployDirectory
信息: Deployment of web application directory D:\NLZ_HD\solrCloud\tomcat04\webapps\docs has finished in 203 ms
八月 24, 2020 5:13:37 下午 org.apache.catalina.startup.HostConfig deployDirectory
信息: Deploying web application directory D:\NLZ_HD\solrCloud\tomcat04\webapps\examples
八月 24, 2020 5:13:38 下午 org.apache.catalina.startup.HostConfig deployDirectory
信息: Deployment of web application directory D:\NLZ_HD\solrCloud\tomcat04\webapps\examples has finished in 296 ms
八月 24, 2020 5:13:38 下午 org.apache.catalina.startup.HostConfig deployDirectory
信息: Deploying web application directory D:\NLZ_HD\solrCloud\tomcat04\webapps\host-manager
八月 24, 2020 5:13:38 下午 org.apache.catalina.startup.HostConfig deployDirectory
信息: Deployment of web application directory D:\NLZ_HD\solrCloud\tomcat04\webapps\host-manager has finished in 39 ms
八月 24, 2020 5:13:38 下午 org.apache.catalina.startup.HostConfig deployDirectory
信息: Deploying web application directory D:\NLZ_HD\solrCloud\tomcat04\webapps\manager
八月 24, 2020 5:13:38 下午 org.apache.catalina.startup.HostConfig deployDirectory
信息: Deployment of web application directory D:\NLZ_HD\solrCloud\tomcat04\webapps\manager has finished in 30 ms
八月 24, 2020 5:13:38 下午 org.apache.catalina.startup.HostConfig deployDirectory
信息: Deploying web application directory D:\NLZ_HD\solrCloud\tomcat04\webapps\ROOT
八月 24, 2020 5:13:38 下午 org.apache.catalina.startup.HostConfig deployDirectory
信息: Deployment of web application directory D:\NLZ_HD\solrCloud\tomcat04\webapps\ROOT has finished in 23 ms
八月 24, 2020 5:13:38 下午 org.apache.catalina.startup.HostConfig deployDirectory
信息: Deploying web application directory D:\NLZ_HD\solrCloud\tomcat04\webapps\solr
八月 24, 2020 5:13:40 下午 org.apache.catalina.startup.TldConfig execute
信息: At least one JAR was scanned for TLDs yet contained no TLDs. Enable debug logging for this logger for a complete list of JARs that were scanned but no TLDs were found in them. Skipping unneeded JARs during scanning can improve startup time and JSP compilation time.
八月 24, 2020 5:13:41 下午 org.apache.catalina.startup.HostConfig deployDirectory
信息: Deployment of web application directory D:\NLZ_HD\solrCloud\tomcat04\webapps\solr has finished in 3,560 ms
八月 24, 2020 5:13:41 下午 org.apache.coyote.AbstractProtocol start
信息: Starting ProtocolHandler ["http-apr-8480"]
八月 24, 2020 5:13:41 下午 org.apache.coyote.AbstractProtocol start
信息: Starting ProtocolHandler ["ajp-apr-8409"]
八月 24, 2020 5:13:41 下午 org.apache.catalina.startup.Catalina start
信息: Server startup in 4184 ms
