八月 27, 2020 8:55:46 上午 org.apache.catalina.core.ApplicationContext log
信息: ContextListener: contextInitialized()
八月 27, 2020 8:55:46 上午 org.apache.catalina.core.ApplicationContext log
信息: SessionListener: contextInitialized()
八月 27, 2020 8:55:46 上午 org.apache.catalina.core.ApplicationContext log
信息: ContextListener: attributeAdded('org.apache.jasper.compiler.TldLocationsCache', 'org.apache.jasper.compiler.TldLocationsCache@4fbeedb9')
八月 27, 2020 9:06:11 上午 org.apache.catalina.core.ApplicationContext log
信息: ContextListener: contextInitialized()
八月 27, 2020 9:06:11 上午 org.apache.catalina.core.ApplicationContext log
信息: SessionListener: contextInitialized()
八月 27, 2020 9:06:11 上午 org.apache.catalina.core.ApplicationContext log
信息: ContextListener: attributeAdded('org.apache.jasper.compiler.TldLocationsCache', 'org.apache.jasper.compiler.TldLocationsCache@790a4961')
八月 27, 2020 9:11:02 上午 org.apache.catalina.core.ApplicationContext log
信息: ContextListener: contextInitialized()
八月 27, 2020 9:11:02 上午 org.apache.catalina.core.ApplicationContext log
信息: SessionListener: contextInitialized()
八月 27, 2020 9:11:02 上午 org.apache.catalina.core.ApplicationContext log
信息: ContextListener: attributeAdded('org.apache.jasper.compiler.TldLocationsCache', 'org.apache.jasper.compiler.TldLocationsCache@790a4961')
八月 27, 2020 10:09:25 上午 org.apache.catalina.core.ApplicationContext log
信息: ContextListener: contextInitialized()
八月 27, 2020 10:09:25 上午 org.apache.catalina.core.ApplicationContext log
信息: SessionListener: contextInitialized()
八月 27, 2020 10:09:25 上午 org.apache.catalina.core.ApplicationContext log
信息: ContextListener: attributeAdded('org.apache.jasper.compiler.TldLocationsCache', 'org.apache.jasper.compiler.TldLocationsCache@4fbeedb9')
八月 27, 2020 10:55:29 上午 org.apache.catalina.core.ApplicationContext log
信息: ContextListener: contextInitialized()
八月 27, 2020 10:55:29 上午 org.apache.catalina.core.ApplicationContext log
信息: SessionListener: contextInitialized()
八月 27, 2020 10:55:29 上午 org.apache.catalina.core.ApplicationContext log
信息: ContextListener: attributeAdded('org.apache.jasper.compiler.TldLocationsCache', 'org.apache.jasper.compiler.TldLocationsCache@7bf3b44d')
八月 27, 2020 11:19:00 上午 org.apache.catalina.core.ApplicationContext log
信息: ContextListener: contextInitialized()
八月 27, 2020 11:19:00 上午 org.apache.catalina.core.ApplicationContext log
信息: SessionListener: contextInitialized()
八月 27, 2020 11:19:00 上午 org.apache.catalina.core.ApplicationContext log
信息: ContextListener: attributeAdded('org.apache.jasper.compiler.TldLocationsCache', 'org.apache.jasper.compiler.TldLocationsCache@7bf3b44d')
八月 27, 2020 2:34:32 下午 org.apache.catalina.core.ApplicationContext log
信息: ContextListener: contextInitialized()
八月 27, 2020 2:34:32 下午 org.apache.catalina.core.ApplicationContext log
信息: SessionListener: contextInitialized()
八月 27, 2020 2:34:32 下午 org.apache.catalina.core.ApplicationContext log
信息: ContextListener: attributeAdded('org.apache.jasper.compiler.TldLocationsCache', 'org.apache.jasper.compiler.TldLocationsCache@7bf3b44d')
八月 27, 2020 3:54:07 下午 org.apache.catalina.core.ApplicationContext log
信息: ContextListener: contextInitialized()
八月 27, 2020 3:54:07 下午 org.apache.catalina.core.ApplicationContext log
信息: SessionListener: contextInitialized()
八月 27, 2020 3:54:07 下午 org.apache.catalina.core.ApplicationContext log
信息: ContextListener: attributeAdded('org.apache.jasper.compiler.TldLocationsCache', 'org.apache.jasper.compiler.TldLocationsCache@4fbeedb9')
八月 27, 2020 3:54:52 下午 org.apache.catalina.core.ApplicationContext log
信息: ContextListener: contextInitialized()
八月 27, 2020 3:54:52 下午 org.apache.catalina.core.ApplicationContext log
信息: SessionListener: contextInitialized()
八月 27, 2020 3:54:52 下午 org.apache.catalina.core.ApplicationContext log
信息: ContextListener: attributeAdded('org.apache.jasper.compiler.TldLocationsCache', 'org.apache.jasper.compiler.TldLocationsCache@7bf3b44d')
