八月 25, 2020 10:52:30 上午 org.apache.catalina.core.ApplicationContext log
信息: ContextListener: contextInitialized()
八月 25, 2020 10:52:30 上午 org.apache.catalina.core.ApplicationContext log
信息: SessionListener: contextInitialized()
八月 25, 2020 10:52:30 上午 org.apache.catalina.core.ApplicationContext log
信息: ContextListener: attributeAdded('org.apache.jasper.compiler.TldLocationsCache', 'org.apache.jasper.compiler.TldLocationsCache@790a4961')
八月 25, 2020 10:53:30 上午 org.apache.catalina.core.ApplicationContext log
信息: ContextListener: contextInitialized()
八月 25, 2020 10:53:30 上午 org.apache.catalina.core.ApplicationContext log
信息: SessionListener: contextInitialized()
八月 25, 2020 10:53:30 上午 org.apache.catalina.core.ApplicationContext log
信息: ContextListener: attributeAdded('org.apache.jasper.compiler.TldLocationsCache', 'org.apache.jasper.compiler.TldLocationsCache@790a4961')
八月 25, 2020 12:43:27 下午 org.apache.catalina.core.ApplicationContext log
信息: ContextListener: contextInitialized()
八月 25, 2020 12:43:27 下午 org.apache.catalina.core.ApplicationContext log
信息: SessionListener: contextInitialized()
八月 25, 2020 12:43:27 下午 org.apache.catalina.core.ApplicationContext log
信息: ContextListener: attributeAdded('org.apache.jasper.compiler.TldLocationsCache', 'org.apache.jasper.compiler.TldLocationsCache@790a4961')
八月 25, 2020 12:44:44 下午 org.apache.catalina.core.ApplicationContext log
信息: ContextListener: contextInitialized()
八月 25, 2020 12:44:44 下午 org.apache.catalina.core.ApplicationContext log
信息: SessionListener: contextInitialized()
八月 25, 2020 12:44:44 下午 org.apache.catalina.core.ApplicationContext log
信息: ContextListener: attributeAdded('org.apache.jasper.compiler.TldLocationsCache', 'org.apache.jasper.compiler.TldLocationsCache@790a4961')
八月 25, 2020 12:52:55 下午 org.apache.catalina.core.ApplicationContext log
信息: ContextListener: contextInitialized()
八月 25, 2020 12:52:55 下午 org.apache.catalina.core.ApplicationContext log
信息: SessionListener: contextInitialized()
八月 25, 2020 12:52:55 下午 org.apache.catalina.core.ApplicationContext log
信息: ContextListener: attributeAdded('org.apache.jasper.compiler.TldLocationsCache', 'org.apache.jasper.compiler.TldLocationsCache@790a4961')
八月 25, 2020 1:02:36 下午 org.apache.catalina.core.ApplicationContext log
信息: ContextListener: contextInitialized()
八月 25, 2020 1:02:36 下午 org.apache.catalina.core.ApplicationContext log
信息: SessionListener: contextInitialized()
八月 25, 2020 1:02:36 下午 org.apache.catalina.core.ApplicationContext log
信息: ContextListener: attributeAdded('org.apache.jasper.compiler.TldLocationsCache', 'org.apache.jasper.compiler.TldLocationsCache@7bf3b44d')
八月 25, 2020 1:03:56 下午 org.apache.catalina.core.ApplicationContext log
信息: ContextListener: contextInitialized()
八月 25, 2020 1:03:56 下午 org.apache.catalina.core.ApplicationContext log
信息: SessionListener: contextInitialized()
八月 25, 2020 1:03:56 下午 org.apache.catalina.core.ApplicationContext log
信息: ContextListener: attributeAdded('org.apache.jasper.compiler.TldLocationsCache', 'org.apache.jasper.compiler.TldLocationsCache@7bf3b44d')
八月 25, 2020 1:05:33 下午 org.apache.catalina.core.ApplicationContext log
信息: ContextListener: contextInitialized()
八月 25, 2020 1:05:33 下午 org.apache.catalina.core.ApplicationContext log
信息: SessionListener: contextInitialized()
八月 25, 2020 1:05:33 下午 org.apache.catalina.core.ApplicationContext log
信息: ContextListener: attributeAdded('org.apache.jasper.compiler.TldLocationsCache', 'org.apache.jasper.compiler.TldLocationsCache@790a4961')
八月 25, 2020 1:14:20 下午 org.apache.catalina.core.ApplicationContext log
信息: ContextListener: contextInitialized()
八月 25, 2020 1:14:20 下午 org.apache.catalina.core.ApplicationContext log
信息: SessionListener: contextInitialized()
八月 25, 2020 1:14:20 下午 org.apache.catalina.core.ApplicationContext log
信息: ContextListener: attributeAdded('org.apache.jasper.compiler.TldLocationsCache', 'org.apache.jasper.compiler.TldLocationsCache@4fbeedb9')
八月 25, 2020 1:30:22 下午 org.apache.catalina.core.ApplicationContext log
信息: ContextListener: contextInitialized()
八月 25, 2020 1:30:22 下午 org.apache.catalina.core.ApplicationContext log
信息: SessionListener: contextInitialized()
八月 25, 2020 1:30:22 下午 org.apache.catalina.core.ApplicationContext log
信息: ContextListener: attributeAdded('org.apache.jasper.compiler.TldLocationsCache', 'org.apache.jasper.compiler.TldLocationsCache@1b2347d0')
八月 25, 2020 3:18:00 下午 org.apache.catalina.core.ApplicationContext log
信息: ContextListener: contextInitialized()
八月 25, 2020 3:18:00 下午 org.apache.catalina.core.ApplicationContext log
信息: SessionListener: contextInitialized()
八月 25, 2020 3:18:00 下午 org.apache.catalina.core.ApplicationContext log
信息: ContextListener: attributeAdded('org.apache.jasper.compiler.TldLocationsCache', 'org.apache.jasper.compiler.TldLocationsCache@790a4961')
八月 25, 2020 3:44:57 下午 org.apache.catalina.core.StandardWrapperValve invoke
严重: Servlet.service() for servlet [default] in context with path [/solr] threw exception [Filter execution threw an exception] with root cause
java.lang.ClassNotFoundException: org.apache.solr.servlet.ResponseUtils
	at org.apache.catalina.loader.WebappClassLoader.loadClass(WebappClassLoader.java:1858)
	at org.apache.catalina.loader.WebappClassLoader.loadClass(WebappClassLoader.java:1709)
	at org.apache.solr.servlet.HttpSolrCall.sendError(HttpSolrCall.java:645)
	at org.apache.solr.servlet.HttpSolrCall.call(HttpSolrCall.java:477)
	at org.apache.solr.servlet.SolrDispatchFilter.doFilter(SolrDispatchFilter.java:214)
	at org.apache.solr.servlet.SolrDispatchFilter.doFilter(SolrDispatchFilter.java:179)
	at org.apache.catalina.core.ApplicationFilterChain.internalDoFilter(ApplicationFilterChain.java:241)
	at org.apache.catalina.core.ApplicationFilterChain.doFilter(ApplicationFilterChain.java:208)
	at org.apache.catalina.core.StandardWrapperValve.invoke(StandardWrapperValve.java:220)
	at org.apache.catalina.core.StandardContextValve.invoke(StandardContextValve.java:122)
	at org.apache.catalina.core.StandardHostValve.invoke(StandardHostValve.java:170)
	at org.apache.catalina.valves.ErrorReportValve.invoke(ErrorReportValve.java:103)
	at org.apache.catalina.valves.AccessLogValve.invoke(AccessLogValve.java:956)
	at org.apache.catalina.core.StandardEngineValve.invoke(StandardEngineValve.java:116)
	at org.apache.catalina.connector.CoyoteAdapter.service(CoyoteAdapter.java:423)
	at org.apache.coyote.http11.AbstractHttp11Processor.process(AbstractHttp11Processor.java:1079)
	at org.apache.coyote.AbstractProtocol$AbstractConnectionHandler.process(AbstractProtocol.java:625)
	at org.apache.tomcat.util.net.AprEndpoint$SocketProcessor.doRun(AprEndpoint.java:2522)
	at org.apache.tomcat.util.net.AprEndpoint$SocketProcessor.run(AprEndpoint.java:2511)
	at java.util.concurrent.ThreadPoolExecutor.runWorker(ThreadPoolExecutor.java:1149)
	at java.util.concurrent.ThreadPoolExecutor$Worker.run(ThreadPoolExecutor.java:624)
	at org.apache.tomcat.util.threads.TaskThread$WrappingRunnable.run(TaskThread.java:61)
	at java.lang.Thread.run(Thread.java:748)

八月 25, 2020 3:45:01 下午 org.apache.catalina.core.StandardWrapperValve invoke
严重: Servlet.service() for servlet [default] in context with path [/solr] threw exception [Filter execution threw an exception] with root cause
java.lang.NoClassDefFoundError: org/apache/solr/servlet/ResponseUtils
	at org.apache.solr.servlet.HttpSolrCall.sendError(HttpSolrCall.java:645)
	at org.apache.solr.servlet.HttpSolrCall.call(HttpSolrCall.java:477)
	at org.apache.solr.servlet.SolrDispatchFilter.doFilter(SolrDispatchFilter.java:214)
	at org.apache.solr.servlet.SolrDispatchFilter.doFilter(SolrDispatchFilter.java:179)
	at org.apache.catalina.core.ApplicationFilterChain.internalDoFilter(ApplicationFilterChain.java:241)
	at org.apache.catalina.core.ApplicationFilterChain.doFilter(ApplicationFilterChain.java:208)
	at org.apache.catalina.core.StandardWrapperValve.invoke(StandardWrapperValve.java:220)
	at org.apache.catalina.core.StandardContextValve.invoke(StandardContextValve.java:122)
	at org.apache.catalina.core.StandardHostValve.invoke(StandardHostValve.java:170)
	at org.apache.catalina.valves.ErrorReportValve.invoke(ErrorReportValve.java:103)
	at org.apache.catalina.valves.AccessLogValve.invoke(AccessLogValve.java:956)
	at org.apache.catalina.core.StandardEngineValve.invoke(StandardEngineValve.java:116)
	at org.apache.catalina.connector.CoyoteAdapter.service(CoyoteAdapter.java:423)
	at org.apache.coyote.http11.AbstractHttp11Processor.process(AbstractHttp11Processor.java:1079)
	at org.apache.coyote.AbstractProtocol$AbstractConnectionHandler.process(AbstractProtocol.java:625)
	at org.apache.tomcat.util.net.AprEndpoint$SocketProcessor.doRun(AprEndpoint.java:2522)
	at org.apache.tomcat.util.net.AprEndpoint$SocketProcessor.run(AprEndpoint.java:2511)
	at java.util.concurrent.ThreadPoolExecutor.runWorker(ThreadPoolExecutor.java:1149)
	at java.util.concurrent.ThreadPoolExecutor$Worker.run(ThreadPoolExecutor.java:624)
	at org.apache.tomcat.util.threads.TaskThread$WrappingRunnable.run(TaskThread.java:61)
	at java.lang.Thread.run(Thread.java:748)

八月 25, 2020 3:45:01 下午 org.apache.catalina.core.StandardWrapperValve invoke
严重: Servlet.service() for servlet [default] in context with path [/solr] threw exception [Filter execution threw an exception] with root cause
java.lang.NoClassDefFoundError: org/apache/solr/servlet/ResponseUtils
	at org.apache.solr.servlet.HttpSolrCall.sendError(HttpSolrCall.java:645)
	at org.apache.solr.servlet.HttpSolrCall.call(HttpSolrCall.java:477)
	at org.apache.solr.servlet.SolrDispatchFilter.doFilter(SolrDispatchFilter.java:214)
	at org.apache.solr.servlet.SolrDispatchFilter.doFilter(SolrDispatchFilter.java:179)
	at org.apache.catalina.core.ApplicationFilterChain.internalDoFilter(ApplicationFilterChain.java:241)
	at org.apache.catalina.core.ApplicationFilterChain.doFilter(ApplicationFilterChain.java:208)
	at org.apache.catalina.core.StandardWrapperValve.invoke(StandardWrapperValve.java:220)
	at org.apache.catalina.core.StandardContextValve.invoke(StandardContextValve.java:122)
	at org.apache.catalina.core.StandardHostValve.invoke(StandardHostValve.java:170)
	at org.apache.catalina.valves.ErrorReportValve.invoke(ErrorReportValve.java:103)
	at org.apache.catalina.valves.AccessLogValve.invoke(AccessLogValve.java:956)
	at org.apache.catalina.core.StandardEngineValve.invoke(StandardEngineValve.java:116)
	at org.apache.catalina.connector.CoyoteAdapter.service(CoyoteAdapter.java:423)
	at org.apache.coyote.http11.AbstractHttp11Processor.process(AbstractHttp11Processor.java:1079)
	at org.apache.coyote.AbstractProtocol$AbstractConnectionHandler.process(AbstractProtocol.java:625)
	at org.apache.tomcat.util.net.AprEndpoint$SocketProcessor.doRun(AprEndpoint.java:2522)
	at org.apache.tomcat.util.net.AprEndpoint$SocketProcessor.run(AprEndpoint.java:2511)
	at java.util.concurrent.ThreadPoolExecutor.runWorker(ThreadPoolExecutor.java:1149)
	at java.util.concurrent.ThreadPoolExecutor$Worker.run(ThreadPoolExecutor.java:624)
	at org.apache.tomcat.util.threads.TaskThread$WrappingRunnable.run(TaskThread.java:61)
	at java.lang.Thread.run(Thread.java:748)

八月 25, 2020 3:45:04 下午 org.apache.catalina.core.ApplicationContext log
信息: ContextListener: contextInitialized()
八月 25, 2020 3:45:04 下午 org.apache.catalina.core.ApplicationContext log
信息: SessionListener: contextInitialized()
八月 25, 2020 3:45:04 下午 org.apache.catalina.core.ApplicationContext log
信息: ContextListener: attributeAdded('org.apache.jasper.compiler.TldLocationsCache', 'org.apache.jasper.compiler.TldLocationsCache@254d0688')
八月 25, 2020 3:45:06 下午 org.apache.catalina.core.StandardWrapperValve invoke
严重: Servlet.service() for servlet [default] in context with path [/solr] threw exception [Filter execution threw an exception] with root cause
java.lang.NoClassDefFoundError: org/apache/solr/servlet/ResponseUtils
	at org.apache.solr.servlet.HttpSolrCall.sendError(HttpSolrCall.java:645)
	at org.apache.solr.servlet.HttpSolrCall.call(HttpSolrCall.java:477)
	at org.apache.solr.servlet.SolrDispatchFilter.doFilter(SolrDispatchFilter.java:214)
	at org.apache.solr.servlet.SolrDispatchFilter.doFilter(SolrDispatchFilter.java:179)
	at org.apache.catalina.core.ApplicationFilterChain.internalDoFilter(ApplicationFilterChain.java:241)
	at org.apache.catalina.core.ApplicationFilterChain.doFilter(ApplicationFilterChain.java:208)
	at org.apache.catalina.core.StandardWrapperValve.invoke(StandardWrapperValve.java:220)
	at org.apache.catalina.core.StandardContextValve.invoke(StandardContextValve.java:122)
	at org.apache.catalina.core.StandardHostValve.invoke(StandardHostValve.java:170)
	at org.apache.catalina.valves.ErrorReportValve.invoke(ErrorReportValve.java:103)
	at org.apache.catalina.valves.AccessLogValve.invoke(AccessLogValve.java:956)
	at org.apache.catalina.core.StandardEngineValve.invoke(StandardEngineValve.java:116)
	at org.apache.catalina.connector.CoyoteAdapter.service(CoyoteAdapter.java:423)
	at org.apache.coyote.http11.AbstractHttp11Processor.process(AbstractHttp11Processor.java:1079)
	at org.apache.coyote.AbstractProtocol$AbstractConnectionHandler.process(AbstractProtocol.java:625)
	at org.apache.tomcat.util.net.AprEndpoint$SocketProcessor.doRun(AprEndpoint.java:2522)
	at org.apache.tomcat.util.net.AprEndpoint$SocketProcessor.run(AprEndpoint.java:2511)
	at java.util.concurrent.ThreadPoolExecutor.runWorker(ThreadPoolExecutor.java:1149)
	at java.util.concurrent.ThreadPoolExecutor$Worker.run(ThreadPoolExecutor.java:624)
	at org.apache.tomcat.util.threads.TaskThread$WrappingRunnable.run(TaskThread.java:61)
	at java.lang.Thread.run(Thread.java:748)

八月 25, 2020 3:45:07 下午 org.apache.catalina.core.StandardWrapperValve invoke
严重: Servlet.service() for servlet [default] in context with path [/solr] threw exception [Filter execution threw an exception] with root cause
java.lang.NoClassDefFoundError: org/apache/solr/servlet/ResponseUtils
	at org.apache.solr.servlet.HttpSolrCall.sendError(HttpSolrCall.java:645)
	at org.apache.solr.servlet.HttpSolrCall.call(HttpSolrCall.java:477)
	at org.apache.solr.servlet.SolrDispatchFilter.doFilter(SolrDispatchFilter.java:214)
	at org.apache.solr.servlet.SolrDispatchFilter.doFilter(SolrDispatchFilter.java:179)
	at org.apache.catalina.core.ApplicationFilterChain.internalDoFilter(ApplicationFilterChain.java:241)
	at org.apache.catalina.core.ApplicationFilterChain.doFilter(ApplicationFilterChain.java:208)
	at org.apache.catalina.core.StandardWrapperValve.invoke(StandardWrapperValve.java:220)
	at org.apache.catalina.core.StandardContextValve.invoke(StandardContextValve.java:122)
	at org.apache.catalina.core.StandardHostValve.invoke(StandardHostValve.java:170)
	at org.apache.catalina.valves.ErrorReportValve.invoke(ErrorReportValve.java:103)
	at org.apache.catalina.valves.AccessLogValve.invoke(AccessLogValve.java:956)
	at org.apache.catalina.core.StandardEngineValve.invoke(StandardEngineValve.java:116)
	at org.apache.catalina.connector.CoyoteAdapter.service(CoyoteAdapter.java:423)
	at org.apache.coyote.http11.AbstractHttp11Processor.process(AbstractHttp11Processor.java:1079)
	at org.apache.coyote.AbstractProtocol$AbstractConnectionHandler.process(AbstractProtocol.java:625)
	at org.apache.tomcat.util.net.AprEndpoint$SocketProcessor.doRun(AprEndpoint.java:2522)
	at org.apache.tomcat.util.net.AprEndpoint$SocketProcessor.run(AprEndpoint.java:2511)
	at java.util.concurrent.ThreadPoolExecutor.runWorker(ThreadPoolExecutor.java:1149)
	at java.util.concurrent.ThreadPoolExecutor$Worker.run(ThreadPoolExecutor.java:624)
	at org.apache.tomcat.util.threads.TaskThread$WrappingRunnable.run(TaskThread.java:61)
	at java.lang.Thread.run(Thread.java:748)

八月 25, 2020 3:45:08 下午 org.apache.catalina.core.ApplicationContext log
信息: SessionListener: contextDestroyed()
八月 25, 2020 3:45:08 下午 org.apache.catalina.core.ApplicationContext log
信息: ContextListener: contextDestroyed()
八月 25, 2020 3:45:40 下午 org.apache.catalina.core.ApplicationContext log
信息: ContextListener: contextInitialized()
八月 25, 2020 3:45:40 下午 org.apache.catalina.core.ApplicationContext log
信息: SessionListener: contextInitialized()
八月 25, 2020 3:45:40 下午 org.apache.catalina.core.ApplicationContext log
信息: ContextListener: attributeAdded('org.apache.jasper.compiler.TldLocationsCache', 'org.apache.jasper.compiler.TldLocationsCache@254d0688')
八月 25, 2020 3:47:16 下午 org.apache.catalina.core.ApplicationContext log
信息: ContextListener: contextInitialized()
八月 25, 2020 3:47:16 下午 org.apache.catalina.core.ApplicationContext log
信息: SessionListener: contextInitialized()
八月 25, 2020 3:47:16 下午 org.apache.catalina.core.ApplicationContext log
信息: ContextListener: attributeAdded('org.apache.jasper.compiler.TldLocationsCache', 'org.apache.jasper.compiler.TldLocationsCache@790a4961')
八月 25, 2020 3:56:39 下午 org.apache.catalina.core.ApplicationContext log
信息: ContextListener: contextInitialized()
八月 25, 2020 3:56:39 下午 org.apache.catalina.core.ApplicationContext log
信息: SessionListener: contextInitialized()
八月 25, 2020 3:56:39 下午 org.apache.catalina.core.ApplicationContext log
信息: ContextListener: attributeAdded('org.apache.jasper.compiler.TldLocationsCache', 'org.apache.jasper.compiler.TldLocationsCache@790a4961')
