八月 25, 2020 10:52:27 上午 org.apache.catalina.startup.VersionLoggerListener log
信息: Server version:        Apache Tomcat/7.0.64
八月 25, 2020 10:52:27 上午 org.apache.catalina.startup.VersionLoggerListener log
信息: Server built:          Aug 19 2015 17:18:06 UTC
八月 25, 2020 10:52:27 上午 org.apache.catalina.startup.VersionLoggerListener log
信息: Server number:         7.0.64.0
八月 25, 2020 10:52:27 上午 org.apache.catalina.startup.VersionLoggerListener log
信息: OS Name:               Windows 10
八月 25, 2020 10:52:27 上午 org.apache.catalina.startup.VersionLoggerListener log
信息: OS Version:            10.0
八月 25, 2020 10:52:27 上午 org.apache.catalina.startup.VersionLoggerListener log
信息: Architecture:          amd64
八月 25, 2020 10:52:27 上午 org.apache.catalina.startup.VersionLoggerListener log
信息: Java Home:             C:\Program Files\Java\jdk1.8.0_251\jre
八月 25, 2020 10:52:27 上午 org.apache.catalina.startup.VersionLoggerListener log
信息: JVM Version:           1.8.0_251-b08
八月 25, 2020 10:52:27 上午 org.apache.catalina.startup.VersionLoggerListener log
信息: JVM Vendor:            Oracle Corporation
八月 25, 2020 10:52:27 上午 org.apache.catalina.startup.VersionLoggerListener log
信息: CATALINA_BASE:         D:\NLZ_HD\solrCloud\tomcat03
八月 25, 2020 10:52:27 上午 org.apache.catalina.startup.VersionLoggerListener log
信息: CATALINA_HOME:         D:\NLZ_HD\solrCloud\tomcat03
八月 25, 2020 10:52:27 上午 org.apache.catalina.startup.VersionLoggerListener log
信息: Command line argument: -Dsolr.solr.home=D:/NLZ_HD/solrCloud/solrhome03
八月 25, 2020 10:52:27 上午 org.apache.catalina.startup.VersionLoggerListener log
信息: Command line argument: -DzkHost=localhost:2181,localhost:2182,localhost:2183
八月 25, 2020 10:52:27 上午 org.apache.catalina.startup.VersionLoggerListener log
信息: Command line argument: -Djava.util.logging.config.file=D:\NLZ_HD\solrCloud\tomcat03\conf\logging.properties
八月 25, 2020 10:52:27 上午 org.apache.catalina.startup.VersionLoggerListener log
信息: Command line argument: -Djava.util.logging.manager=org.apache.juli.ClassLoaderLogManager
八月 25, 2020 10:52:27 上午 org.apache.catalina.startup.VersionLoggerListener log
信息: Command line argument: -Djava.endorsed.dirs=D:\NLZ_HD\solrCloud\tomcat03\endorsed
八月 25, 2020 10:52:27 上午 org.apache.catalina.startup.VersionLoggerListener log
信息: Command line argument: -Dcatalina.base=D:\NLZ_HD\solrCloud\tomcat03
八月 25, 2020 10:52:27 上午 org.apache.catalina.startup.VersionLoggerListener log
信息: Command line argument: -Dcatalina.home=D:\NLZ_HD\solrCloud\tomcat03
八月 25, 2020 10:52:27 上午 org.apache.catalina.startup.VersionLoggerListener log
信息: Command line argument: -Djava.io.tmpdir=D:\NLZ_HD\solrCloud\tomcat03\temp
八月 25, 2020 10:52:27 上午 org.apache.catalina.core.AprLifecycleListener lifecycleEvent
信息: Loaded APR based Apache Tomcat Native library 1.1.33 using APR version 1.5.1.
八月 25, 2020 10:52:27 上午 org.apache.catalina.core.AprLifecycleListener lifecycleEvent
信息: APR capabilities: IPv6 [true], sendfile [true], accept filters [false], random [true].
八月 25, 2020 10:52:27 上午 org.apache.catalina.core.AprLifecycleListener initializeSSL
信息: OpenSSL successfully initialized (OpenSSL 1.0.1m 19 Mar 2015)
八月 25, 2020 10:52:27 上午 org.apache.coyote.AbstractProtocol init
信息: Initializing ProtocolHandler ["http-apr-8380"]
八月 25, 2020 10:52:27 上午 org.apache.coyote.AbstractProtocol init
信息: Initializing ProtocolHandler ["ajp-apr-8309"]
八月 25, 2020 10:52:27 上午 org.apache.catalina.startup.Catalina load
信息: Initialization processed in 846 ms
八月 25, 2020 10:52:28 上午 org.apache.catalina.core.StandardService startInternal
信息: Starting service Catalina
八月 25, 2020 10:52:28 上午 org.apache.catalina.core.StandardEngine startInternal
信息: Starting Servlet Engine: Apache Tomcat/7.0.64
八月 25, 2020 10:52:28 上午 org.apache.catalina.startup.HostConfig deployDirectory
信息: Deploying web application directory D:\NLZ_HD\solrCloud\tomcat03\webapps\docs
八月 25, 2020 10:52:28 上午 org.apache.catalina.startup.HostConfig deployDirectory
信息: Deployment of web application directory D:\NLZ_HD\solrCloud\tomcat03\webapps\docs has finished in 249 ms
八月 25, 2020 10:52:28 上午 org.apache.catalina.startup.HostConfig deployDirectory
信息: Deploying web application directory D:\NLZ_HD\solrCloud\tomcat03\webapps\examples
八月 25, 2020 10:52:28 上午 org.apache.catalina.startup.HostConfig deployDirectory
信息: Deployment of web application directory D:\NLZ_HD\solrCloud\tomcat03\webapps\examples has finished in 196 ms
八月 25, 2020 10:52:28 上午 org.apache.catalina.startup.HostConfig deployDirectory
信息: Deploying web application directory D:\NLZ_HD\solrCloud\tomcat03\webapps\host-manager
八月 25, 2020 10:52:28 上午 org.apache.catalina.startup.HostConfig deployDirectory
信息: Deployment of web application directory D:\NLZ_HD\solrCloud\tomcat03\webapps\host-manager has finished in 40 ms
八月 25, 2020 10:52:28 上午 org.apache.catalina.startup.HostConfig deployDirectory
信息: Deploying web application directory D:\NLZ_HD\solrCloud\tomcat03\webapps\manager
八月 25, 2020 10:52:28 上午 org.apache.catalina.startup.HostConfig deployDirectory
信息: Deployment of web application directory D:\NLZ_HD\solrCloud\tomcat03\webapps\manager has finished in 33 ms
八月 25, 2020 10:52:28 上午 org.apache.catalina.startup.HostConfig deployDirectory
信息: Deploying web application directory D:\NLZ_HD\solrCloud\tomcat03\webapps\ROOT
八月 25, 2020 10:52:28 上午 org.apache.catalina.startup.HostConfig deployDirectory
信息: Deployment of web application directory D:\NLZ_HD\solrCloud\tomcat03\webapps\ROOT has finished in 30 ms
八月 25, 2020 10:52:28 上午 org.apache.catalina.startup.HostConfig deployDirectory
信息: Deploying web application directory D:\NLZ_HD\solrCloud\tomcat03\webapps\solr
八月 25, 2020 10:52:31 上午 org.apache.catalina.startup.TldConfig execute
信息: At least one JAR was scanned for TLDs yet contained no TLDs. Enable debug logging for this logger for a complete list of JARs that were scanned but no TLDs were found in them. Skipping unneeded JARs during scanning can improve startup time and JSP compilation time.
八月 25, 2020 10:53:23 上午 org.apache.catalina.startup.VersionLoggerListener log
信息: Server version:        Apache Tomcat/7.0.64
八月 25, 2020 10:53:23 上午 org.apache.catalina.startup.VersionLoggerListener log
信息: Server built:          Aug 19 2015 17:18:06 UTC
八月 25, 2020 10:53:23 上午 org.apache.catalina.startup.VersionLoggerListener log
信息: Server number:         7.0.64.0
八月 25, 2020 10:53:23 上午 org.apache.catalina.startup.VersionLoggerListener log
信息: OS Name:               Windows 10
八月 25, 2020 10:53:23 上午 org.apache.catalina.startup.VersionLoggerListener log
信息: OS Version:            10.0
八月 25, 2020 10:53:23 上午 org.apache.catalina.startup.VersionLoggerListener log
信息: Architecture:          amd64
八月 25, 2020 10:53:23 上午 org.apache.catalina.startup.VersionLoggerListener log
信息: Java Home:             C:\Program Files\Java\jdk1.8.0_251\jre
八月 25, 2020 10:53:23 上午 org.apache.catalina.startup.VersionLoggerListener log
信息: JVM Version:           1.8.0_251-b08
八月 25, 2020 10:53:23 上午 org.apache.catalina.startup.VersionLoggerListener log
信息: JVM Vendor:            Oracle Corporation
八月 25, 2020 10:53:23 上午 org.apache.catalina.startup.VersionLoggerListener log
信息: CATALINA_BASE:         D:\NLZ_HD\solrCloud\tomcat03
八月 25, 2020 10:53:23 上午 org.apache.catalina.startup.VersionLoggerListener log
信息: CATALINA_HOME:         D:\NLZ_HD\solrCloud\tomcat03
八月 25, 2020 10:53:23 上午 org.apache.catalina.startup.VersionLoggerListener log
信息: Command line argument: -Dsolr.solr.home=D:/NLZ_HD/solrCloud/solrhome03
八月 25, 2020 10:53:23 上午 org.apache.catalina.startup.VersionLoggerListener log
信息: Command line argument: -DzkHost=localhost:2181,localhost:2182,localhost:2183
八月 25, 2020 10:53:23 上午 org.apache.catalina.startup.VersionLoggerListener log
信息: Command line argument: -Djava.util.logging.config.file=D:\NLZ_HD\solrCloud\tomcat03\conf\logging.properties
八月 25, 2020 10:53:23 上午 org.apache.catalina.startup.VersionLoggerListener log
信息: Command line argument: -Djava.util.logging.manager=org.apache.juli.ClassLoaderLogManager
八月 25, 2020 10:53:23 上午 org.apache.catalina.startup.VersionLoggerListener log
信息: Command line argument: -Djava.endorsed.dirs=D:\NLZ_HD\solrCloud\tomcat03\endorsed
八月 25, 2020 10:53:23 上午 org.apache.catalina.startup.VersionLoggerListener log
信息: Command line argument: -Dcatalina.base=D:\NLZ_HD\solrCloud\tomcat03
八月 25, 2020 10:53:23 上午 org.apache.catalina.startup.VersionLoggerListener log
信息: Command line argument: -Dcatalina.home=D:\NLZ_HD\solrCloud\tomcat03
八月 25, 2020 10:53:23 上午 org.apache.catalina.startup.VersionLoggerListener log
信息: Command line argument: -Djava.io.tmpdir=D:\NLZ_HD\solrCloud\tomcat03\temp
八月 25, 2020 10:53:23 上午 org.apache.catalina.core.AprLifecycleListener lifecycleEvent
信息: Loaded APR based Apache Tomcat Native library 1.1.33 using APR version 1.5.1.
八月 25, 2020 10:53:23 上午 org.apache.catalina.core.AprLifecycleListener lifecycleEvent
信息: APR capabilities: IPv6 [true], sendfile [true], accept filters [false], random [true].
八月 25, 2020 10:53:23 上午 org.apache.catalina.core.AprLifecycleListener initializeSSL
信息: OpenSSL successfully initialized (OpenSSL 1.0.1m 19 Mar 2015)
八月 25, 2020 10:53:23 上午 org.apache.coyote.AbstractProtocol init
信息: Initializing ProtocolHandler ["http-apr-8380"]
八月 25, 2020 10:53:23 上午 org.apache.coyote.AbstractProtocol init
信息: Initializing ProtocolHandler ["ajp-apr-8309"]
八月 25, 2020 10:53:23 上午 org.apache.catalina.startup.Catalina load
信息: Initialization processed in 761 ms
八月 25, 2020 10:53:23 上午 org.apache.catalina.core.StandardService startInternal
信息: Starting service Catalina
八月 25, 2020 10:53:23 上午 org.apache.catalina.core.StandardEngine startInternal
信息: Starting Servlet Engine: Apache Tomcat/7.0.64
八月 25, 2020 10:53:23 上午 org.apache.catalina.startup.HostConfig deployDirectory
信息: Deploying web application directory D:\NLZ_HD\solrCloud\tomcat03\webapps\docs
八月 25, 2020 10:53:23 上午 org.apache.catalina.startup.HostConfig deployDirectory
信息: Deployment of web application directory D:\NLZ_HD\solrCloud\tomcat03\webapps\docs has finished in 176 ms
八月 25, 2020 10:53:23 上午 org.apache.catalina.startup.HostConfig deployDirectory
信息: Deploying web application directory D:\NLZ_HD\solrCloud\tomcat03\webapps\examples
八月 25, 2020 10:53:24 上午 org.apache.catalina.startup.HostConfig deployDirectory
信息: Deployment of web application directory D:\NLZ_HD\solrCloud\tomcat03\webapps\examples has finished in 149 ms
八月 25, 2020 10:53:24 上午 org.apache.catalina.startup.HostConfig deployDirectory
信息: Deploying web application directory D:\NLZ_HD\solrCloud\tomcat03\webapps\host-manager
八月 25, 2020 10:53:24 上午 org.apache.catalina.startup.HostConfig deployDirectory
信息: Deployment of web application directory D:\NLZ_HD\solrCloud\tomcat03\webapps\host-manager has finished in 32 ms
八月 25, 2020 10:53:24 上午 org.apache.catalina.startup.HostConfig deployDirectory
信息: Deploying web application directory D:\NLZ_HD\solrCloud\tomcat03\webapps\manager
八月 25, 2020 10:53:24 上午 org.apache.catalina.startup.HostConfig deployDirectory
信息: Deployment of web application directory D:\NLZ_HD\solrCloud\tomcat03\webapps\manager has finished in 27 ms
八月 25, 2020 10:53:24 上午 org.apache.catalina.startup.HostConfig deployDirectory
信息: Deploying web application directory D:\NLZ_HD\solrCloud\tomcat03\webapps\ROOT
八月 25, 2020 10:53:24 上午 org.apache.catalina.startup.HostConfig deployDirectory
信息: Deployment of web application directory D:\NLZ_HD\solrCloud\tomcat03\webapps\ROOT has finished in 20 ms
八月 25, 2020 10:53:24 上午 org.apache.catalina.startup.HostConfig deployDirectory
信息: Deploying web application directory D:\NLZ_HD\solrCloud\tomcat03\webapps\solr
八月 25, 2020 10:53:25 上午 org.apache.catalina.startup.TldConfig execute
信息: At least one JAR was scanned for TLDs yet contained no TLDs. Enable debug logging for this logger for a complete list of JARs that were scanned but no TLDs were found in them. Skipping unneeded JARs during scanning can improve startup time and JSP compilation time.
八月 25, 2020 10:53:27 上午 org.apache.catalina.startup.HostConfig deployDirectory
信息: Deployment of web application directory D:\NLZ_HD\solrCloud\tomcat03\webapps\solr has finished in 3,316 ms
八月 25, 2020 10:53:27 上午 org.apache.coyote.AbstractProtocol start
信息: Starting ProtocolHandler ["http-apr-8380"]
八月 25, 2020 10:53:27 上午 org.apache.coyote.AbstractProtocol start
信息: Starting ProtocolHandler ["ajp-apr-8309"]
八月 25, 2020 10:53:27 上午 org.apache.catalina.startup.Catalina start
信息: Server startup in 3748 ms
八月 25, 2020 12:43:37 下午 org.apache.catalina.startup.VersionLoggerListener log
信息: Server version:        Apache Tomcat/7.0.64
八月 25, 2020 12:43:37 下午 org.apache.catalina.startup.VersionLoggerListener log
信息: Server built:          Aug 19 2015 17:18:06 UTC
八月 25, 2020 12:43:37 下午 org.apache.catalina.startup.VersionLoggerListener log
信息: Server number:         7.0.64.0
八月 25, 2020 12:43:37 下午 org.apache.catalina.startup.VersionLoggerListener log
信息: OS Name:               Windows 10
八月 25, 2020 12:43:37 下午 org.apache.catalina.startup.VersionLoggerListener log
信息: OS Version:            10.0
八月 25, 2020 12:43:37 下午 org.apache.catalina.startup.VersionLoggerListener log
信息: Architecture:          amd64
八月 25, 2020 12:43:37 下午 org.apache.catalina.startup.VersionLoggerListener log
信息: Java Home:             C:\Program Files\Java\jdk1.8.0_251\jre
八月 25, 2020 12:43:37 下午 org.apache.catalina.startup.VersionLoggerListener log
信息: JVM Version:           1.8.0_251-b08
八月 25, 2020 12:43:37 下午 org.apache.catalina.startup.VersionLoggerListener log
信息: JVM Vendor:            Oracle Corporation
八月 25, 2020 12:43:37 下午 org.apache.catalina.startup.VersionLoggerListener log
信息: CATALINA_BASE:         D:\NLZ_HD\solrCloud\tomcat03
八月 25, 2020 12:43:37 下午 org.apache.catalina.startup.VersionLoggerListener log
信息: CATALINA_HOME:         D:\NLZ_HD\solrCloud\tomcat03
八月 25, 2020 12:43:37 下午 org.apache.catalina.startup.VersionLoggerListener log
信息: Command line argument: -Dsolr.solr.home=D:/NLZ_HD/solrCloud/solrhome03
八月 25, 2020 12:43:37 下午 org.apache.catalina.startup.VersionLoggerListener log
信息: Command line argument: -DzkHost=localhost:2181,localhost:2182,localhost:2183
八月 25, 2020 12:43:37 下午 org.apache.catalina.startup.VersionLoggerListener log
信息: Command line argument: -Djava.util.logging.config.file=D:\NLZ_HD\solrCloud\tomcat03\conf\logging.properties
八月 25, 2020 12:43:37 下午 org.apache.catalina.startup.VersionLoggerListener log
信息: Command line argument: -Djava.util.logging.manager=org.apache.juli.ClassLoaderLogManager
八月 25, 2020 12:43:37 下午 org.apache.catalina.startup.VersionLoggerListener log
信息: Command line argument: -Djava.endorsed.dirs=D:\NLZ_HD\solrCloud\tomcat03\endorsed
八月 25, 2020 12:43:37 下午 org.apache.catalina.startup.VersionLoggerListener log
信息: Command line argument: -Dcatalina.base=D:\NLZ_HD\solrCloud\tomcat03
八月 25, 2020 12:43:37 下午 org.apache.catalina.startup.VersionLoggerListener log
信息: Command line argument: -Dcatalina.home=D:\NLZ_HD\solrCloud\tomcat03
八月 25, 2020 12:43:37 下午 org.apache.catalina.startup.VersionLoggerListener log
信息: Command line argument: -Djava.io.tmpdir=D:\NLZ_HD\solrCloud\tomcat03\temp
八月 25, 2020 12:43:37 下午 org.apache.catalina.core.AprLifecycleListener lifecycleEvent
信息: Loaded APR based Apache Tomcat Native library 1.1.33 using APR version 1.5.1.
八月 25, 2020 12:43:37 下午 org.apache.catalina.core.AprLifecycleListener lifecycleEvent
信息: APR capabilities: IPv6 [true], sendfile [true], accept filters [false], random [true].
八月 25, 2020 12:43:37 下午 org.apache.catalina.core.AprLifecycleListener initializeSSL
信息: OpenSSL successfully initialized (OpenSSL 1.0.1m 19 Mar 2015)
八月 25, 2020 12:43:37 下午 org.apache.coyote.AbstractProtocol init
信息: Initializing ProtocolHandler ["http-apr-8380"]
八月 25, 2020 12:43:37 下午 org.apache.coyote.AbstractProtocol init
信息: Initializing ProtocolHandler ["ajp-apr-8309"]
八月 25, 2020 12:43:37 下午 org.apache.catalina.startup.Catalina load
信息: Initialization processed in 752 ms
八月 25, 2020 12:43:37 下午 org.apache.catalina.core.StandardService startInternal
信息: Starting service Catalina
八月 25, 2020 12:43:37 下午 org.apache.catalina.core.StandardEngine startInternal
信息: Starting Servlet Engine: Apache Tomcat/7.0.64
八月 25, 2020 12:43:37 下午 org.apache.catalina.startup.HostConfig deployDirectory
信息: Deploying web application directory D:\NLZ_HD\solrCloud\tomcat03\webapps\docs
八月 25, 2020 12:43:37 下午 org.apache.catalina.startup.HostConfig deployDirectory
信息: Deployment of web application directory D:\NLZ_HD\solrCloud\tomcat03\webapps\docs has finished in 177 ms
八月 25, 2020 12:43:37 下午 org.apache.catalina.startup.HostConfig deployDirectory
信息: Deploying web application directory D:\NLZ_HD\solrCloud\tomcat03\webapps\examples
八月 25, 2020 12:43:37 下午 org.apache.catalina.startup.HostConfig deployDirectory
信息: Deployment of web application directory D:\NLZ_HD\solrCloud\tomcat03\webapps\examples has finished in 144 ms
八月 25, 2020 12:43:37 下午 org.apache.catalina.startup.HostConfig deployDirectory
信息: Deploying web application directory D:\NLZ_HD\solrCloud\tomcat03\webapps\host-manager
八月 25, 2020 12:43:38 下午 org.apache.catalina.startup.HostConfig deployDirectory
信息: Deployment of web application directory D:\NLZ_HD\solrCloud\tomcat03\webapps\host-manager has finished in 29 ms
八月 25, 2020 12:43:38 下午 org.apache.catalina.startup.HostConfig deployDirectory
信息: Deploying web application directory D:\NLZ_HD\solrCloud\tomcat03\webapps\manager
八月 25, 2020 12:43:38 下午 org.apache.catalina.startup.HostConfig deployDirectory
信息: Deployment of web application directory D:\NLZ_HD\solrCloud\tomcat03\webapps\manager has finished in 27 ms
八月 25, 2020 12:43:38 下午 org.apache.catalina.startup.HostConfig deployDirectory
信息: Deploying web application directory D:\NLZ_HD\solrCloud\tomcat03\webapps\ROOT
八月 25, 2020 12:43:38 下午 org.apache.catalina.startup.HostConfig deployDirectory
信息: Deployment of web application directory D:\NLZ_HD\solrCloud\tomcat03\webapps\ROOT has finished in 20 ms
八月 25, 2020 12:43:38 下午 org.apache.catalina.startup.HostConfig deployDirectory
信息: Deploying web application directory D:\NLZ_HD\solrCloud\tomcat03\webapps\solr
八月 25, 2020 12:43:39 下午 org.apache.catalina.startup.TldConfig execute
信息: At least one JAR was scanned for TLDs yet contained no TLDs. Enable debug logging for this logger for a complete list of JARs that were scanned but no TLDs were found in them. Skipping unneeded JARs during scanning can improve startup time and JSP compilation time.
八月 25, 2020 12:43:42 下午 org.apache.catalina.startup.HostConfig deployDirectory
信息: Deployment of web application directory D:\NLZ_HD\solrCloud\tomcat03\webapps\solr has finished in 4,541 ms
八月 25, 2020 12:43:42 下午 org.apache.coyote.AbstractProtocol start
信息: Starting ProtocolHandler ["http-apr-8380"]
八月 25, 2020 12:43:42 下午 org.apache.coyote.AbstractProtocol start
信息: Starting ProtocolHandler ["ajp-apr-8309"]
八月 25, 2020 12:43:42 下午 org.apache.catalina.startup.Catalina start
信息: Server startup in 4973 ms
八月 25, 2020 12:44:37 下午 org.apache.catalina.startup.VersionLoggerListener log
信息: Server version:        Apache Tomcat/7.0.64
八月 25, 2020 12:44:37 下午 org.apache.catalina.startup.VersionLoggerListener log
信息: Server built:          Aug 19 2015 17:18:06 UTC
八月 25, 2020 12:44:37 下午 org.apache.catalina.startup.VersionLoggerListener log
信息: Server number:         7.0.64.0
八月 25, 2020 12:44:37 下午 org.apache.catalina.startup.VersionLoggerListener log
信息: OS Name:               Windows 10
八月 25, 2020 12:44:37 下午 org.apache.catalina.startup.VersionLoggerListener log
信息: OS Version:            10.0
八月 25, 2020 12:44:37 下午 org.apache.catalina.startup.VersionLoggerListener log
信息: Architecture:          amd64
八月 25, 2020 12:44:37 下午 org.apache.catalina.startup.VersionLoggerListener log
信息: Java Home:             C:\Program Files\Java\jdk1.8.0_251\jre
八月 25, 2020 12:44:37 下午 org.apache.catalina.startup.VersionLoggerListener log
信息: JVM Version:           1.8.0_251-b08
八月 25, 2020 12:44:37 下午 org.apache.catalina.startup.VersionLoggerListener log
信息: JVM Vendor:            Oracle Corporation
八月 25, 2020 12:44:37 下午 org.apache.catalina.startup.VersionLoggerListener log
信息: CATALINA_BASE:         D:\NLZ_HD\solrCloud\tomcat03
八月 25, 2020 12:44:37 下午 org.apache.catalina.startup.VersionLoggerListener log
信息: CATALINA_HOME:         D:\NLZ_HD\solrCloud\tomcat03
八月 25, 2020 12:44:37 下午 org.apache.catalina.startup.VersionLoggerListener log
信息: Command line argument: -Dsolr.solr.home=D:/NLZ_HD/solrCloud/solrhome03
八月 25, 2020 12:44:37 下午 org.apache.catalina.startup.VersionLoggerListener log
信息: Command line argument: -DzkHost=localhost:2181,localhost:2182,localhost:2183
八月 25, 2020 12:44:37 下午 org.apache.catalina.startup.VersionLoggerListener log
信息: Command line argument: -Djava.util.logging.config.file=D:\NLZ_HD\solrCloud\tomcat03\conf\logging.properties
八月 25, 2020 12:44:37 下午 org.apache.catalina.startup.VersionLoggerListener log
信息: Command line argument: -Djava.util.logging.manager=org.apache.juli.ClassLoaderLogManager
八月 25, 2020 12:44:37 下午 org.apache.catalina.startup.VersionLoggerListener log
信息: Command line argument: -Djava.endorsed.dirs=D:\NLZ_HD\solrCloud\tomcat03\endorsed
八月 25, 2020 12:44:37 下午 org.apache.catalina.startup.VersionLoggerListener log
信息: Command line argument: -Dcatalina.base=D:\NLZ_HD\solrCloud\tomcat03
八月 25, 2020 12:44:37 下午 org.apache.catalina.startup.VersionLoggerListener log
信息: Command line argument: -Dcatalina.home=D:\NLZ_HD\solrCloud\tomcat03
八月 25, 2020 12:44:37 下午 org.apache.catalina.startup.VersionLoggerListener log
信息: Command line argument: -Djava.io.tmpdir=D:\NLZ_HD\solrCloud\tomcat03\temp
八月 25, 2020 12:44:37 下午 org.apache.catalina.core.AprLifecycleListener lifecycleEvent
信息: Loaded APR based Apache Tomcat Native library 1.1.33 using APR version 1.5.1.
八月 25, 2020 12:44:37 下午 org.apache.catalina.core.AprLifecycleListener lifecycleEvent
信息: APR capabilities: IPv6 [true], sendfile [true], accept filters [false], random [true].
八月 25, 2020 12:44:37 下午 org.apache.catalina.core.AprLifecycleListener initializeSSL
信息: OpenSSL successfully initialized (OpenSSL 1.0.1m 19 Mar 2015)
八月 25, 2020 12:44:37 下午 org.apache.coyote.AbstractProtocol init
信息: Initializing ProtocolHandler ["http-apr-8380"]
八月 25, 2020 12:44:37 下午 org.apache.coyote.AbstractProtocol init
信息: Initializing ProtocolHandler ["ajp-apr-8309"]
八月 25, 2020 12:44:37 下午 org.apache.catalina.startup.Catalina load
信息: Initialization processed in 739 ms
八月 25, 2020 12:44:37 下午 org.apache.catalina.core.StandardService startInternal
信息: Starting service Catalina
八月 25, 2020 12:44:37 下午 org.apache.catalina.core.StandardEngine startInternal
信息: Starting Servlet Engine: Apache Tomcat/7.0.64
八月 25, 2020 12:44:37 下午 org.apache.catalina.startup.HostConfig deployDirectory
信息: Deploying web application directory D:\NLZ_HD\solrCloud\tomcat03\webapps\docs
八月 25, 2020 12:44:38 下午 org.apache.catalina.startup.HostConfig deployDirectory
信息: Deployment of web application directory D:\NLZ_HD\solrCloud\tomcat03\webapps\docs has finished in 182 ms
八月 25, 2020 12:44:38 下午 org.apache.catalina.startup.HostConfig deployDirectory
信息: Deploying web application directory D:\NLZ_HD\solrCloud\tomcat03\webapps\examples
八月 25, 2020 12:44:38 下午 org.apache.catalina.startup.HostConfig deployDirectory
信息: Deployment of web application directory D:\NLZ_HD\solrCloud\tomcat03\webapps\examples has finished in 148 ms
八月 25, 2020 12:44:38 下午 org.apache.catalina.startup.HostConfig deployDirectory
信息: Deploying web application directory D:\NLZ_HD\solrCloud\tomcat03\webapps\host-manager
八月 25, 2020 12:44:38 下午 org.apache.catalina.startup.HostConfig deployDirectory
信息: Deployment of web application directory D:\NLZ_HD\solrCloud\tomcat03\webapps\host-manager has finished in 30 ms
八月 25, 2020 12:44:38 下午 org.apache.catalina.startup.HostConfig deployDirectory
信息: Deploying web application directory D:\NLZ_HD\solrCloud\tomcat03\webapps\manager
八月 25, 2020 12:44:38 下午 org.apache.catalina.startup.HostConfig deployDirectory
信息: Deployment of web application directory D:\NLZ_HD\solrCloud\tomcat03\webapps\manager has finished in 26 ms
八月 25, 2020 12:44:38 下午 org.apache.catalina.startup.HostConfig deployDirectory
信息: Deploying web application directory D:\NLZ_HD\solrCloud\tomcat03\webapps\ROOT
八月 25, 2020 12:44:38 下午 org.apache.catalina.startup.HostConfig deployDirectory
信息: Deployment of web application directory D:\NLZ_HD\solrCloud\tomcat03\webapps\ROOT has finished in 20 ms
八月 25, 2020 12:44:38 下午 org.apache.catalina.startup.HostConfig deployDirectory
信息: Deploying web application directory D:\NLZ_HD\solrCloud\tomcat03\webapps\solr
八月 25, 2020 12:44:40 下午 org.apache.catalina.startup.TldConfig execute
信息: At least one JAR was scanned for TLDs yet contained no TLDs. Enable debug logging for this logger for a complete list of JARs that were scanned but no TLDs were found in them. Skipping unneeded JARs during scanning can improve startup time and JSP compilation time.
八月 25, 2020 12:44:41 下午 org.apache.catalina.startup.HostConfig deployDirectory
信息: Deployment of web application directory D:\NLZ_HD\solrCloud\tomcat03\webapps\solr has finished in 3,478 ms
八月 25, 2020 12:44:41 下午 org.apache.coyote.AbstractProtocol start
信息: Starting ProtocolHandler ["http-apr-8380"]
八月 25, 2020 12:44:41 下午 org.apache.coyote.AbstractProtocol start
信息: Starting ProtocolHandler ["ajp-apr-8309"]
八月 25, 2020 12:44:41 下午 org.apache.catalina.startup.Catalina start
信息: Server startup in 3913 ms
八月 25, 2020 12:52:48 下午 org.apache.catalina.startup.VersionLoggerListener log
信息: Server version:        Apache Tomcat/7.0.64
八月 25, 2020 12:52:48 下午 org.apache.catalina.startup.VersionLoggerListener log
信息: Server built:          Aug 19 2015 17:18:06 UTC
八月 25, 2020 12:52:48 下午 org.apache.catalina.startup.VersionLoggerListener log
信息: Server number:         7.0.64.0
八月 25, 2020 12:52:48 下午 org.apache.catalina.startup.VersionLoggerListener log
信息: OS Name:               Windows 10
八月 25, 2020 12:52:48 下午 org.apache.catalina.startup.VersionLoggerListener log
信息: OS Version:            10.0
八月 25, 2020 12:52:48 下午 org.apache.catalina.startup.VersionLoggerListener log
信息: Architecture:          amd64
八月 25, 2020 12:52:48 下午 org.apache.catalina.startup.VersionLoggerListener log
信息: Java Home:             C:\Program Files\Java\jdk1.8.0_251\jre
八月 25, 2020 12:52:48 下午 org.apache.catalina.startup.VersionLoggerListener log
信息: JVM Version:           1.8.0_251-b08
八月 25, 2020 12:52:48 下午 org.apache.catalina.startup.VersionLoggerListener log
信息: JVM Vendor:            Oracle Corporation
八月 25, 2020 12:52:48 下午 org.apache.catalina.startup.VersionLoggerListener log
信息: CATALINA_BASE:         D:\NLZ_HD\solrCloud\tomcat03
八月 25, 2020 12:52:48 下午 org.apache.catalina.startup.VersionLoggerListener log
信息: CATALINA_HOME:         D:\NLZ_HD\solrCloud\tomcat03
八月 25, 2020 12:52:48 下午 org.apache.catalina.startup.VersionLoggerListener log
信息: Command line argument: -Dsolr.solr.home=D:/NLZ_HD/solrCloud/solrhome03
八月 25, 2020 12:52:48 下午 org.apache.catalina.startup.VersionLoggerListener log
信息: Command line argument: -DzkHost=localhost:2181,localhost:2182,localhost:2183
八月 25, 2020 12:52:48 下午 org.apache.catalina.startup.VersionLoggerListener log
信息: Command line argument: -Djava.util.logging.config.file=D:\NLZ_HD\solrCloud\tomcat03\conf\logging.properties
八月 25, 2020 12:52:48 下午 org.apache.catalina.startup.VersionLoggerListener log
信息: Command line argument: -Djava.util.logging.manager=org.apache.juli.ClassLoaderLogManager
八月 25, 2020 12:52:48 下午 org.apache.catalina.startup.VersionLoggerListener log
信息: Command line argument: -Djava.endorsed.dirs=D:\NLZ_HD\solrCloud\tomcat03\endorsed
八月 25, 2020 12:52:48 下午 org.apache.catalina.startup.VersionLoggerListener log
信息: Command line argument: -Dcatalina.base=D:\NLZ_HD\solrCloud\tomcat03
八月 25, 2020 12:52:48 下午 org.apache.catalina.startup.VersionLoggerListener log
信息: Command line argument: -Dcatalina.home=D:\NLZ_HD\solrCloud\tomcat03
八月 25, 2020 12:52:48 下午 org.apache.catalina.startup.VersionLoggerListener log
信息: Command line argument: -Djava.io.tmpdir=D:\NLZ_HD\solrCloud\tomcat03\temp
八月 25, 2020 12:52:48 下午 org.apache.catalina.core.AprLifecycleListener lifecycleEvent
信息: Loaded APR based Apache Tomcat Native library 1.1.33 using APR version 1.5.1.
八月 25, 2020 12:52:48 下午 org.apache.catalina.core.AprLifecycleListener lifecycleEvent
信息: APR capabilities: IPv6 [true], sendfile [true], accept filters [false], random [true].
八月 25, 2020 12:52:49 下午 org.apache.catalina.core.AprLifecycleListener initializeSSL
信息: OpenSSL successfully initialized (OpenSSL 1.0.1m 19 Mar 2015)
八月 25, 2020 12:52:49 下午 org.apache.coyote.AbstractProtocol init
信息: Initializing ProtocolHandler ["http-apr-8380"]
八月 25, 2020 12:52:49 下午 org.apache.coyote.AbstractProtocol init
信息: Initializing ProtocolHandler ["ajp-apr-8309"]
八月 25, 2020 12:52:49 下午 org.apache.catalina.startup.Catalina load
信息: Initialization processed in 767 ms
八月 25, 2020 12:52:49 下午 org.apache.catalina.core.StandardService startInternal
信息: Starting service Catalina
八月 25, 2020 12:52:49 下午 org.apache.catalina.core.StandardEngine startInternal
信息: Starting Servlet Engine: Apache Tomcat/7.0.64
八月 25, 2020 12:52:49 下午 org.apache.catalina.startup.HostConfig deployDirectory
信息: Deploying web application directory D:\NLZ_HD\solrCloud\tomcat03\webapps\docs
八月 25, 2020 12:52:49 下午 org.apache.catalina.startup.HostConfig deployDirectory
信息: Deployment of web application directory D:\NLZ_HD\solrCloud\tomcat03\webapps\docs has finished in 182 ms
八月 25, 2020 12:52:49 下午 org.apache.catalina.startup.HostConfig deployDirectory
信息: Deploying web application directory D:\NLZ_HD\solrCloud\tomcat03\webapps\examples
八月 25, 2020 12:52:49 下午 org.apache.catalina.startup.HostConfig deployDirectory
信息: Deployment of web application directory D:\NLZ_HD\solrCloud\tomcat03\webapps\examples has finished in 144 ms
八月 25, 2020 12:52:49 下午 org.apache.catalina.startup.HostConfig deployDirectory
信息: Deploying web application directory D:\NLZ_HD\solrCloud\tomcat03\webapps\host-manager
八月 25, 2020 12:52:49 下午 org.apache.catalina.startup.HostConfig deployDirectory
信息: Deployment of web application directory D:\NLZ_HD\solrCloud\tomcat03\webapps\host-manager has finished in 29 ms
八月 25, 2020 12:52:49 下午 org.apache.catalina.startup.HostConfig deployDirectory
信息: Deploying web application directory D:\NLZ_HD\solrCloud\tomcat03\webapps\manager
八月 25, 2020 12:52:49 下午 org.apache.catalina.startup.HostConfig deployDirectory
信息: Deployment of web application directory D:\NLZ_HD\solrCloud\tomcat03\webapps\manager has finished in 26 ms
八月 25, 2020 12:52:49 下午 org.apache.catalina.startup.HostConfig deployDirectory
信息: Deploying web application directory D:\NLZ_HD\solrCloud\tomcat03\webapps\ROOT
八月 25, 2020 12:52:49 下午 org.apache.catalina.startup.HostConfig deployDirectory
信息: Deployment of web application directory D:\NLZ_HD\solrCloud\tomcat03\webapps\ROOT has finished in 21 ms
八月 25, 2020 12:52:49 下午 org.apache.catalina.startup.HostConfig deployDirectory
信息: Deploying web application directory D:\NLZ_HD\solrCloud\tomcat03\webapps\solr
八月 25, 2020 12:52:51 下午 org.apache.catalina.startup.TldConfig execute
信息: At least one JAR was scanned for TLDs yet contained no TLDs. Enable debug logging for this logger for a complete list of JARs that were scanned but no TLDs were found in them. Skipping unneeded JARs during scanning can improve startup time and JSP compilation time.
八月 25, 2020 12:52:53 下午 org.apache.catalina.startup.HostConfig deployDirectory
信息: Deployment of web application directory D:\NLZ_HD\solrCloud\tomcat03\webapps\solr has finished in 3,533 ms
八月 25, 2020 12:52:53 下午 org.apache.coyote.AbstractProtocol start
信息: Starting ProtocolHandler ["http-apr-8380"]
八月 25, 2020 12:52:53 下午 org.apache.coyote.AbstractProtocol start
信息: Starting ProtocolHandler ["ajp-apr-8309"]
八月 25, 2020 12:52:53 下午 org.apache.catalina.startup.Catalina start
信息: Server startup in 3968 ms
八月 25, 2020 1:02:30 下午 org.apache.catalina.startup.VersionLoggerListener log
信息: Server version:        Apache Tomcat/7.0.64
八月 25, 2020 1:02:30 下午 org.apache.catalina.startup.VersionLoggerListener log
信息: Server built:          Aug 19 2015 17:18:06 UTC
八月 25, 2020 1:02:30 下午 org.apache.catalina.startup.VersionLoggerListener log
信息: Server number:         7.0.64.0
八月 25, 2020 1:02:30 下午 org.apache.catalina.startup.VersionLoggerListener log
信息: OS Name:               Windows 10
八月 25, 2020 1:02:30 下午 org.apache.catalina.startup.VersionLoggerListener log
信息: OS Version:            10.0
八月 25, 2020 1:02:30 下午 org.apache.catalina.startup.VersionLoggerListener log
信息: Architecture:          amd64
八月 25, 2020 1:02:30 下午 org.apache.catalina.startup.VersionLoggerListener log
信息: Java Home:             C:\Program Files\Java\jdk1.8.0_251\jre
八月 25, 2020 1:02:30 下午 org.apache.catalina.startup.VersionLoggerListener log
信息: JVM Version:           1.8.0_251-b08
八月 25, 2020 1:02:30 下午 org.apache.catalina.startup.VersionLoggerListener log
信息: JVM Vendor:            Oracle Corporation
八月 25, 2020 1:02:30 下午 org.apache.catalina.startup.VersionLoggerListener log
信息: CATALINA_BASE:         D:\NLZ_HD\solrCloud\tomcat03
八月 25, 2020 1:02:30 下午 org.apache.catalina.startup.VersionLoggerListener log
信息: CATALINA_HOME:         D:\NLZ_HD\solrCloud\tomcat03
八月 25, 2020 1:02:30 下午 org.apache.catalina.startup.VersionLoggerListener log
信息: Command line argument: -Dsolr.solr.home=D:/NLZ_HD/solrCloud/solrhome03
八月 25, 2020 1:02:30 下午 org.apache.catalina.startup.VersionLoggerListener log
信息: Command line argument: -DzkHost=localhost:2181,localhost:2182,localhost:2183
八月 25, 2020 1:02:30 下午 org.apache.catalina.startup.VersionLoggerListener log
信息: Command line argument: -Djava.util.logging.config.file=D:\NLZ_HD\solrCloud\tomcat03\conf\logging.properties
八月 25, 2020 1:02:30 下午 org.apache.catalina.startup.VersionLoggerListener log
信息: Command line argument: -Djava.util.logging.manager=org.apache.juli.ClassLoaderLogManager
八月 25, 2020 1:02:30 下午 org.apache.catalina.startup.VersionLoggerListener log
信息: Command line argument: -Djava.endorsed.dirs=D:\NLZ_HD\solrCloud\tomcat03\endorsed
八月 25, 2020 1:02:30 下午 org.apache.catalina.startup.VersionLoggerListener log
信息: Command line argument: -Dcatalina.base=D:\NLZ_HD\solrCloud\tomcat03
八月 25, 2020 1:02:30 下午 org.apache.catalina.startup.VersionLoggerListener log
信息: Command line argument: -Dcatalina.home=D:\NLZ_HD\solrCloud\tomcat03
八月 25, 2020 1:02:30 下午 org.apache.catalina.startup.VersionLoggerListener log
信息: Command line argument: -Djava.io.tmpdir=D:\NLZ_HD\solrCloud\tomcat03\temp
八月 25, 2020 1:02:30 下午 org.apache.catalina.core.AprLifecycleListener lifecycleEvent
信息: Loaded APR based Apache Tomcat Native library 1.1.33 using APR version 1.5.1.
八月 25, 2020 1:02:30 下午 org.apache.catalina.core.AprLifecycleListener lifecycleEvent
信息: APR capabilities: IPv6 [true], sendfile [true], accept filters [false], random [true].
八月 25, 2020 1:02:30 下午 org.apache.catalina.core.AprLifecycleListener initializeSSL
信息: OpenSSL successfully initialized (OpenSSL 1.0.1m 19 Mar 2015)
八月 25, 2020 1:02:30 下午 org.apache.coyote.AbstractProtocol init
信息: Initializing ProtocolHandler ["http-apr-8380"]
八月 25, 2020 1:02:30 下午 org.apache.coyote.AbstractProtocol init
信息: Initializing ProtocolHandler ["ajp-apr-8309"]
八月 25, 2020 1:02:30 下午 org.apache.catalina.startup.Catalina load
信息: Initialization processed in 751 ms
八月 25, 2020 1:02:30 下午 org.apache.catalina.core.StandardService startInternal
信息: Starting service Catalina
八月 25, 2020 1:02:30 下午 org.apache.catalina.core.StandardEngine startInternal
信息: Starting Servlet Engine: Apache Tomcat/7.0.64
八月 25, 2020 1:02:30 下午 org.apache.catalina.startup.HostConfig deployDirectory
信息: Deploying web application directory D:\NLZ_HD\solrCloud\tomcat03\webapps\docs
八月 25, 2020 1:02:30 下午 org.apache.catalina.startup.HostConfig deployDirectory
信息: Deployment of web application directory D:\NLZ_HD\solrCloud\tomcat03\webapps\docs has finished in 183 ms
八月 25, 2020 1:02:30 下午 org.apache.catalina.startup.HostConfig deployDirectory
信息: Deploying web application directory D:\NLZ_HD\solrCloud\tomcat03\webapps\examples
八月 25, 2020 1:02:30 下午 org.apache.catalina.startup.HostConfig deployDirectory
信息: Deployment of web application directory D:\NLZ_HD\solrCloud\tomcat03\webapps\examples has finished in 149 ms
八月 25, 2020 1:02:30 下午 org.apache.catalina.startup.HostConfig deployDirectory
信息: Deploying web application directory D:\NLZ_HD\solrCloud\tomcat03\webapps\host-manager
八月 25, 2020 1:02:31 下午 org.apache.catalina.startup.HostConfig deployDirectory
信息: Deployment of web application directory D:\NLZ_HD\solrCloud\tomcat03\webapps\host-manager has finished in 29 ms
八月 25, 2020 1:02:31 下午 org.apache.catalina.startup.HostConfig deployDirectory
信息: Deploying web application directory D:\NLZ_HD\solrCloud\tomcat03\webapps\manager
八月 25, 2020 1:02:31 下午 org.apache.catalina.startup.HostConfig deployDirectory
信息: Deployment of web application directory D:\NLZ_HD\solrCloud\tomcat03\webapps\manager has finished in 27 ms
八月 25, 2020 1:02:31 下午 org.apache.catalina.startup.HostConfig deployDirectory
信息: Deploying web application directory D:\NLZ_HD\solrCloud\tomcat03\webapps\ROOT
八月 25, 2020 1:02:31 下午 org.apache.catalina.startup.HostConfig deployDirectory
信息: Deployment of web application directory D:\NLZ_HD\solrCloud\tomcat03\webapps\ROOT has finished in 20 ms
八月 25, 2020 1:02:31 下午 org.apache.catalina.startup.HostConfig deployDirectory
信息: Deploying web application directory D:\NLZ_HD\solrCloud\tomcat03\webapps\solr
八月 25, 2020 1:02:32 下午 org.apache.catalina.startup.TldConfig execute
信息: At least one JAR was scanned for TLDs yet contained no TLDs. Enable debug logging for this logger for a complete list of JARs that were scanned but no TLDs were found in them. Skipping unneeded JARs during scanning can improve startup time and JSP compilation time.
八月 25, 2020 1:02:34 下午 org.apache.catalina.startup.HostConfig deployDirectory
信息: Deployment of web application directory D:\NLZ_HD\solrCloud\tomcat03\webapps\solr has finished in 3,507 ms
八月 25, 2020 1:02:34 下午 org.apache.coyote.AbstractProtocol start
信息: Starting ProtocolHandler ["http-apr-8380"]
八月 25, 2020 1:02:34 下午 org.apache.coyote.AbstractProtocol start
信息: Starting ProtocolHandler ["ajp-apr-8309"]
八月 25, 2020 1:02:34 下午 org.apache.catalina.startup.Catalina start
信息: Server startup in 3948 ms
八月 25, 2020 1:03:46 下午 org.apache.catalina.startup.VersionLoggerListener log
信息: Server version:        Apache Tomcat/7.0.64
八月 25, 2020 1:03:46 下午 org.apache.catalina.startup.VersionLoggerListener log
信息: Server built:          Aug 19 2015 17:18:06 UTC
八月 25, 2020 1:03:46 下午 org.apache.catalina.startup.VersionLoggerListener log
信息: Server number:         7.0.64.0
八月 25, 2020 1:03:46 下午 org.apache.catalina.startup.VersionLoggerListener log
信息: OS Name:               Windows 10
八月 25, 2020 1:03:46 下午 org.apache.catalina.startup.VersionLoggerListener log
信息: OS Version:            10.0
八月 25, 2020 1:03:46 下午 org.apache.catalina.startup.VersionLoggerListener log
信息: Architecture:          amd64
八月 25, 2020 1:03:46 下午 org.apache.catalina.startup.VersionLoggerListener log
信息: Java Home:             C:\Program Files\Java\jdk1.8.0_251\jre
八月 25, 2020 1:03:46 下午 org.apache.catalina.startup.VersionLoggerListener log
信息: JVM Version:           1.8.0_251-b08
八月 25, 2020 1:03:46 下午 org.apache.catalina.startup.VersionLoggerListener log
信息: JVM Vendor:            Oracle Corporation
八月 25, 2020 1:03:46 下午 org.apache.catalina.startup.VersionLoggerListener log
信息: CATALINA_BASE:         D:\NLZ_HD\solrCloud\tomcat03
八月 25, 2020 1:03:46 下午 org.apache.catalina.startup.VersionLoggerListener log
信息: CATALINA_HOME:         D:\NLZ_HD\solrCloud\tomcat03
八月 25, 2020 1:03:46 下午 org.apache.catalina.startup.VersionLoggerListener log
信息: Command line argument: -Dsolr.solr.home=D:/NLZ_HD/solrCloud/solrhome03
八月 25, 2020 1:03:46 下午 org.apache.catalina.startup.VersionLoggerListener log
信息: Command line argument: -DzkHost=localhost:2181,localhost:2182,localhost:2183
八月 25, 2020 1:03:46 下午 org.apache.catalina.startup.VersionLoggerListener log
信息: Command line argument: -Djava.util.logging.config.file=D:\NLZ_HD\solrCloud\tomcat03\conf\logging.properties
八月 25, 2020 1:03:46 下午 org.apache.catalina.startup.VersionLoggerListener log
信息: Command line argument: -Djava.util.logging.manager=org.apache.juli.ClassLoaderLogManager
八月 25, 2020 1:03:46 下午 org.apache.catalina.startup.VersionLoggerListener log
信息: Command line argument: -Djava.endorsed.dirs=D:\NLZ_HD\solrCloud\tomcat03\endorsed
八月 25, 2020 1:03:46 下午 org.apache.catalina.startup.VersionLoggerListener log
信息: Command line argument: -Dcatalina.base=D:\NLZ_HD\solrCloud\tomcat03
八月 25, 2020 1:03:46 下午 org.apache.catalina.startup.VersionLoggerListener log
信息: Command line argument: -Dcatalina.home=D:\NLZ_HD\solrCloud\tomcat03
八月 25, 2020 1:03:46 下午 org.apache.catalina.startup.VersionLoggerListener log
信息: Command line argument: -Djava.io.tmpdir=D:\NLZ_HD\solrCloud\tomcat03\temp
八月 25, 2020 1:03:46 下午 org.apache.catalina.core.AprLifecycleListener lifecycleEvent
信息: Loaded APR based Apache Tomcat Native library 1.1.33 using APR version 1.5.1.
八月 25, 2020 1:03:46 下午 org.apache.catalina.core.AprLifecycleListener lifecycleEvent
信息: APR capabilities: IPv6 [true], sendfile [true], accept filters [false], random [true].
八月 25, 2020 1:03:46 下午 org.apache.catalina.core.AprLifecycleListener initializeSSL
信息: OpenSSL successfully initialized (OpenSSL 1.0.1m 19 Mar 2015)
八月 25, 2020 1:03:46 下午 org.apache.coyote.AbstractProtocol init
信息: Initializing ProtocolHandler ["http-apr-8380"]
八月 25, 2020 1:03:46 下午 org.apache.coyote.AbstractProtocol init
信息: Initializing ProtocolHandler ["ajp-apr-8309"]
八月 25, 2020 1:03:46 下午 org.apache.catalina.startup.Catalina load
信息: Initialization processed in 786 ms
八月 25, 2020 1:03:46 下午 org.apache.catalina.core.StandardService startInternal
信息: Starting service Catalina
八月 25, 2020 1:03:46 下午 org.apache.catalina.core.StandardEngine startInternal
信息: Starting Servlet Engine: Apache Tomcat/7.0.64
八月 25, 2020 1:03:46 下午 org.apache.catalina.startup.HostConfig deployDirectory
信息: Deploying web application directory D:\NLZ_HD\solrCloud\tomcat03\webapps\docs
八月 25, 2020 1:03:47 下午 org.apache.catalina.startup.HostConfig deployDirectory
信息: Deployment of web application directory D:\NLZ_HD\solrCloud\tomcat03\webapps\docs has finished in 177 ms
八月 25, 2020 1:03:47 下午 org.apache.catalina.startup.HostConfig deployDirectory
信息: Deploying web application directory D:\NLZ_HD\solrCloud\tomcat03\webapps\examples
八月 25, 2020 1:03:47 下午 org.apache.catalina.startup.HostConfig deployDirectory
信息: Deployment of web application directory D:\NLZ_HD\solrCloud\tomcat03\webapps\examples has finished in 150 ms
八月 25, 2020 1:03:47 下午 org.apache.catalina.startup.HostConfig deployDirectory
信息: Deploying web application directory D:\NLZ_HD\solrCloud\tomcat03\webapps\host-manager
八月 25, 2020 1:03:47 下午 org.apache.catalina.startup.HostConfig deployDirectory
信息: Deployment of web application directory D:\NLZ_HD\solrCloud\tomcat03\webapps\host-manager has finished in 33 ms
八月 25, 2020 1:03:47 下午 org.apache.catalina.startup.HostConfig deployDirectory
信息: Deploying web application directory D:\NLZ_HD\solrCloud\tomcat03\webapps\manager
八月 25, 2020 1:03:47 下午 org.apache.catalina.startup.HostConfig deployDirectory
信息: Deployment of web application directory D:\NLZ_HD\solrCloud\tomcat03\webapps\manager has finished in 30 ms
八月 25, 2020 1:03:47 下午 org.apache.catalina.startup.HostConfig deployDirectory
信息: Deploying web application directory D:\NLZ_HD\solrCloud\tomcat03\webapps\ROOT
八月 25, 2020 1:03:47 下午 org.apache.catalina.startup.HostConfig deployDirectory
信息: Deployment of web application directory D:\NLZ_HD\solrCloud\tomcat03\webapps\ROOT has finished in 20 ms
八月 25, 2020 1:03:47 下午 org.apache.catalina.startup.HostConfig deployDirectory
信息: Deploying web application directory D:\NLZ_HD\solrCloud\tomcat03\webapps\solr
八月 25, 2020 1:03:49 下午 org.apache.catalina.startup.TldConfig execute
信息: At least one JAR was scanned for TLDs yet contained no TLDs. Enable debug logging for this logger for a complete list of JARs that were scanned but no TLDs were found in them. Skipping unneeded JARs during scanning can improve startup time and JSP compilation time.
八月 25, 2020 1:03:51 下午 org.apache.catalina.startup.HostConfig deployDirectory
信息: Deployment of web application directory D:\NLZ_HD\solrCloud\tomcat03\webapps\solr has finished in 3,767 ms
八月 25, 2020 1:03:51 下午 org.apache.coyote.AbstractProtocol start
信息: Starting ProtocolHandler ["http-apr-8380"]
八月 25, 2020 1:03:51 下午 org.apache.coyote.AbstractProtocol start
信息: Starting ProtocolHandler ["ajp-apr-8309"]
八月 25, 2020 1:03:51 下午 org.apache.catalina.startup.Catalina start
信息: Server startup in 4211 ms
八月 25, 2020 1:05:29 下午 org.apache.catalina.startup.VersionLoggerListener log
信息: Server version:        Apache Tomcat/7.0.64
八月 25, 2020 1:05:29 下午 org.apache.catalina.startup.VersionLoggerListener log
信息: Server built:          Aug 19 2015 17:18:06 UTC
八月 25, 2020 1:05:29 下午 org.apache.catalina.startup.VersionLoggerListener log
信息: Server number:         7.0.64.0
八月 25, 2020 1:05:29 下午 org.apache.catalina.startup.VersionLoggerListener log
信息: OS Name:               Windows 10
八月 25, 2020 1:05:29 下午 org.apache.catalina.startup.VersionLoggerListener log
信息: OS Version:            10.0
八月 25, 2020 1:05:29 下午 org.apache.catalina.startup.VersionLoggerListener log
信息: Architecture:          amd64
八月 25, 2020 1:05:29 下午 org.apache.catalina.startup.VersionLoggerListener log
信息: Java Home:             C:\Program Files\Java\jdk1.8.0_251\jre
八月 25, 2020 1:05:29 下午 org.apache.catalina.startup.VersionLoggerListener log
信息: JVM Version:           1.8.0_251-b08
八月 25, 2020 1:05:29 下午 org.apache.catalina.startup.VersionLoggerListener log
信息: JVM Vendor:            Oracle Corporation
八月 25, 2020 1:05:29 下午 org.apache.catalina.startup.VersionLoggerListener log
信息: CATALINA_BASE:         D:\NLZ_HD\solrCloud\tomcat03
八月 25, 2020 1:05:29 下午 org.apache.catalina.startup.VersionLoggerListener log
信息: CATALINA_HOME:         D:\NLZ_HD\solrCloud\tomcat03
八月 25, 2020 1:05:29 下午 org.apache.catalina.startup.VersionLoggerListener log
信息: Command line argument: -Dsolr.solr.home=D:/NLZ_HD/solrCloud/solrhome03
八月 25, 2020 1:05:29 下午 org.apache.catalina.startup.VersionLoggerListener log
信息: Command line argument: -DzkHost=localhost:2181,localhost:2182,localhost:2183
八月 25, 2020 1:05:29 下午 org.apache.catalina.startup.VersionLoggerListener log
信息: Command line argument: -Djava.util.logging.config.file=D:\NLZ_HD\solrCloud\tomcat03\conf\logging.properties
八月 25, 2020 1:05:29 下午 org.apache.catalina.startup.VersionLoggerListener log
信息: Command line argument: -Djava.util.logging.manager=org.apache.juli.ClassLoaderLogManager
八月 25, 2020 1:05:29 下午 org.apache.catalina.startup.VersionLoggerListener log
信息: Command line argument: -Djava.endorsed.dirs=D:\NLZ_HD\solrCloud\tomcat03\endorsed
八月 25, 2020 1:05:29 下午 org.apache.catalina.startup.VersionLoggerListener log
信息: Command line argument: -Dcatalina.base=D:\NLZ_HD\solrCloud\tomcat03
八月 25, 2020 1:05:29 下午 org.apache.catalina.startup.VersionLoggerListener log
信息: Command line argument: -Dcatalina.home=D:\NLZ_HD\solrCloud\tomcat03
八月 25, 2020 1:05:29 下午 org.apache.catalina.startup.VersionLoggerListener log
信息: Command line argument: -Djava.io.tmpdir=D:\NLZ_HD\solrCloud\tomcat03\temp
八月 25, 2020 1:05:29 下午 org.apache.catalina.core.AprLifecycleListener lifecycleEvent
信息: Loaded APR based Apache Tomcat Native library 1.1.33 using APR version 1.5.1.
八月 25, 2020 1:05:29 下午 org.apache.catalina.core.AprLifecycleListener lifecycleEvent
信息: APR capabilities: IPv6 [true], sendfile [true], accept filters [false], random [true].
八月 25, 2020 1:05:30 下午 org.apache.catalina.core.AprLifecycleListener initializeSSL
信息: OpenSSL successfully initialized (OpenSSL 1.0.1m 19 Mar 2015)
八月 25, 2020 1:05:30 下午 org.apache.coyote.AbstractProtocol init
信息: Initializing ProtocolHandler ["http-apr-8380"]
八月 25, 2020 1:05:30 下午 org.apache.coyote.AbstractProtocol init
信息: Initializing ProtocolHandler ["ajp-apr-8309"]
八月 25, 2020 1:05:30 下午 org.apache.catalina.startup.Catalina load
信息: Initialization processed in 834 ms
八月 25, 2020 1:05:30 下午 org.apache.catalina.core.StandardService startInternal
信息: Starting service Catalina
八月 25, 2020 1:05:30 下午 org.apache.catalina.core.StandardEngine startInternal
信息: Starting Servlet Engine: Apache Tomcat/7.0.64
八月 25, 2020 1:05:30 下午 org.apache.catalina.startup.HostConfig deployDirectory
信息: Deploying web application directory D:\NLZ_HD\solrCloud\tomcat03\webapps\docs
八月 25, 2020 1:05:30 下午 org.apache.catalina.startup.HostConfig deployDirectory
信息: Deployment of web application directory D:\NLZ_HD\solrCloud\tomcat03\webapps\docs has finished in 199 ms
八月 25, 2020 1:05:30 下午 org.apache.catalina.startup.HostConfig deployDirectory
信息: Deploying web application directory D:\NLZ_HD\solrCloud\tomcat03\webapps\examples
八月 25, 2020 1:05:30 下午 org.apache.catalina.startup.HostConfig deployDirectory
信息: Deployment of web application directory D:\NLZ_HD\solrCloud\tomcat03\webapps\examples has finished in 143 ms
八月 25, 2020 1:05:30 下午 org.apache.catalina.startup.HostConfig deployDirectory
信息: Deploying web application directory D:\NLZ_HD\solrCloud\tomcat03\webapps\host-manager
八月 25, 2020 1:05:30 下午 org.apache.catalina.startup.HostConfig deployDirectory
信息: Deployment of web application directory D:\NLZ_HD\solrCloud\tomcat03\webapps\host-manager has finished in 32 ms
八月 25, 2020 1:05:30 下午 org.apache.catalina.startup.HostConfig deployDirectory
信息: Deploying web application directory D:\NLZ_HD\solrCloud\tomcat03\webapps\manager
八月 25, 2020 1:05:30 下午 org.apache.catalina.startup.HostConfig deployDirectory
信息: Deployment of web application directory D:\NLZ_HD\solrCloud\tomcat03\webapps\manager has finished in 26 ms
八月 25, 2020 1:05:30 下午 org.apache.catalina.startup.HostConfig deployDirectory
信息: Deploying web application directory D:\NLZ_HD\solrCloud\tomcat03\webapps\ROOT
八月 25, 2020 1:05:30 下午 org.apache.catalina.startup.HostConfig deployDirectory
信息: Deployment of web application directory D:\NLZ_HD\solrCloud\tomcat03\webapps\ROOT has finished in 20 ms
八月 25, 2020 1:05:30 下午 org.apache.catalina.startup.HostConfig deployDirectory
信息: Deploying web application directory D:\NLZ_HD\solrCloud\tomcat03\webapps\solr
八月 25, 2020 1:05:33 下午 org.apache.catalina.startup.TldConfig execute
信息: At least one JAR was scanned for TLDs yet contained no TLDs. Enable debug logging for this logger for a complete list of JARs that were scanned but no TLDs were found in them. Skipping unneeded JARs during scanning can improve startup time and JSP compilation time.
八月 25, 2020 1:05:34 下午 org.apache.catalina.startup.HostConfig deployDirectory
信息: Deployment of web application directory D:\NLZ_HD\solrCloud\tomcat03\webapps\solr has finished in 3,901 ms
八月 25, 2020 1:05:34 下午 org.apache.coyote.AbstractProtocol start
信息: Starting ProtocolHandler ["http-apr-8380"]
八月 25, 2020 1:05:34 下午 org.apache.coyote.AbstractProtocol start
信息: Starting ProtocolHandler ["ajp-apr-8309"]
八月 25, 2020 1:05:34 下午 org.apache.catalina.startup.Catalina start
信息: Server startup in 4361 ms
八月 25, 2020 1:14:13 下午 org.apache.catalina.startup.VersionLoggerListener log
信息: Server version:        Apache Tomcat/7.0.64
八月 25, 2020 1:14:13 下午 org.apache.catalina.startup.VersionLoggerListener log
信息: Server built:          Aug 19 2015 17:18:06 UTC
八月 25, 2020 1:14:13 下午 org.apache.catalina.startup.VersionLoggerListener log
信息: Server number:         7.0.64.0
八月 25, 2020 1:14:13 下午 org.apache.catalina.startup.VersionLoggerListener log
信息: OS Name:               Windows 10
八月 25, 2020 1:14:13 下午 org.apache.catalina.startup.VersionLoggerListener log
信息: OS Version:            10.0
八月 25, 2020 1:14:13 下午 org.apache.catalina.startup.VersionLoggerListener log
信息: Architecture:          amd64
八月 25, 2020 1:14:13 下午 org.apache.catalina.startup.VersionLoggerListener log
信息: Java Home:             C:\Program Files\Java\jdk1.8.0_251\jre
八月 25, 2020 1:14:13 下午 org.apache.catalina.startup.VersionLoggerListener log
信息: JVM Version:           1.8.0_251-b08
八月 25, 2020 1:14:13 下午 org.apache.catalina.startup.VersionLoggerListener log
信息: JVM Vendor:            Oracle Corporation
八月 25, 2020 1:14:13 下午 org.apache.catalina.startup.VersionLoggerListener log
信息: CATALINA_BASE:         D:\NLZ_HD\solrCloud\tomcat03
八月 25, 2020 1:14:13 下午 org.apache.catalina.startup.VersionLoggerListener log
信息: CATALINA_HOME:         D:\NLZ_HD\solrCloud\tomcat03
八月 25, 2020 1:14:13 下午 org.apache.catalina.startup.VersionLoggerListener log
信息: Command line argument: -Dsolr.solr.home=D:/NLZ_HD/solrCloud/solrhome03
八月 25, 2020 1:14:13 下午 org.apache.catalina.startup.VersionLoggerListener log
信息: Command line argument: -DzkHost=localhost:2181,localhost:2182,localhost:2183
八月 25, 2020 1:14:13 下午 org.apache.catalina.startup.VersionLoggerListener log
信息: Command line argument: -Djava.util.logging.config.file=D:\NLZ_HD\solrCloud\tomcat03\conf\logging.properties
八月 25, 2020 1:14:13 下午 org.apache.catalina.startup.VersionLoggerListener log
信息: Command line argument: -Djava.util.logging.manager=org.apache.juli.ClassLoaderLogManager
八月 25, 2020 1:14:13 下午 org.apache.catalina.startup.VersionLoggerListener log
信息: Command line argument: -Djava.endorsed.dirs=D:\NLZ_HD\solrCloud\tomcat03\endorsed
八月 25, 2020 1:14:13 下午 org.apache.catalina.startup.VersionLoggerListener log
信息: Command line argument: -Dcatalina.base=D:\NLZ_HD\solrCloud\tomcat03
八月 25, 2020 1:14:13 下午 org.apache.catalina.startup.VersionLoggerListener log
信息: Command line argument: -Dcatalina.home=D:\NLZ_HD\solrCloud\tomcat03
八月 25, 2020 1:14:13 下午 org.apache.catalina.startup.VersionLoggerListener log
信息: Command line argument: -Djava.io.tmpdir=D:\NLZ_HD\solrCloud\tomcat03\temp
八月 25, 2020 1:14:13 下午 org.apache.catalina.core.AprLifecycleListener lifecycleEvent
信息: Loaded APR based Apache Tomcat Native library 1.1.33 using APR version 1.5.1.
八月 25, 2020 1:14:13 下午 org.apache.catalina.core.AprLifecycleListener lifecycleEvent
信息: APR capabilities: IPv6 [true], sendfile [true], accept filters [false], random [true].
八月 25, 2020 1:14:14 下午 org.apache.catalina.core.AprLifecycleListener initializeSSL
信息: OpenSSL successfully initialized (OpenSSL 1.0.1m 19 Mar 2015)
八月 25, 2020 1:14:14 下午 org.apache.coyote.AbstractProtocol init
信息: Initializing ProtocolHandler ["http-apr-8380"]
八月 25, 2020 1:14:14 下午 org.apache.coyote.AbstractProtocol init
信息: Initializing ProtocolHandler ["ajp-apr-8309"]
八月 25, 2020 1:14:14 下午 org.apache.catalina.startup.Catalina load
信息: Initialization processed in 766 ms
八月 25, 2020 1:14:14 下午 org.apache.catalina.core.StandardService startInternal
信息: Starting service Catalina
八月 25, 2020 1:14:14 下午 org.apache.catalina.core.StandardEngine startInternal
信息: Starting Servlet Engine: Apache Tomcat/7.0.64
八月 25, 2020 1:14:14 下午 org.apache.catalina.startup.HostConfig deployDirectory
信息: Deploying web application directory D:\NLZ_HD\solrCloud\tomcat03\webapps\docs
八月 25, 2020 1:14:14 下午 org.apache.catalina.startup.HostConfig deployDirectory
信息: Deployment of web application directory D:\NLZ_HD\solrCloud\tomcat03\webapps\docs has finished in 180 ms
八月 25, 2020 1:14:14 下午 org.apache.catalina.startup.HostConfig deployDirectory
信息: Deploying web application directory D:\NLZ_HD\solrCloud\tomcat03\webapps\examples
八月 25, 2020 1:14:14 下午 org.apache.catalina.startup.HostConfig deployDirectory
信息: Deployment of web application directory D:\NLZ_HD\solrCloud\tomcat03\webapps\examples has finished in 150 ms
八月 25, 2020 1:14:14 下午 org.apache.catalina.startup.HostConfig deployDirectory
信息: Deploying web application directory D:\NLZ_HD\solrCloud\tomcat03\webapps\host-manager
八月 25, 2020 1:14:14 下午 org.apache.catalina.startup.HostConfig deployDirectory
信息: Deployment of web application directory D:\NLZ_HD\solrCloud\tomcat03\webapps\host-manager has finished in 30 ms
八月 25, 2020 1:14:14 下午 org.apache.catalina.startup.HostConfig deployDirectory
信息: Deploying web application directory D:\NLZ_HD\solrCloud\tomcat03\webapps\manager
八月 25, 2020 1:14:14 下午 org.apache.catalina.startup.HostConfig deployDirectory
信息: Deployment of web application directory D:\NLZ_HD\solrCloud\tomcat03\webapps\manager has finished in 26 ms
八月 25, 2020 1:14:14 下午 org.apache.catalina.startup.HostConfig deployDirectory
信息: Deploying web application directory D:\NLZ_HD\solrCloud\tomcat03\webapps\ROOT
八月 25, 2020 1:14:14 下午 org.apache.catalina.startup.HostConfig deployDirectory
信息: Deployment of web application directory D:\NLZ_HD\solrCloud\tomcat03\webapps\ROOT has finished in 21 ms
八月 25, 2020 1:14:14 下午 org.apache.catalina.startup.HostConfig deployDirectory
信息: Deploying web application directory D:\NLZ_HD\solrCloud\tomcat03\webapps\solr
八月 25, 2020 1:14:16 下午 org.apache.catalina.startup.TldConfig execute
信息: At least one JAR was scanned for TLDs yet contained no TLDs. Enable debug logging for this logger for a complete list of JARs that were scanned but no TLDs were found in them. Skipping unneeded JARs during scanning can improve startup time and JSP compilation time.
八月 25, 2020 1:14:18 下午 org.apache.catalina.startup.HostConfig deployDirectory
信息: Deployment of web application directory D:\NLZ_HD\solrCloud\tomcat03\webapps\solr has finished in 3,524 ms
八月 25, 2020 1:14:18 下午 org.apache.coyote.AbstractProtocol start
信息: Starting ProtocolHandler ["http-apr-8380"]
八月 25, 2020 1:14:18 下午 org.apache.coyote.AbstractProtocol start
信息: Starting ProtocolHandler ["ajp-apr-8309"]
八月 25, 2020 1:14:18 下午 org.apache.catalina.startup.Catalina start
信息: Server startup in 3964 ms
八月 25, 2020 1:30:19 下午 org.apache.catalina.startup.VersionLoggerListener log
信息: Server version:        Apache Tomcat/7.0.64
八月 25, 2020 1:30:19 下午 org.apache.catalina.startup.VersionLoggerListener log
信息: Server built:          Aug 19 2015 17:18:06 UTC
八月 25, 2020 1:30:19 下午 org.apache.catalina.startup.VersionLoggerListener log
信息: Server number:         7.0.64.0
八月 25, 2020 1:30:19 下午 org.apache.catalina.startup.VersionLoggerListener log
信息: OS Name:               Windows 10
八月 25, 2020 1:30:19 下午 org.apache.catalina.startup.VersionLoggerListener log
信息: OS Version:            10.0
八月 25, 2020 1:30:19 下午 org.apache.catalina.startup.VersionLoggerListener log
信息: Architecture:          amd64
八月 25, 2020 1:30:19 下午 org.apache.catalina.startup.VersionLoggerListener log
信息: Java Home:             C:\Program Files\Java\jdk1.8.0_251\jre
八月 25, 2020 1:30:19 下午 org.apache.catalina.startup.VersionLoggerListener log
信息: JVM Version:           1.8.0_251-b08
八月 25, 2020 1:30:19 下午 org.apache.catalina.startup.VersionLoggerListener log
信息: JVM Vendor:            Oracle Corporation
八月 25, 2020 1:30:19 下午 org.apache.catalina.startup.VersionLoggerListener log
信息: CATALINA_BASE:         D:\NLZ_HD\solrCloud\tomcat03
八月 25, 2020 1:30:19 下午 org.apache.catalina.startup.VersionLoggerListener log
信息: CATALINA_HOME:         D:\NLZ_HD\solrCloud\tomcat03
八月 25, 2020 1:30:19 下午 org.apache.catalina.startup.VersionLoggerListener log
信息: Command line argument: -Dsolr.solr.home=D:/NLZ_HD/solrCloud/solrhome03
八月 25, 2020 1:30:19 下午 org.apache.catalina.startup.VersionLoggerListener log
信息: Command line argument: -DzkHost=localhost:2181,localhost:2182,localhost:2183
八月 25, 2020 1:30:19 下午 org.apache.catalina.startup.VersionLoggerListener log
信息: Command line argument: -Djava.util.logging.config.file=D:\NLZ_HD\solrCloud\tomcat03\conf\logging.properties
八月 25, 2020 1:30:19 下午 org.apache.catalina.startup.VersionLoggerListener log
信息: Command line argument: -Djava.util.logging.manager=org.apache.juli.ClassLoaderLogManager
八月 25, 2020 1:30:19 下午 org.apache.catalina.startup.VersionLoggerListener log
信息: Command line argument: -Djava.endorsed.dirs=D:\NLZ_HD\solrCloud\tomcat03\endorsed
八月 25, 2020 1:30:19 下午 org.apache.catalina.startup.VersionLoggerListener log
信息: Command line argument: -Dcatalina.base=D:\NLZ_HD\solrCloud\tomcat03
八月 25, 2020 1:30:19 下午 org.apache.catalina.startup.VersionLoggerListener log
信息: Command line argument: -Dcatalina.home=D:\NLZ_HD\solrCloud\tomcat03
八月 25, 2020 1:30:19 下午 org.apache.catalina.startup.VersionLoggerListener log
信息: Command line argument: -Djava.io.tmpdir=D:\NLZ_HD\solrCloud\tomcat03\temp
八月 25, 2020 1:30:19 下午 org.apache.catalina.core.AprLifecycleListener lifecycleEvent
信息: Loaded APR based Apache Tomcat Native library 1.1.33 using APR version 1.5.1.
八月 25, 2020 1:30:19 下午 org.apache.catalina.core.AprLifecycleListener lifecycleEvent
信息: APR capabilities: IPv6 [true], sendfile [true], accept filters [false], random [true].
八月 25, 2020 1:30:19 下午 org.apache.catalina.core.AprLifecycleListener initializeSSL
信息: OpenSSL successfully initialized (OpenSSL 1.0.1m 19 Mar 2015)
八月 25, 2020 1:30:19 下午 org.apache.coyote.AbstractProtocol init
信息: Initializing ProtocolHandler ["http-apr-8380"]
八月 25, 2020 1:30:19 下午 org.apache.coyote.AbstractProtocol init
信息: Initializing ProtocolHandler ["ajp-apr-8309"]
八月 25, 2020 1:30:19 下午 org.apache.catalina.startup.Catalina load
信息: Initialization processed in 881 ms
八月 25, 2020 1:30:19 下午 org.apache.catalina.core.StandardService startInternal
信息: Starting service Catalina
八月 25, 2020 1:30:19 下午 org.apache.catalina.core.StandardEngine startInternal
信息: Starting Servlet Engine: Apache Tomcat/7.0.64
八月 25, 2020 1:30:19 下午 org.apache.catalina.startup.HostConfig deployDirectory
信息: Deploying web application directory D:\NLZ_HD\solrCloud\tomcat03\webapps\docs
八月 25, 2020 1:30:19 下午 org.apache.catalina.startup.HostConfig deployDirectory
信息: Deployment of web application directory D:\NLZ_HD\solrCloud\tomcat03\webapps\docs has finished in 202 ms
八月 25, 2020 1:30:19 下午 org.apache.catalina.startup.HostConfig deployDirectory
信息: Deploying web application directory D:\NLZ_HD\solrCloud\tomcat03\webapps\examples
八月 25, 2020 1:30:20 下午 org.apache.catalina.startup.HostConfig deployDirectory
信息: Deployment of web application directory D:\NLZ_HD\solrCloud\tomcat03\webapps\examples has finished in 172 ms
八月 25, 2020 1:30:20 下午 org.apache.catalina.startup.HostConfig deployDirectory
信息: Deploying web application directory D:\NLZ_HD\solrCloud\tomcat03\webapps\host-manager
八月 25, 2020 1:30:20 下午 org.apache.catalina.startup.HostConfig deployDirectory
信息: Deployment of web application directory D:\NLZ_HD\solrCloud\tomcat03\webapps\host-manager has finished in 37 ms
八月 25, 2020 1:30:20 下午 org.apache.catalina.startup.HostConfig deployDirectory
信息: Deploying web application directory D:\NLZ_HD\solrCloud\tomcat03\webapps\manager
八月 25, 2020 1:30:20 下午 org.apache.catalina.startup.HostConfig deployDirectory
信息: Deployment of web application directory D:\NLZ_HD\solrCloud\tomcat03\webapps\manager has finished in 33 ms
八月 25, 2020 1:30:20 下午 org.apache.catalina.startup.HostConfig deployDirectory
信息: Deploying web application directory D:\NLZ_HD\solrCloud\tomcat03\webapps\ROOT
八月 25, 2020 1:30:20 下午 org.apache.catalina.startup.HostConfig deployDirectory
信息: Deployment of web application directory D:\NLZ_HD\solrCloud\tomcat03\webapps\ROOT has finished in 25 ms
八月 25, 2020 1:30:20 下午 org.apache.catalina.startup.HostConfig deployDirectory
信息: Deploying web application directory D:\NLZ_HD\solrCloud\tomcat03\webapps\solr
八月 25, 2020 1:30:22 下午 org.apache.catalina.startup.TldConfig execute
信息: At least one JAR was scanned for TLDs yet contained no TLDs. Enable debug logging for this logger for a complete list of JARs that were scanned but no TLDs were found in them. Skipping unneeded JARs during scanning can improve startup time and JSP compilation time.
八月 25, 2020 1:30:24 下午 org.apache.catalina.startup.HostConfig deployDirectory
信息: Deployment of web application directory D:\NLZ_HD\solrCloud\tomcat03\webapps\solr has finished in 4,124 ms
八月 25, 2020 1:30:24 下午 org.apache.coyote.AbstractProtocol start
信息: Starting ProtocolHandler ["http-apr-8380"]
八月 25, 2020 1:30:24 下午 org.apache.coyote.AbstractProtocol start
信息: Starting ProtocolHandler ["ajp-apr-8309"]
八月 25, 2020 1:30:24 下午 org.apache.catalina.startup.Catalina start
信息: Server startup in 4626 ms
八月 25, 2020 3:17:56 下午 org.apache.catalina.startup.VersionLoggerListener log
信息: Server version:        Apache Tomcat/7.0.64
八月 25, 2020 3:17:56 下午 org.apache.catalina.startup.VersionLoggerListener log
信息: Server built:          Aug 19 2015 17:18:06 UTC
八月 25, 2020 3:17:56 下午 org.apache.catalina.startup.VersionLoggerListener log
信息: Server number:         7.0.64.0
八月 25, 2020 3:17:56 下午 org.apache.catalina.startup.VersionLoggerListener log
信息: OS Name:               Windows 10
八月 25, 2020 3:17:56 下午 org.apache.catalina.startup.VersionLoggerListener log
信息: OS Version:            10.0
八月 25, 2020 3:17:56 下午 org.apache.catalina.startup.VersionLoggerListener log
信息: Architecture:          amd64
八月 25, 2020 3:17:56 下午 org.apache.catalina.startup.VersionLoggerListener log
信息: Java Home:             C:\Program Files\Java\jdk1.8.0_251\jre
八月 25, 2020 3:17:56 下午 org.apache.catalina.startup.VersionLoggerListener log
信息: JVM Version:           1.8.0_251-b08
八月 25, 2020 3:17:56 下午 org.apache.catalina.startup.VersionLoggerListener log
信息: JVM Vendor:            Oracle Corporation
八月 25, 2020 3:17:56 下午 org.apache.catalina.startup.VersionLoggerListener log
信息: CATALINA_BASE:         D:\NLZ_HD\solrCloud\tomcat03
八月 25, 2020 3:17:56 下午 org.apache.catalina.startup.VersionLoggerListener log
信息: CATALINA_HOME:         D:\NLZ_HD\solrCloud\tomcat03
八月 25, 2020 3:17:56 下午 org.apache.catalina.startup.VersionLoggerListener log
信息: Command line argument: -Dsolr.solr.home=D:/NLZ_HD/solrCloud/solrhome03
八月 25, 2020 3:17:56 下午 org.apache.catalina.startup.VersionLoggerListener log
信息: Command line argument: -DzkHost=localhost:2181,localhost:2182,localhost:2183
八月 25, 2020 3:17:56 下午 org.apache.catalina.startup.VersionLoggerListener log
信息: Command line argument: -Djava.util.logging.config.file=D:\NLZ_HD\solrCloud\tomcat03\conf\logging.properties
八月 25, 2020 3:17:56 下午 org.apache.catalina.startup.VersionLoggerListener log
信息: Command line argument: -Djava.util.logging.manager=org.apache.juli.ClassLoaderLogManager
八月 25, 2020 3:17:56 下午 org.apache.catalina.startup.VersionLoggerListener log
信息: Command line argument: -Djava.endorsed.dirs=D:\NLZ_HD\solrCloud\tomcat03\endorsed
八月 25, 2020 3:17:56 下午 org.apache.catalina.startup.VersionLoggerListener log
信息: Command line argument: -Dcatalina.base=D:\NLZ_HD\solrCloud\tomcat03
八月 25, 2020 3:17:56 下午 org.apache.catalina.startup.VersionLoggerListener log
信息: Command line argument: -Dcatalina.home=D:\NLZ_HD\solrCloud\tomcat03
八月 25, 2020 3:17:56 下午 org.apache.catalina.startup.VersionLoggerListener log
信息: Command line argument: -Djava.io.tmpdir=D:\NLZ_HD\solrCloud\tomcat03\temp
八月 25, 2020 3:17:56 下午 org.apache.catalina.core.AprLifecycleListener lifecycleEvent
信息: Loaded APR based Apache Tomcat Native library 1.1.33 using APR version 1.5.1.
八月 25, 2020 3:17:56 下午 org.apache.catalina.core.AprLifecycleListener lifecycleEvent
信息: APR capabilities: IPv6 [true], sendfile [true], accept filters [false], random [true].
八月 25, 2020 3:17:57 下午 org.apache.catalina.core.AprLifecycleListener initializeSSL
信息: OpenSSL successfully initialized (OpenSSL 1.0.1m 19 Mar 2015)
八月 25, 2020 3:17:57 下午 org.apache.coyote.AbstractProtocol init
信息: Initializing ProtocolHandler ["http-apr-8380"]
八月 25, 2020 3:17:57 下午 org.apache.coyote.AbstractProtocol init
信息: Initializing ProtocolHandler ["ajp-apr-8309"]
八月 25, 2020 3:17:57 下午 org.apache.catalina.startup.Catalina load
信息: Initialization processed in 802 ms
八月 25, 2020 3:17:57 下午 org.apache.catalina.core.StandardService startInternal
信息: Starting service Catalina
八月 25, 2020 3:17:57 下午 org.apache.catalina.core.StandardEngine startInternal
信息: Starting Servlet Engine: Apache Tomcat/7.0.64
八月 25, 2020 3:17:57 下午 org.apache.catalina.startup.HostConfig deployDirectory
信息: Deploying web application directory D:\NLZ_HD\solrCloud\tomcat03\webapps\docs
八月 25, 2020 3:17:57 下午 org.apache.catalina.startup.HostConfig deployDirectory
信息: Deployment of web application directory D:\NLZ_HD\solrCloud\tomcat03\webapps\docs has finished in 178 ms
八月 25, 2020 3:17:57 下午 org.apache.catalina.startup.HostConfig deployDirectory
信息: Deploying web application directory D:\NLZ_HD\solrCloud\tomcat03\webapps\examples
八月 25, 2020 3:17:57 下午 org.apache.catalina.startup.HostConfig deployDirectory
信息: Deployment of web application directory D:\NLZ_HD\solrCloud\tomcat03\webapps\examples has finished in 155 ms
八月 25, 2020 3:17:57 下午 org.apache.catalina.startup.HostConfig deployDirectory
信息: Deploying web application directory D:\NLZ_HD\solrCloud\tomcat03\webapps\host-manager
八月 25, 2020 3:17:57 下午 org.apache.catalina.startup.HostConfig deployDirectory
信息: Deployment of web application directory D:\NLZ_HD\solrCloud\tomcat03\webapps\host-manager has finished in 31 ms
八月 25, 2020 3:17:57 下午 org.apache.catalina.startup.HostConfig deployDirectory
信息: Deploying web application directory D:\NLZ_HD\solrCloud\tomcat03\webapps\manager
八月 25, 2020 3:17:57 下午 org.apache.catalina.startup.HostConfig deployDirectory
信息: Deployment of web application directory D:\NLZ_HD\solrCloud\tomcat03\webapps\manager has finished in 26 ms
八月 25, 2020 3:17:57 下午 org.apache.catalina.startup.HostConfig deployDirectory
信息: Deploying web application directory D:\NLZ_HD\solrCloud\tomcat03\webapps\ROOT
八月 25, 2020 3:17:57 下午 org.apache.catalina.startup.HostConfig deployDirectory
信息: Deployment of web application directory D:\NLZ_HD\solrCloud\tomcat03\webapps\ROOT has finished in 20 ms
八月 25, 2020 3:17:57 下午 org.apache.catalina.startup.HostConfig deployDirectory
信息: Deploying web application directory D:\NLZ_HD\solrCloud\tomcat03\webapps\solr
八月 25, 2020 3:17:59 下午 org.apache.catalina.startup.TldConfig execute
信息: At least one JAR was scanned for TLDs yet contained no TLDs. Enable debug logging for this logger for a complete list of JARs that were scanned but no TLDs were found in them. Skipping unneeded JARs during scanning can improve startup time and JSP compilation time.
八月 25, 2020 3:18:01 下午 org.apache.catalina.startup.HostConfig deployDirectory
信息: Deployment of web application directory D:\NLZ_HD\solrCloud\tomcat03\webapps\solr has finished in 3,775 ms
八月 25, 2020 3:18:01 下午 org.apache.coyote.AbstractProtocol start
信息: Starting ProtocolHandler ["http-apr-8380"]
八月 25, 2020 3:18:01 下午 org.apache.coyote.AbstractProtocol start
信息: Starting ProtocolHandler ["ajp-apr-8309"]
八月 25, 2020 3:18:01 下午 org.apache.catalina.startup.Catalina start
信息: Server startup in 4216 ms
八月 25, 2020 3:45:00 下午 org.apache.catalina.startup.VersionLoggerListener log
信息: Server version:        Apache Tomcat/7.0.64
八月 25, 2020 3:45:00 下午 org.apache.catalina.startup.VersionLoggerListener log
信息: Server built:          Aug 19 2015 17:18:06 UTC
八月 25, 2020 3:45:00 下午 org.apache.catalina.startup.VersionLoggerListener log
信息: Server number:         7.0.64.0
八月 25, 2020 3:45:00 下午 org.apache.catalina.startup.VersionLoggerListener log
信息: OS Name:               Windows 10
八月 25, 2020 3:45:00 下午 org.apache.catalina.startup.VersionLoggerListener log
信息: OS Version:            10.0
八月 25, 2020 3:45:00 下午 org.apache.catalina.startup.VersionLoggerListener log
信息: Architecture:          amd64
八月 25, 2020 3:45:00 下午 org.apache.catalina.startup.VersionLoggerListener log
信息: Java Home:             C:\Program Files\Java\jdk1.8.0_251\jre
八月 25, 2020 3:45:00 下午 org.apache.catalina.startup.VersionLoggerListener log
信息: JVM Version:           1.8.0_251-b08
八月 25, 2020 3:45:00 下午 org.apache.catalina.startup.VersionLoggerListener log
信息: JVM Vendor:            Oracle Corporation
八月 25, 2020 3:45:00 下午 org.apache.catalina.startup.VersionLoggerListener log
信息: CATALINA_BASE:         D:\NLZ_HD\solrCloud\tomcat03
八月 25, 2020 3:45:00 下午 org.apache.catalina.startup.VersionLoggerListener log
信息: CATALINA_HOME:         D:\NLZ_HD\solrCloud\tomcat03
八月 25, 2020 3:45:00 下午 org.apache.catalina.startup.VersionLoggerListener log
信息: Command line argument: -Dsolr.solr.home=D:/NLZ_HD/solrCloud/solrhome03
八月 25, 2020 3:45:00 下午 org.apache.catalina.startup.VersionLoggerListener log
信息: Command line argument: -DzkHost=localhost:2181,localhost:2182,localhost:2183
八月 25, 2020 3:45:00 下午 org.apache.catalina.startup.VersionLoggerListener log
信息: Command line argument: -Djava.util.logging.config.file=D:\NLZ_HD\solrCloud\tomcat03\conf\logging.properties
八月 25, 2020 3:45:00 下午 org.apache.catalina.startup.VersionLoggerListener log
信息: Command line argument: -Djava.util.logging.manager=org.apache.juli.ClassLoaderLogManager
八月 25, 2020 3:45:00 下午 org.apache.catalina.startup.VersionLoggerListener log
信息: Command line argument: -Djava.endorsed.dirs=D:\NLZ_HD\solrCloud\tomcat03\endorsed
八月 25, 2020 3:45:00 下午 org.apache.catalina.startup.VersionLoggerListener log
信息: Command line argument: -Dcatalina.base=D:\NLZ_HD\solrCloud\tomcat03
八月 25, 2020 3:45:00 下午 org.apache.catalina.startup.VersionLoggerListener log
信息: Command line argument: -Dcatalina.home=D:\NLZ_HD\solrCloud\tomcat03
八月 25, 2020 3:45:00 下午 org.apache.catalina.startup.VersionLoggerListener log
信息: Command line argument: -Djava.io.tmpdir=D:\NLZ_HD\solrCloud\tomcat03\temp
八月 25, 2020 3:45:00 下午 org.apache.catalina.core.AprLifecycleListener lifecycleEvent
信息: Loaded APR based Apache Tomcat Native library 1.1.33 using APR version 1.5.1.
八月 25, 2020 3:45:00 下午 org.apache.catalina.core.AprLifecycleListener lifecycleEvent
信息: APR capabilities: IPv6 [true], sendfile [true], accept filters [false], random [true].
八月 25, 2020 3:45:00 下午 org.apache.catalina.core.AprLifecycleListener initializeSSL
信息: OpenSSL successfully initialized (OpenSSL 1.0.1m 19 Mar 2015)
八月 25, 2020 3:45:00 下午 org.apache.coyote.AbstractProtocol init
信息: Initializing ProtocolHandler ["http-apr-8380"]
八月 25, 2020 3:45:00 下午 org.apache.coyote.AbstractProtocol init
信息: Initializing ProtocolHandler ["ajp-apr-8309"]
八月 25, 2020 3:45:00 下午 org.apache.catalina.startup.Catalina load
信息: Initialization processed in 772 ms
八月 25, 2020 3:45:00 下午 org.apache.catalina.core.StandardService startInternal
信息: Starting service Catalina
八月 25, 2020 3:45:00 下午 org.apache.catalina.core.StandardEngine startInternal
信息: Starting Servlet Engine: Apache Tomcat/7.0.64
八月 25, 2020 3:45:00 下午 org.apache.catalina.startup.HostConfig deployDirectory
信息: Deploying web application directory D:\NLZ_HD\solrCloud\tomcat03\webapps\docs
八月 25, 2020 3:45:01 下午 org.apache.catalina.startup.HostConfig deployDirectory
信息: Deployment of web application directory D:\NLZ_HD\solrCloud\tomcat03\webapps\docs has finished in 248 ms
八月 25, 2020 3:45:01 下午 org.apache.catalina.startup.HostConfig deployDirectory
信息: Deploying web application directory D:\NLZ_HD\solrCloud\tomcat03\webapps\examples
八月 25, 2020 3:45:01 下午 org.apache.catalina.startup.HostConfig deployDirectory
信息: Deployment of web application directory D:\NLZ_HD\solrCloud\tomcat03\webapps\examples has finished in 230 ms
八月 25, 2020 3:45:01 下午 org.apache.catalina.startup.HostConfig deployDirectory
信息: Deploying web application directory D:\NLZ_HD\solrCloud\tomcat03\webapps\host-manager
八月 25, 2020 3:45:01 下午 org.apache.catalina.startup.HostConfig deployDirectory
信息: Deployment of web application directory D:\NLZ_HD\solrCloud\tomcat03\webapps\host-manager has finished in 44 ms
八月 25, 2020 3:45:01 下午 org.apache.catalina.startup.HostConfig deployDirectory
信息: Deploying web application directory D:\NLZ_HD\solrCloud\tomcat03\webapps\manager
八月 25, 2020 3:45:01 下午 org.apache.catalina.startup.HostConfig deployDirectory
信息: Deployment of web application directory D:\NLZ_HD\solrCloud\tomcat03\webapps\manager has finished in 36 ms
八月 25, 2020 3:45:01 下午 org.apache.catalina.startup.HostConfig deployDirectory
信息: Deploying web application directory D:\NLZ_HD\solrCloud\tomcat03\webapps\ROOT
八月 25, 2020 3:45:01 下午 org.apache.catalina.startup.HostConfig deployDirectory
信息: Deployment of web application directory D:\NLZ_HD\solrCloud\tomcat03\webapps\ROOT has finished in 22 ms
八月 25, 2020 3:45:01 下午 org.apache.catalina.startup.HostConfig deployDirectory
信息: Deploying web application directory D:\NLZ_HD\solrCloud\tomcat03\webapps\solr
八月 25, 2020 3:45:03 下午 org.apache.catalina.startup.TldConfig execute
信息: At least one JAR was scanned for TLDs yet contained no TLDs. Enable debug logging for this logger for a complete list of JARs that were scanned but no TLDs were found in them. Skipping unneeded JARs during scanning can improve startup time and JSP compilation time.
八月 25, 2020 3:45:05 下午 org.apache.catalina.startup.HostConfig deployDirectory
信息: Deployment of web application directory D:\NLZ_HD\solrCloud\tomcat03\webapps\solr has finished in 3,840 ms
八月 25, 2020 3:45:05 下午 org.apache.coyote.AbstractProtocol start
信息: Starting ProtocolHandler ["http-apr-8380"]
八月 25, 2020 3:45:05 下午 org.apache.coyote.AbstractProtocol start
信息: Starting ProtocolHandler ["ajp-apr-8309"]
八月 25, 2020 3:45:05 下午 org.apache.catalina.startup.Catalina start
信息: Server startup in 4466 ms
八月 25, 2020 3:47:12 下午 org.apache.catalina.startup.VersionLoggerListener log
信息: Server version:        Apache Tomcat/7.0.64
八月 25, 2020 3:47:12 下午 org.apache.catalina.startup.VersionLoggerListener log
信息: Server built:          Aug 19 2015 17:18:06 UTC
八月 25, 2020 3:47:12 下午 org.apache.catalina.startup.VersionLoggerListener log
信息: Server number:         7.0.64.0
八月 25, 2020 3:47:12 下午 org.apache.catalina.startup.VersionLoggerListener log
信息: OS Name:               Windows 10
八月 25, 2020 3:47:12 下午 org.apache.catalina.startup.VersionLoggerListener log
信息: OS Version:            10.0
八月 25, 2020 3:47:12 下午 org.apache.catalina.startup.VersionLoggerListener log
信息: Architecture:          amd64
八月 25, 2020 3:47:12 下午 org.apache.catalina.startup.VersionLoggerListener log
信息: Java Home:             C:\Program Files\Java\jdk1.8.0_251\jre
八月 25, 2020 3:47:12 下午 org.apache.catalina.startup.VersionLoggerListener log
信息: JVM Version:           1.8.0_251-b08
八月 25, 2020 3:47:12 下午 org.apache.catalina.startup.VersionLoggerListener log
信息: JVM Vendor:            Oracle Corporation
八月 25, 2020 3:47:12 下午 org.apache.catalina.startup.VersionLoggerListener log
信息: CATALINA_BASE:         D:\NLZ_HD\solrCloud\tomcat03
八月 25, 2020 3:47:12 下午 org.apache.catalina.startup.VersionLoggerListener log
信息: CATALINA_HOME:         D:\NLZ_HD\solrCloud\tomcat03
八月 25, 2020 3:47:12 下午 org.apache.catalina.startup.VersionLoggerListener log
信息: Command line argument: -Dsolr.solr.home=D:/NLZ_HD/solrCloud/solrhome03
八月 25, 2020 3:47:12 下午 org.apache.catalina.startup.VersionLoggerListener log
信息: Command line argument: -DzkHost=localhost:2181,localhost:2182,localhost:2183
八月 25, 2020 3:47:12 下午 org.apache.catalina.startup.VersionLoggerListener log
信息: Command line argument: -Djava.util.logging.config.file=D:\NLZ_HD\solrCloud\tomcat03\conf\logging.properties
八月 25, 2020 3:47:12 下午 org.apache.catalina.startup.VersionLoggerListener log
信息: Command line argument: -Djava.util.logging.manager=org.apache.juli.ClassLoaderLogManager
八月 25, 2020 3:47:12 下午 org.apache.catalina.startup.VersionLoggerListener log
信息: Command line argument: -Djava.endorsed.dirs=D:\NLZ_HD\solrCloud\tomcat03\endorsed
八月 25, 2020 3:47:12 下午 org.apache.catalina.startup.VersionLoggerListener log
信息: Command line argument: -Dcatalina.base=D:\NLZ_HD\solrCloud\tomcat03
八月 25, 2020 3:47:12 下午 org.apache.catalina.startup.VersionLoggerListener log
信息: Command line argument: -Dcatalina.home=D:\NLZ_HD\solrCloud\tomcat03
八月 25, 2020 3:47:12 下午 org.apache.catalina.startup.VersionLoggerListener log
信息: Command line argument: -Djava.io.tmpdir=D:\NLZ_HD\solrCloud\tomcat03\temp
八月 25, 2020 3:47:12 下午 org.apache.catalina.core.AprLifecycleListener lifecycleEvent
信息: Loaded APR based Apache Tomcat Native library 1.1.33 using APR version 1.5.1.
八月 25, 2020 3:47:12 下午 org.apache.catalina.core.AprLifecycleListener lifecycleEvent
信息: APR capabilities: IPv6 [true], sendfile [true], accept filters [false], random [true].
八月 25, 2020 3:47:13 下午 org.apache.catalina.core.AprLifecycleListener initializeSSL
信息: OpenSSL successfully initialized (OpenSSL 1.0.1m 19 Mar 2015)
八月 25, 2020 3:47:13 下午 org.apache.coyote.AbstractProtocol init
信息: Initializing ProtocolHandler ["http-apr-8380"]
八月 25, 2020 3:47:13 下午 org.apache.coyote.AbstractProtocol init
信息: Initializing ProtocolHandler ["ajp-apr-8309"]
八月 25, 2020 3:47:13 下午 org.apache.catalina.startup.Catalina load
信息: Initialization processed in 937 ms
八月 25, 2020 3:47:13 下午 org.apache.catalina.core.StandardService startInternal
信息: Starting service Catalina
八月 25, 2020 3:47:13 下午 org.apache.catalina.core.StandardEngine startInternal
信息: Starting Servlet Engine: Apache Tomcat/7.0.64
八月 25, 2020 3:47:13 下午 org.apache.catalina.startup.HostConfig deployDirectory
信息: Deploying web application directory D:\NLZ_HD\solrCloud\tomcat03\webapps\docs
八月 25, 2020 3:47:13 下午 org.apache.catalina.startup.HostConfig deployDirectory
信息: Deployment of web application directory D:\NLZ_HD\solrCloud\tomcat03\webapps\docs has finished in 200 ms
八月 25, 2020 3:47:13 下午 org.apache.catalina.startup.HostConfig deployDirectory
信息: Deploying web application directory D:\NLZ_HD\solrCloud\tomcat03\webapps\examples
八月 25, 2020 3:47:13 下午 org.apache.catalina.startup.HostConfig deployDirectory
信息: Deployment of web application directory D:\NLZ_HD\solrCloud\tomcat03\webapps\examples has finished in 153 ms
八月 25, 2020 3:47:13 下午 org.apache.catalina.startup.HostConfig deployDirectory
信息: Deploying web application directory D:\NLZ_HD\solrCloud\tomcat03\webapps\host-manager
八月 25, 2020 3:47:13 下午 org.apache.catalina.startup.HostConfig deployDirectory
信息: Deployment of web application directory D:\NLZ_HD\solrCloud\tomcat03\webapps\host-manager has finished in 31 ms
八月 25, 2020 3:47:13 下午 org.apache.catalina.startup.HostConfig deployDirectory
信息: Deploying web application directory D:\NLZ_HD\solrCloud\tomcat03\webapps\manager
八月 25, 2020 3:47:13 下午 org.apache.catalina.startup.HostConfig deployDirectory
信息: Deployment of web application directory D:\NLZ_HD\solrCloud\tomcat03\webapps\manager has finished in 27 ms
八月 25, 2020 3:47:13 下午 org.apache.catalina.startup.HostConfig deployDirectory
信息: Deploying web application directory D:\NLZ_HD\solrCloud\tomcat03\webapps\ROOT
八月 25, 2020 3:47:13 下午 org.apache.catalina.startup.HostConfig deployDirectory
信息: Deployment of web application directory D:\NLZ_HD\solrCloud\tomcat03\webapps\ROOT has finished in 20 ms
八月 25, 2020 3:47:13 下午 org.apache.catalina.startup.HostConfig deployDirectory
信息: Deploying web application directory D:\NLZ_HD\solrCloud\tomcat03\webapps\solr
八月 25, 2020 3:47:15 下午 org.apache.catalina.startup.TldConfig execute
信息: At least one JAR was scanned for TLDs yet contained no TLDs. Enable debug logging for this logger for a complete list of JARs that were scanned but no TLDs were found in them. Skipping unneeded JARs during scanning can improve startup time and JSP compilation time.
八月 25, 2020 3:47:17 下午 org.apache.catalina.startup.HostConfig deployDirectory
信息: Deployment of web application directory D:\NLZ_HD\solrCloud\tomcat03\webapps\solr has finished in 3,866 ms
八月 25, 2020 3:47:17 下午 org.apache.coyote.AbstractProtocol start
信息: Starting ProtocolHandler ["http-apr-8380"]
八月 25, 2020 3:47:17 下午 org.apache.coyote.AbstractProtocol start
信息: Starting ProtocolHandler ["ajp-apr-8309"]
八月 25, 2020 3:47:17 下午 org.apache.catalina.startup.Catalina start
信息: Server startup in 4334 ms
八月 25, 2020 3:56:20 下午 org.apache.catalina.startup.VersionLoggerListener log
信息: Server version:        Apache Tomcat/7.0.64
八月 25, 2020 3:56:20 下午 org.apache.catalina.startup.VersionLoggerListener log
信息: Server built:          Aug 19 2015 17:18:06 UTC
八月 25, 2020 3:56:20 下午 org.apache.catalina.startup.VersionLoggerListener log
信息: Server number:         7.0.64.0
八月 25, 2020 3:56:20 下午 org.apache.catalina.startup.VersionLoggerListener log
信息: OS Name:               Windows 10
八月 25, 2020 3:56:20 下午 org.apache.catalina.startup.VersionLoggerListener log
信息: OS Version:            10.0
八月 25, 2020 3:56:20 下午 org.apache.catalina.startup.VersionLoggerListener log
信息: Architecture:          amd64
八月 25, 2020 3:56:20 下午 org.apache.catalina.startup.VersionLoggerListener log
信息: Java Home:             C:\Program Files\Java\jdk1.8.0_251\jre
八月 25, 2020 3:56:20 下午 org.apache.catalina.startup.VersionLoggerListener log
信息: JVM Version:           1.8.0_251-b08
八月 25, 2020 3:56:20 下午 org.apache.catalina.startup.VersionLoggerListener log
信息: JVM Vendor:            Oracle Corporation
八月 25, 2020 3:56:20 下午 org.apache.catalina.startup.VersionLoggerListener log
信息: CATALINA_BASE:         D:\NLZ_HD\solrCloud\tomcat03
八月 25, 2020 3:56:20 下午 org.apache.catalina.startup.VersionLoggerListener log
信息: CATALINA_HOME:         D:\NLZ_HD\solrCloud\tomcat03
八月 25, 2020 3:56:20 下午 org.apache.catalina.startup.VersionLoggerListener log
信息: Command line argument: -Dsolr.solr.home=D:/NLZ_HD/solrCloud/solrhome03
八月 25, 2020 3:56:20 下午 org.apache.catalina.startup.VersionLoggerListener log
信息: Command line argument: -DzkHost=localhost:2181,localhost:2182,localhost:2183
八月 25, 2020 3:56:20 下午 org.apache.catalina.startup.VersionLoggerListener log
信息: Command line argument: -Djava.util.logging.config.file=D:\NLZ_HD\solrCloud\tomcat03\conf\logging.properties
八月 25, 2020 3:56:20 下午 org.apache.catalina.startup.VersionLoggerListener log
信息: Command line argument: -Djava.util.logging.manager=org.apache.juli.ClassLoaderLogManager
八月 25, 2020 3:56:20 下午 org.apache.catalina.startup.VersionLoggerListener log
信息: Command line argument: -Djava.endorsed.dirs=D:\NLZ_HD\solrCloud\tomcat03\endorsed
八月 25, 2020 3:56:20 下午 org.apache.catalina.startup.VersionLoggerListener log
信息: Command line argument: -Dcatalina.base=D:\NLZ_HD\solrCloud\tomcat03
八月 25, 2020 3:56:20 下午 org.apache.catalina.startup.VersionLoggerListener log
信息: Command line argument: -Dcatalina.home=D:\NLZ_HD\solrCloud\tomcat03
八月 25, 2020 3:56:20 下午 org.apache.catalina.startup.VersionLoggerListener log
信息: Command line argument: -Djava.io.tmpdir=D:\NLZ_HD\solrCloud\tomcat03\temp
八月 25, 2020 3:56:20 下午 org.apache.catalina.core.AprLifecycleListener lifecycleEvent
信息: Loaded APR based Apache Tomcat Native library 1.1.33 using APR version 1.5.1.
八月 25, 2020 3:56:20 下午 org.apache.catalina.core.AprLifecycleListener lifecycleEvent
信息: APR capabilities: IPv6 [true], sendfile [true], accept filters [false], random [true].
八月 25, 2020 3:56:21 下午 org.apache.catalina.core.AprLifecycleListener initializeSSL
信息: OpenSSL successfully initialized (OpenSSL 1.0.1m 19 Mar 2015)
八月 25, 2020 3:56:21 下午 org.apache.coyote.AbstractProtocol init
信息: Initializing ProtocolHandler ["http-apr-8380"]
八月 25, 2020 3:56:21 下午 org.apache.coyote.AbstractProtocol init
信息: Initializing ProtocolHandler ["ajp-apr-8309"]
八月 25, 2020 3:56:21 下午 org.apache.catalina.startup.Catalina load
信息: Initialization processed in 784 ms
八月 25, 2020 3:56:21 下午 org.apache.catalina.core.StandardService startInternal
信息: Starting service Catalina
八月 25, 2020 3:56:21 下午 org.apache.catalina.core.StandardEngine startInternal
信息: Starting Servlet Engine: Apache Tomcat/7.0.64
八月 25, 2020 3:56:21 下午 org.apache.catalina.startup.HostConfig deployDirectory
信息: Deploying web application directory D:\NLZ_HD\solrCloud\tomcat03\webapps\docs
八月 25, 2020 3:56:21 下午 org.apache.catalina.startup.HostConfig deployDirectory
信息: Deployment of web application directory D:\NLZ_HD\solrCloud\tomcat03\webapps\docs has finished in 183 ms
八月 25, 2020 3:56:21 下午 org.apache.catalina.startup.HostConfig deployDirectory
信息: Deploying web application directory D:\NLZ_HD\solrCloud\tomcat03\webapps\examples
八月 25, 2020 3:56:22 下午 org.apache.catalina.startup.HostConfig deployDirectory
信息: Deployment of web application directory D:\NLZ_HD\solrCloud\tomcat03\webapps\examples has finished in 274 ms
八月 25, 2020 3:56:22 下午 org.apache.catalina.startup.HostConfig deployDirectory
信息: Deploying web application directory D:\NLZ_HD\solrCloud\tomcat03\webapps\host-manager
八月 25, 2020 3:56:22 下午 org.apache.catalina.startup.HostConfig deployDirectory
信息: Deployment of web application directory D:\NLZ_HD\solrCloud\tomcat03\webapps\host-manager has finished in 29 ms
八月 25, 2020 3:56:22 下午 org.apache.catalina.startup.HostConfig deployDirectory
信息: Deploying web application directory D:\NLZ_HD\solrCloud\tomcat03\webapps\manager
八月 25, 2020 3:56:22 下午 org.apache.catalina.startup.HostConfig deployDirectory
信息: Deployment of web application directory D:\NLZ_HD\solrCloud\tomcat03\webapps\manager has finished in 30 ms
八月 25, 2020 3:56:22 下午 org.apache.catalina.startup.HostConfig deployDirectory
信息: Deploying web application directory D:\NLZ_HD\solrCloud\tomcat03\webapps\ROOT
八月 25, 2020 3:56:22 下午 org.apache.catalina.startup.HostConfig deployDirectory
信息: Deployment of web application directory D:\NLZ_HD\solrCloud\tomcat03\webapps\ROOT has finished in 21 ms
八月 25, 2020 3:56:22 下午 org.apache.catalina.startup.HostConfig deployDirectory
信息: Deploying web application directory D:\NLZ_HD\solrCloud\tomcat03\webapps\solr
八月 25, 2020 3:56:25 下午 org.apache.catalina.startup.TldConfig execute
信息: At least one JAR was scanned for TLDs yet contained no TLDs. Enable debug logging for this logger for a complete list of JARs that were scanned but no TLDs were found in them. Skipping unneeded JARs during scanning can improve startup time and JSP compilation time.
八月 25, 2020 3:56:28 下午 org.apache.catalina.startup.HostConfig deployDirectory
信息: Deployment of web application directory D:\NLZ_HD\solrCloud\tomcat03\webapps\solr has finished in 6,008 ms
八月 25, 2020 3:56:28 下午 org.apache.coyote.AbstractProtocol start
信息: Starting ProtocolHandler ["http-apr-8380"]
八月 25, 2020 3:56:28 下午 org.apache.coyote.AbstractProtocol start
信息: Starting ProtocolHandler ["ajp-apr-8309"]
八月 25, 2020 3:56:28 下午 org.apache.catalina.startup.Catalina start
信息: Server startup in 6581 ms
