八月 25, 2020 10:52:28 上午 org.apache.catalina.core.ApplicationContext log
信息: ContextListener: contextInitialized()
八月 25, 2020 10:52:28 上午 org.apache.catalina.core.ApplicationContext log
信息: SessionListener: contextInitialized()
八月 25, 2020 10:52:28 上午 org.apache.catalina.core.ApplicationContext log
信息: ContextListener: attributeAdded('org.apache.jasper.compiler.TldLocationsCache', 'org.apache.jasper.compiler.TldLocationsCache@790a4961')
八月 25, 2020 10:53:24 上午 org.apache.catalina.core.ApplicationContext log
信息: ContextListener: contextInitialized()
八月 25, 2020 10:53:24 上午 org.apache.catalina.core.ApplicationContext log
信息: SessionListener: contextInitialized()
八月 25, 2020 10:53:24 上午 org.apache.catalina.core.ApplicationContext log
信息: ContextListener: attributeAdded('org.apache.jasper.compiler.TldLocationsCache', 'org.apache.jasper.compiler.TldLocationsCache@4fbeedb9')
八月 25, 2020 12:43:37 下午 org.apache.catalina.core.ApplicationContext log
信息: ContextListener: contextInitialized()
八月 25, 2020 12:43:37 下午 org.apache.catalina.core.ApplicationContext log
信息: SessionListener: contextInitialized()
八月 25, 2020 12:43:37 下午 org.apache.catalina.core.ApplicationContext log
信息: ContextListener: attributeAdded('org.apache.jasper.compiler.TldLocationsCache', 'org.apache.jasper.compiler.TldLocationsCache@4fbeedb9')
八月 25, 2020 12:44:38 下午 org.apache.catalina.core.ApplicationContext log
信息: ContextListener: contextInitialized()
八月 25, 2020 12:44:38 下午 org.apache.catalina.core.ApplicationContext log
信息: SessionListener: contextInitialized()
八月 25, 2020 12:44:38 下午 org.apache.catalina.core.ApplicationContext log
信息: ContextListener: attributeAdded('org.apache.jasper.compiler.TldLocationsCache', 'org.apache.jasper.compiler.TldLocationsCache@7bf3b44d')
八月 25, 2020 12:52:49 下午 org.apache.catalina.core.ApplicationContext log
信息: ContextListener: contextInitialized()
八月 25, 2020 12:52:49 下午 org.apache.catalina.core.ApplicationContext log
信息: SessionListener: contextInitialized()
八月 25, 2020 12:52:49 下午 org.apache.catalina.core.ApplicationContext log
信息: ContextListener: attributeAdded('org.apache.jasper.compiler.TldLocationsCache', 'org.apache.jasper.compiler.TldLocationsCache@790a4961')
八月 25, 2020 1:02:30 下午 org.apache.catalina.core.ApplicationContext log
信息: ContextListener: contextInitialized()
八月 25, 2020 1:02:30 下午 org.apache.catalina.core.ApplicationContext log
信息: SessionListener: contextInitialized()
八月 25, 2020 1:02:30 下午 org.apache.catalina.core.ApplicationContext log
信息: ContextListener: attributeAdded('org.apache.jasper.compiler.TldLocationsCache', 'org.apache.jasper.compiler.TldLocationsCache@790a4961')
八月 25, 2020 1:03:47 下午 org.apache.catalina.core.ApplicationContext log
信息: ContextListener: contextInitialized()
八月 25, 2020 1:03:47 下午 org.apache.catalina.core.ApplicationContext log
信息: SessionListener: contextInitialized()
八月 25, 2020 1:03:47 下午 org.apache.catalina.core.ApplicationContext log
信息: ContextListener: attributeAdded('org.apache.jasper.compiler.TldLocationsCache', 'org.apache.jasper.compiler.TldLocationsCache@790a4961')
八月 25, 2020 1:05:30 下午 org.apache.catalina.core.ApplicationContext log
信息: ContextListener: contextInitialized()
八月 25, 2020 1:05:30 下午 org.apache.catalina.core.ApplicationContext log
信息: SessionListener: contextInitialized()
八月 25, 2020 1:05:30 下午 org.apache.catalina.core.ApplicationContext log
信息: ContextListener: attributeAdded('org.apache.jasper.compiler.TldLocationsCache', 'org.apache.jasper.compiler.TldLocationsCache@790a4961')
八月 25, 2020 1:14:14 下午 org.apache.catalina.core.ApplicationContext log
信息: ContextListener: contextInitialized()
八月 25, 2020 1:14:14 下午 org.apache.catalina.core.ApplicationContext log
信息: SessionListener: contextInitialized()
八月 25, 2020 1:14:14 下午 org.apache.catalina.core.ApplicationContext log
信息: ContextListener: attributeAdded('org.apache.jasper.compiler.TldLocationsCache', 'org.apache.jasper.compiler.TldLocationsCache@4fbeedb9')
八月 25, 2020 1:30:20 下午 org.apache.catalina.core.ApplicationContext log
信息: ContextListener: contextInitialized()
八月 25, 2020 1:30:20 下午 org.apache.catalina.core.ApplicationContext log
信息: SessionListener: contextInitialized()
八月 25, 2020 1:30:20 下午 org.apache.catalina.core.ApplicationContext log
信息: ContextListener: attributeAdded('org.apache.jasper.compiler.TldLocationsCache', 'org.apache.jasper.compiler.TldLocationsCache@790a4961')
八月 25, 2020 3:17:57 下午 org.apache.catalina.core.ApplicationContext log
信息: ContextListener: contextInitialized()
八月 25, 2020 3:17:57 下午 org.apache.catalina.core.ApplicationContext log
信息: SessionListener: contextInitialized()
八月 25, 2020 3:17:57 下午 org.apache.catalina.core.ApplicationContext log
信息: ContextListener: attributeAdded('org.apache.jasper.compiler.TldLocationsCache', 'org.apache.jasper.compiler.TldLocationsCache@1b2347d0')
八月 25, 2020 3:45:01 下午 org.apache.catalina.core.ApplicationContext log
信息: ContextListener: contextInitialized()
八月 25, 2020 3:45:01 下午 org.apache.catalina.core.ApplicationContext log
信息: SessionListener: contextInitialized()
八月 25, 2020 3:45:01 下午 org.apache.catalina.core.ApplicationContext log
信息: ContextListener: attributeAdded('org.apache.jasper.compiler.TldLocationsCache', 'org.apache.jasper.compiler.TldLocationsCache@790a4961')
八月 25, 2020 3:47:13 下午 org.apache.catalina.core.ApplicationContext log
信息: ContextListener: contextInitialized()
八月 25, 2020 3:47:13 下午 org.apache.catalina.core.ApplicationContext log
信息: SessionListener: contextInitialized()
八月 25, 2020 3:47:13 下午 org.apache.catalina.core.ApplicationContext log
信息: ContextListener: attributeAdded('org.apache.jasper.compiler.TldLocationsCache', 'org.apache.jasper.compiler.TldLocationsCache@790a4961')
八月 25, 2020 3:56:21 下午 org.apache.catalina.core.ApplicationContext log
信息: ContextListener: contextInitialized()
八月 25, 2020 3:56:21 下午 org.apache.catalina.core.ApplicationContext log
信息: SessionListener: contextInitialized()
八月 25, 2020 3:56:22 下午 org.apache.catalina.core.ApplicationContext log
信息: ContextListener: attributeAdded('org.apache.jasper.compiler.TldLocationsCache', 'org.apache.jasper.compiler.TldLocationsCache@790a4961')
