八月 27, 2020 8:55:35 上午 org.apache.catalina.core.ApplicationContext log
信息: ContextListener: contextInitialized()
八月 27, 2020 8:55:35 上午 org.apache.catalina.core.ApplicationContext log
信息: SessionListener: contextInitialized()
八月 27, 2020 8:55:35 上午 org.apache.catalina.core.ApplicationContext log
信息: ContextListener: attributeAdded('org.apache.jasper.compiler.TldLocationsCache', 'org.apache.jasper.compiler.TldLocationsCache@7bf3b44d')
八月 27, 2020 9:06:05 上午 org.apache.catalina.core.ApplicationContext log
信息: ContextListener: contextInitialized()
八月 27, 2020 9:06:05 上午 org.apache.catalina.core.ApplicationContext log
信息: SessionListener: contextInitialized()
八月 27, 2020 9:06:05 上午 org.apache.catalina.core.ApplicationContext log
信息: ContextListener: attributeAdded('org.apache.jasper.compiler.TldLocationsCache', 'org.apache.jasper.compiler.TldLocationsCache@790a4961')
八月 27, 2020 9:10:52 上午 org.apache.catalina.core.ApplicationContext log
信息: ContextListener: contextInitialized()
八月 27, 2020 9:10:52 上午 org.apache.catalina.core.ApplicationContext log
信息: SessionListener: contextInitialized()
八月 27, 2020 9:10:52 上午 org.apache.catalina.core.ApplicationContext log
信息: ContextListener: attributeAdded('org.apache.jasper.compiler.TldLocationsCache', 'org.apache.jasper.compiler.TldLocationsCache@790a4961')
八月 27, 2020 10:09:13 上午 org.apache.catalina.core.ApplicationContext log
信息: ContextListener: contextInitialized()
八月 27, 2020 10:09:13 上午 org.apache.catalina.core.ApplicationContext log
信息: SessionListener: contextInitialized()
八月 27, 2020 10:09:13 上午 org.apache.catalina.core.ApplicationContext log
信息: ContextListener: attributeAdded('org.apache.jasper.compiler.TldLocationsCache', 'org.apache.jasper.compiler.TldLocationsCache@7bf3b44d')
八月 27, 2020 10:55:25 上午 org.apache.catalina.core.ApplicationContext log
信息: ContextListener: contextInitialized()
八月 27, 2020 10:55:25 上午 org.apache.catalina.core.ApplicationContext log
信息: SessionListener: contextInitialized()
八月 27, 2020 10:55:25 上午 org.apache.catalina.core.ApplicationContext log
信息: ContextListener: attributeAdded('org.apache.jasper.compiler.TldLocationsCache', 'org.apache.jasper.compiler.TldLocationsCache@7bf3b44d')
八月 27, 2020 11:18:57 上午 org.apache.catalina.core.ApplicationContext log
信息: ContextListener: contextInitialized()
八月 27, 2020 11:18:57 上午 org.apache.catalina.core.ApplicationContext log
信息: SessionListener: contextInitialized()
八月 27, 2020 11:18:57 上午 org.apache.catalina.core.ApplicationContext log
信息: ContextListener: attributeAdded('org.apache.jasper.compiler.TldLocationsCache', 'org.apache.jasper.compiler.TldLocationsCache@790a4961')
八月 27, 2020 2:34:18 下午 org.apache.catalina.core.ApplicationContext log
信息: ContextListener: contextInitialized()
八月 27, 2020 2:34:18 下午 org.apache.catalina.core.ApplicationContext log
信息: SessionListener: contextInitialized()
八月 27, 2020 2:34:18 下午 org.apache.catalina.core.ApplicationContext log
信息: ContextListener: attributeAdded('org.apache.jasper.compiler.TldLocationsCache', 'org.apache.jasper.compiler.TldLocationsCache@790a4961')
八月 27, 2020 3:54:05 下午 org.apache.catalina.core.ApplicationContext log
信息: ContextListener: contextInitialized()
八月 27, 2020 3:54:05 下午 org.apache.catalina.core.ApplicationContext log
信息: SessionListener: contextInitialized()
八月 27, 2020 3:54:05 下午 org.apache.catalina.core.ApplicationContext log
信息: ContextListener: attributeAdded('org.apache.jasper.compiler.TldLocationsCache', 'org.apache.jasper.compiler.TldLocationsCache@7bf3b44d')
八月 27, 2020 3:54:45 下午 org.apache.catalina.core.ApplicationContext log
信息: ContextListener: contextInitialized()
八月 27, 2020 3:54:45 下午 org.apache.catalina.core.ApplicationContext log
信息: SessionListener: contextInitialized()
八月 27, 2020 3:54:45 下午 org.apache.catalina.core.ApplicationContext log
信息: ContextListener: attributeAdded('org.apache.jasper.compiler.TldLocationsCache', 'org.apache.jasper.compiler.TldLocationsCache@4fbeedb9')
