八月 25, 2020 10:52:24 上午 org.apache.catalina.core.ApplicationContext log
信息: ContextListener: contextInitialized()
八月 25, 2020 10:52:24 上午 org.apache.catalina.core.ApplicationContext log
信息: SessionListener: contextInitialized()
八月 25, 2020 10:52:24 上午 org.apache.catalina.core.ApplicationContext log
信息: ContextListener: attributeAdded('org.apache.jasper.compiler.TldLocationsCache', 'org.apache.jasper.compiler.TldLocationsCache@790a4961')
八月 25, 2020 10:53:11 上午 org.apache.catalina.core.ApplicationContext log
信息: ContextListener: contextInitialized()
八月 25, 2020 10:53:11 上午 org.apache.catalina.core.ApplicationContext log
信息: SessionListener: contextInitialized()
八月 25, 2020 10:53:11 上午 org.apache.catalina.core.ApplicationContext log
信息: ContextListener: attributeAdded('org.apache.jasper.compiler.TldLocationsCache', 'org.apache.jasper.compiler.TldLocationsCache@790a4961')
八月 25, 2020 12:42:51 下午 org.apache.catalina.core.ApplicationContext log
信息: ContextListener: contextInitialized()
八月 25, 2020 12:42:51 下午 org.apache.catalina.core.ApplicationContext log
信息: SessionListener: contextInitialized()
八月 25, 2020 12:42:51 下午 org.apache.catalina.core.ApplicationContext log
信息: ContextListener: attributeAdded('org.apache.jasper.compiler.TldLocationsCache', 'org.apache.jasper.compiler.TldLocationsCache@790a4961')
八月 25, 2020 12:43:07 下午 org.apache.catalina.core.ApplicationContext log
信息: ContextListener: contextInitialized()
八月 25, 2020 12:43:07 下午 org.apache.catalina.core.ApplicationContext log
信息: SessionListener: contextInitialized()
八月 25, 2020 12:43:07 下午 org.apache.catalina.core.ApplicationContext log
信息: ContextListener: attributeAdded('org.apache.jasper.compiler.TldLocationsCache', 'org.apache.jasper.compiler.TldLocationsCache@790a4961')
八月 25, 2020 12:44:20 下午 org.apache.catalina.core.ApplicationContext log
信息: ContextListener: contextInitialized()
八月 25, 2020 12:44:20 下午 org.apache.catalina.core.ApplicationContext log
信息: SessionListener: contextInitialized()
八月 25, 2020 12:44:20 下午 org.apache.catalina.core.ApplicationContext log
信息: ContextListener: attributeAdded('org.apache.jasper.compiler.TldLocationsCache', 'org.apache.jasper.compiler.TldLocationsCache@790a4961')
八月 25, 2020 12:52:27 下午 org.apache.catalina.core.ApplicationContext log
信息: ContextListener: contextInitialized()
八月 25, 2020 12:52:27 下午 org.apache.catalina.core.ApplicationContext log
信息: SessionListener: contextInitialized()
八月 25, 2020 12:52:27 下午 org.apache.catalina.core.ApplicationContext log
信息: ContextListener: attributeAdded('org.apache.jasper.compiler.TldLocationsCache', 'org.apache.jasper.compiler.TldLocationsCache@790a4961')
八月 25, 2020 1:02:15 下午 org.apache.catalina.core.ApplicationContext log
信息: ContextListener: contextInitialized()
八月 25, 2020 1:02:15 下午 org.apache.catalina.core.ApplicationContext log
信息: SessionListener: contextInitialized()
八月 25, 2020 1:02:15 下午 org.apache.catalina.core.ApplicationContext log
信息: ContextListener: attributeAdded('org.apache.jasper.compiler.TldLocationsCache', 'org.apache.jasper.compiler.TldLocationsCache@790a4961')
八月 25, 2020 1:03:38 下午 org.apache.catalina.core.ApplicationContext log
信息: ContextListener: contextInitialized()
八月 25, 2020 1:03:38 下午 org.apache.catalina.core.ApplicationContext log
信息: SessionListener: contextInitialized()
八月 25, 2020 1:03:38 下午 org.apache.catalina.core.ApplicationContext log
信息: ContextListener: attributeAdded('org.apache.jasper.compiler.TldLocationsCache', 'org.apache.jasper.compiler.TldLocationsCache@7bf3b44d')
八月 25, 2020 1:05:24 下午 org.apache.catalina.core.ApplicationContext log
信息: ContextListener: contextInitialized()
八月 25, 2020 1:05:24 下午 org.apache.catalina.core.ApplicationContext log
信息: SessionListener: contextInitialized()
八月 25, 2020 1:05:24 下午 org.apache.catalina.core.ApplicationContext log
信息: ContextListener: attributeAdded('org.apache.jasper.compiler.TldLocationsCache', 'org.apache.jasper.compiler.TldLocationsCache@4fbeedb9')
八月 25, 2020 1:14:00 下午 org.apache.catalina.core.ApplicationContext log
信息: ContextListener: contextInitialized()
八月 25, 2020 1:14:00 下午 org.apache.catalina.core.ApplicationContext log
信息: SessionListener: contextInitialized()
八月 25, 2020 1:14:00 下午 org.apache.catalina.core.ApplicationContext log
信息: ContextListener: attributeAdded('org.apache.jasper.compiler.TldLocationsCache', 'org.apache.jasper.compiler.TldLocationsCache@790a4961')
八月 25, 2020 1:30:14 下午 org.apache.catalina.core.ApplicationContext log
信息: ContextListener: contextInitialized()
八月 25, 2020 1:30:14 下午 org.apache.catalina.core.ApplicationContext log
信息: SessionListener: contextInitialized()
八月 25, 2020 1:30:14 下午 org.apache.catalina.core.ApplicationContext log
信息: ContextListener: attributeAdded('org.apache.jasper.compiler.TldLocationsCache', 'org.apache.jasper.compiler.TldLocationsCache@4fbeedb9')
八月 25, 2020 3:17:46 下午 org.apache.catalina.core.ApplicationContext log
信息: ContextListener: contextInitialized()
八月 25, 2020 3:17:46 下午 org.apache.catalina.core.ApplicationContext log
信息: SessionListener: contextInitialized()
八月 25, 2020 3:17:46 下午 org.apache.catalina.core.ApplicationContext log
信息: ContextListener: attributeAdded('org.apache.jasper.compiler.TldLocationsCache', 'org.apache.jasper.compiler.TldLocationsCache@4fbeedb9')
八月 25, 2020 3:44:53 下午 org.apache.catalina.core.ApplicationContext log
信息: ContextListener: contextInitialized()
八月 25, 2020 3:44:53 下午 org.apache.catalina.core.ApplicationContext log
信息: SessionListener: contextInitialized()
八月 25, 2020 3:44:53 下午 org.apache.catalina.core.ApplicationContext log
信息: ContextListener: attributeAdded('org.apache.jasper.compiler.TldLocationsCache', 'org.apache.jasper.compiler.TldLocationsCache@7bf3b44d')
八月 25, 2020 3:47:03 下午 org.apache.catalina.core.ApplicationContext log
信息: ContextListener: contextInitialized()
八月 25, 2020 3:47:03 下午 org.apache.catalina.core.ApplicationContext log
信息: SessionListener: contextInitialized()
八月 25, 2020 3:47:03 下午 org.apache.catalina.core.ApplicationContext log
信息: ContextListener: attributeAdded('org.apache.jasper.compiler.TldLocationsCache', 'org.apache.jasper.compiler.TldLocationsCache@7bf3b44d')
八月 25, 2020 3:55:48 下午 org.apache.catalina.core.ApplicationContext log
信息: ContextListener: contextInitialized()
八月 25, 2020 3:55:48 下午 org.apache.catalina.core.ApplicationContext log
信息: SessionListener: contextInitialized()
八月 25, 2020 3:55:48 下午 org.apache.catalina.core.ApplicationContext log
信息: ContextListener: attributeAdded('org.apache.jasper.compiler.TldLocationsCache', 'org.apache.jasper.compiler.TldLocationsCache@790a4961')
八月 25, 2020 3:56:09 下午 org.apache.catalina.core.ApplicationContext log
信息: ContextListener: contextInitialized()
八月 25, 2020 3:56:09 下午 org.apache.catalina.core.ApplicationContext log
信息: SessionListener: contextInitialized()
八月 25, 2020 3:56:09 下午 org.apache.catalina.core.ApplicationContext log
信息: ContextListener: attributeAdded('org.apache.jasper.compiler.TldLocationsCache', 'org.apache.jasper.compiler.TldLocationsCache@7bf3b44d')
