八月 27, 2020 8:54:52 上午 org.apache.catalina.core.ApplicationContext log
信息: ContextListener: contextInitialized()
八月 27, 2020 8:54:52 上午 org.apache.catalina.core.ApplicationContext log
信息: SessionListener: contextInitialized()
八月 27, 2020 8:54:52 上午 org.apache.catalina.core.ApplicationContext log
信息: ContextListener: attributeAdded('org.apache.jasper.compiler.TldLocationsCache', 'org.apache.jasper.compiler.TldLocationsCache@7bf3b44d')
八月 27, 2020 8:55:21 上午 org.apache.catalina.core.ApplicationContext log
信息: ContextListener: contextInitialized()
八月 27, 2020 8:55:21 上午 org.apache.catalina.core.ApplicationContext log
信息: SessionListener: contextInitialized()
八月 27, 2020 8:55:21 上午 org.apache.catalina.core.ApplicationContext log
信息: ContextListener: attributeAdded('org.apache.jasper.compiler.TldLocationsCache', 'org.apache.jasper.compiler.TldLocationsCache@7bf3b44d')
八月 27, 2020 9:05:50 上午 org.apache.catalina.core.ApplicationContext log
信息: ContextListener: contextInitialized()
八月 27, 2020 9:05:50 上午 org.apache.catalina.core.ApplicationContext log
信息: SessionListener: contextInitialized()
八月 27, 2020 9:05:50 上午 org.apache.catalina.core.ApplicationContext log
信息: ContextListener: attributeAdded('org.apache.jasper.compiler.TldLocationsCache', 'org.apache.jasper.compiler.TldLocationsCache@790a4961')
八月 27, 2020 9:10:34 上午 org.apache.catalina.core.ApplicationContext log
信息: ContextListener: contextInitialized()
八月 27, 2020 9:10:34 上午 org.apache.catalina.core.ApplicationContext log
信息: SessionListener: contextInitialized()
八月 27, 2020 9:10:34 上午 org.apache.catalina.core.ApplicationContext log
信息: ContextListener: attributeAdded('org.apache.jasper.compiler.TldLocationsCache', 'org.apache.jasper.compiler.TldLocationsCache@790a4961')
八月 27, 2020 10:09:01 上午 org.apache.catalina.core.ApplicationContext log
信息: ContextListener: contextInitialized()
八月 27, 2020 10:09:01 上午 org.apache.catalina.core.ApplicationContext log
信息: SessionListener: contextInitialized()
八月 27, 2020 10:09:01 上午 org.apache.catalina.core.ApplicationContext log
信息: ContextListener: attributeAdded('org.apache.jasper.compiler.TldLocationsCache', 'org.apache.jasper.compiler.TldLocationsCache@153820e7')
八月 27, 2020 10:55:19 上午 org.apache.catalina.core.ApplicationContext log
信息: ContextListener: contextInitialized()
八月 27, 2020 10:55:19 上午 org.apache.catalina.core.ApplicationContext log
信息: SessionListener: contextInitialized()
八月 27, 2020 10:55:19 上午 org.apache.catalina.core.ApplicationContext log
信息: ContextListener: attributeAdded('org.apache.jasper.compiler.TldLocationsCache', 'org.apache.jasper.compiler.TldLocationsCache@790a4961')
八月 27, 2020 11:18:43 上午 org.apache.catalina.core.ApplicationContext log
信息: ContextListener: contextInitialized()
八月 27, 2020 11:18:43 上午 org.apache.catalina.core.ApplicationContext log
信息: SessionListener: contextInitialized()
八月 27, 2020 11:18:43 上午 org.apache.catalina.core.ApplicationContext log
信息: ContextListener: attributeAdded('org.apache.jasper.compiler.TldLocationsCache', 'org.apache.jasper.compiler.TldLocationsCache@790a4961')
八月 27, 2020 2:32:21 下午 org.apache.catalina.core.ApplicationContext log
信息: ContextListener: contextInitialized()
八月 27, 2020 2:32:21 下午 org.apache.catalina.core.ApplicationContext log
信息: SessionListener: contextInitialized()
八月 27, 2020 2:32:21 下午 org.apache.catalina.core.ApplicationContext log
信息: ContextListener: attributeAdded('org.apache.jasper.compiler.TldLocationsCache', 'org.apache.jasper.compiler.TldLocationsCache@790a4961')
八月 27, 2020 2:32:36 下午 org.apache.catalina.core.ApplicationContext log
信息: ContextListener: contextInitialized()
八月 27, 2020 2:32:36 下午 org.apache.catalina.core.ApplicationContext log
信息: SessionListener: contextInitialized()
八月 27, 2020 2:32:36 下午 org.apache.catalina.core.ApplicationContext log
信息: ContextListener: attributeAdded('org.apache.jasper.compiler.TldLocationsCache', 'org.apache.jasper.compiler.TldLocationsCache@790a4961')
八月 27, 2020 2:33:15 下午 org.apache.catalina.core.ApplicationContext log
信息: ContextListener: contextInitialized()
八月 27, 2020 2:33:15 下午 org.apache.catalina.core.ApplicationContext log
信息: SessionListener: contextInitialized()
八月 27, 2020 2:33:15 下午 org.apache.catalina.core.ApplicationContext log
信息: ContextListener: attributeAdded('org.apache.jasper.compiler.TldLocationsCache', 'org.apache.jasper.compiler.TldLocationsCache@7bf3b44d')
八月 27, 2020 3:53:59 下午 org.apache.catalina.core.ApplicationContext log
信息: ContextListener: contextInitialized()
八月 27, 2020 3:53:59 下午 org.apache.catalina.core.ApplicationContext log
信息: SessionListener: contextInitialized()
八月 27, 2020 3:53:59 下午 org.apache.catalina.core.ApplicationContext log
信息: ContextListener: attributeAdded('org.apache.jasper.compiler.TldLocationsCache', 'org.apache.jasper.compiler.TldLocationsCache@790a4961')
八月 27, 2020 3:54:31 下午 org.apache.catalina.core.ApplicationContext log
信息: ContextListener: contextInitialized()
八月 27, 2020 3:54:31 下午 org.apache.catalina.core.ApplicationContext log
信息: SessionListener: contextInitialized()
八月 27, 2020 3:54:31 下午 org.apache.catalina.core.ApplicationContext log
信息: ContextListener: attributeAdded('org.apache.jasper.compiler.TldLocationsCache', 'org.apache.jasper.compiler.TldLocationsCache@790a4961')
八月 27, 2020 4:52:28 下午 org.apache.catalina.core.ApplicationContext log
信息: ContextListener: contextInitialized()
八月 27, 2020 4:52:28 下午 org.apache.catalina.core.ApplicationContext log
信息: SessionListener: contextInitialized()
八月 27, 2020 4:52:28 下午 org.apache.catalina.core.ApplicationContext log
信息: ContextListener: attributeAdded('org.apache.jasper.compiler.TldLocationsCache', 'org.apache.jasper.compiler.TldLocationsCache@790a4961')
