八月 25, 2020 10:52:26 上午 org.apache.catalina.core.ApplicationContext log
信息: ContextListener: contextInitialized()
八月 25, 2020 10:52:26 上午 org.apache.catalina.core.ApplicationContext log
信息: SessionListener: contextInitialized()
八月 25, 2020 10:52:26 上午 org.apache.catalina.core.ApplicationContext log
信息: ContextListener: attributeAdded('org.apache.jasper.compiler.TldLocationsCache', 'org.apache.jasper.compiler.TldLocationsCache@4fbeedb9')
八月 25, 2020 10:53:17 上午 org.apache.catalina.core.ApplicationContext log
信息: ContextListener: contextInitialized()
八月 25, 2020 10:53:17 上午 org.apache.catalina.core.ApplicationContext log
信息: SessionListener: contextInitialized()
八月 25, 2020 10:53:17 上午 org.apache.catalina.core.ApplicationContext log
信息: ContextListener: attributeAdded('org.apache.jasper.compiler.TldLocationsCache', 'org.apache.jasper.compiler.TldLocationsCache@790a4961')
八月 25, 2020 12:43:12 下午 org.apache.catalina.core.ApplicationContext log
信息: ContextListener: contextInitialized()
八月 25, 2020 12:43:12 下午 org.apache.catalina.core.ApplicationContext log
信息: SessionListener: contextInitialized()
八月 25, 2020 12:43:12 下午 org.apache.catalina.core.ApplicationContext log
信息: ContextListener: attributeAdded('org.apache.jasper.compiler.TldLocationsCache', 'org.apache.jasper.compiler.TldLocationsCache@790a4961')
八月 25, 2020 12:43:20 下午 org.apache.catalina.core.ApplicationContext log
信息: ContextListener: contextInitialized()
八月 25, 2020 12:43:20 下午 org.apache.catalina.core.ApplicationContext log
信息: SessionListener: contextInitialized()
八月 25, 2020 12:43:20 下午 org.apache.catalina.core.ApplicationContext log
信息: ContextListener: attributeAdded('org.apache.jasper.compiler.TldLocationsCache', 'org.apache.jasper.compiler.TldLocationsCache@254d0688')
八月 25, 2020 12:43:24 下午 org.apache.catalina.core.ApplicationContext log
信息: SessionListener: contextDestroyed()
八月 25, 2020 12:43:24 下午 org.apache.catalina.core.ApplicationContext log
信息: ContextListener: contextDestroyed()
八月 25, 2020 12:44:27 下午 org.apache.catalina.core.ApplicationContext log
信息: ContextListener: contextInitialized()
八月 25, 2020 12:44:27 下午 org.apache.catalina.core.ApplicationContext log
信息: SessionListener: contextInitialized()
八月 25, 2020 12:44:27 下午 org.apache.catalina.core.ApplicationContext log
信息: ContextListener: attributeAdded('org.apache.jasper.compiler.TldLocationsCache', 'org.apache.jasper.compiler.TldLocationsCache@790a4961')
八月 25, 2020 12:52:41 下午 org.apache.catalina.core.ApplicationContext log
信息: ContextListener: contextInitialized()
八月 25, 2020 12:52:41 下午 org.apache.catalina.core.ApplicationContext log
信息: SessionListener: contextInitialized()
八月 25, 2020 12:52:41 下午 org.apache.catalina.core.ApplicationContext log
信息: ContextListener: attributeAdded('org.apache.jasper.compiler.TldLocationsCache', 'org.apache.jasper.compiler.TldLocationsCache@790a4961')
八月 25, 2020 1:02:24 下午 org.apache.catalina.core.ApplicationContext log
信息: ContextListener: contextInitialized()
八月 25, 2020 1:02:24 下午 org.apache.catalina.core.ApplicationContext log
信息: SessionListener: contextInitialized()
八月 25, 2020 1:02:24 下午 org.apache.catalina.core.ApplicationContext log
信息: ContextListener: attributeAdded('org.apache.jasper.compiler.TldLocationsCache', 'org.apache.jasper.compiler.TldLocationsCache@790a4961')
八月 25, 2020 1:03:44 下午 org.apache.catalina.core.ApplicationContext log
信息: ContextListener: contextInitialized()
八月 25, 2020 1:03:44 下午 org.apache.catalina.core.ApplicationContext log
信息: SessionListener: contextInitialized()
八月 25, 2020 1:03:44 下午 org.apache.catalina.core.ApplicationContext log
信息: ContextListener: attributeAdded('org.apache.jasper.compiler.TldLocationsCache', 'org.apache.jasper.compiler.TldLocationsCache@790a4961')
八月 25, 2020 1:05:27 下午 org.apache.catalina.core.ApplicationContext log
信息: ContextListener: contextInitialized()
八月 25, 2020 1:05:27 下午 org.apache.catalina.core.ApplicationContext log
信息: SessionListener: contextInitialized()
八月 25, 2020 1:05:27 下午 org.apache.catalina.core.ApplicationContext log
信息: ContextListener: attributeAdded('org.apache.jasper.compiler.TldLocationsCache', 'org.apache.jasper.compiler.TldLocationsCache@790a4961')
八月 25, 2020 1:14:07 下午 org.apache.catalina.core.ApplicationContext log
信息: ContextListener: contextInitialized()
八月 25, 2020 1:14:07 下午 org.apache.catalina.core.ApplicationContext log
信息: SessionListener: contextInitialized()
八月 25, 2020 1:14:07 下午 org.apache.catalina.core.ApplicationContext log
信息: ContextListener: attributeAdded('org.apache.jasper.compiler.TldLocationsCache', 'org.apache.jasper.compiler.TldLocationsCache@790a4961')
八月 25, 2020 1:30:17 下午 org.apache.catalina.core.ApplicationContext log
信息: ContextListener: contextInitialized()
八月 25, 2020 1:30:17 下午 org.apache.catalina.core.ApplicationContext log
信息: SessionListener: contextInitialized()
八月 25, 2020 1:30:17 下午 org.apache.catalina.core.ApplicationContext log
信息: ContextListener: attributeAdded('org.apache.jasper.compiler.TldLocationsCache', 'org.apache.jasper.compiler.TldLocationsCache@790a4961')
八月 25, 2020 3:17:52 下午 org.apache.catalina.core.ApplicationContext log
信息: ContextListener: contextInitialized()
八月 25, 2020 3:17:52 下午 org.apache.catalina.core.ApplicationContext log
信息: SessionListener: contextInitialized()
八月 25, 2020 3:17:52 下午 org.apache.catalina.core.ApplicationContext log
信息: ContextListener: attributeAdded('org.apache.jasper.compiler.TldLocationsCache', 'org.apache.jasper.compiler.TldLocationsCache@790a4961')
八月 25, 2020 3:44:56 下午 org.apache.catalina.core.ApplicationContext log
信息: ContextListener: contextInitialized()
八月 25, 2020 3:44:56 下午 org.apache.catalina.core.ApplicationContext log
信息: SessionListener: contextInitialized()
八月 25, 2020 3:44:56 下午 org.apache.catalina.core.ApplicationContext log
信息: ContextListener: attributeAdded('org.apache.jasper.compiler.TldLocationsCache', 'org.apache.jasper.compiler.TldLocationsCache@4fbeedb9')
八月 25, 2020 3:47:08 下午 org.apache.catalina.core.ApplicationContext log
信息: ContextListener: contextInitialized()
八月 25, 2020 3:47:08 下午 org.apache.catalina.core.ApplicationContext log
信息: SessionListener: contextInitialized()
八月 25, 2020 3:47:08 下午 org.apache.catalina.core.ApplicationContext log
信息: ContextListener: attributeAdded('org.apache.jasper.compiler.TldLocationsCache', 'org.apache.jasper.compiler.TldLocationsCache@4fbeedb9')
八月 25, 2020 3:55:52 下午 org.apache.catalina.core.ApplicationContext log
信息: ContextListener: contextInitialized()
八月 25, 2020 3:55:52 下午 org.apache.catalina.core.ApplicationContext log
信息: SessionListener: contextInitialized()
八月 25, 2020 3:55:52 下午 org.apache.catalina.core.ApplicationContext log
信息: ContextListener: attributeAdded('org.apache.jasper.compiler.TldLocationsCache', 'org.apache.jasper.compiler.TldLocationsCache@7bf3b44d')
八月 25, 2020 3:56:14 下午 org.apache.catalina.core.ApplicationContext log
信息: ContextListener: contextInitialized()
八月 25, 2020 3:56:14 下午 org.apache.catalina.core.ApplicationContext log
信息: SessionListener: contextInitialized()
八月 25, 2020 3:56:14 下午 org.apache.catalina.core.ApplicationContext log
信息: ContextListener: attributeAdded('org.apache.jasper.compiler.TldLocationsCache', 'org.apache.jasper.compiler.TldLocationsCache@790a4961')
