八月 27, 2020 8:55:06 上午 org.apache.catalina.core.ApplicationContext log
信息: ContextListener: contextInitialized()
八月 27, 2020 8:55:06 上午 org.apache.catalina.core.ApplicationContext log
信息: SessionListener: contextInitialized()
八月 27, 2020 8:55:06 上午 org.apache.catalina.core.ApplicationContext log
信息: ContextListener: attributeAdded('org.apache.jasper.compiler.TldLocationsCache', 'org.apache.jasper.compiler.TldLocationsCache@790a4961')
八月 27, 2020 8:55:27 上午 org.apache.catalina.core.ApplicationContext log
信息: ContextListener: contextInitialized()
八月 27, 2020 8:55:27 上午 org.apache.catalina.core.ApplicationContext log
信息: SessionListener: contextInitialized()
八月 27, 2020 8:55:27 上午 org.apache.catalina.core.ApplicationContext log
信息: ContextListener: attributeAdded('org.apache.jasper.compiler.TldLocationsCache', 'org.apache.jasper.compiler.TldLocationsCache@7bf3b44d')
八月 27, 2020 9:05:58 上午 org.apache.catalina.core.ApplicationContext log
信息: ContextListener: contextInitialized()
八月 27, 2020 9:05:58 上午 org.apache.catalina.core.ApplicationContext log
信息: SessionListener: contextInitialized()
八月 27, 2020 9:05:58 上午 org.apache.catalina.core.ApplicationContext log
信息: ContextListener: attributeAdded('org.apache.jasper.compiler.TldLocationsCache', 'org.apache.jasper.compiler.TldLocationsCache@4fbeedb9')
八月 27, 2020 9:10:44 上午 org.apache.catalina.core.ApplicationContext log
信息: ContextListener: contextInitialized()
八月 27, 2020 9:10:44 上午 org.apache.catalina.core.ApplicationContext log
信息: SessionListener: contextInitialized()
八月 27, 2020 9:10:44 上午 org.apache.catalina.core.ApplicationContext log
信息: ContextListener: attributeAdded('org.apache.jasper.compiler.TldLocationsCache', 'org.apache.jasper.compiler.TldLocationsCache@790a4961')
八月 27, 2020 10:09:06 上午 org.apache.catalina.core.ApplicationContext log
信息: ContextListener: contextInitialized()
八月 27, 2020 10:09:06 上午 org.apache.catalina.core.ApplicationContext log
信息: SessionListener: contextInitialized()
八月 27, 2020 10:09:06 上午 org.apache.catalina.core.ApplicationContext log
信息: ContextListener: attributeAdded('org.apache.jasper.compiler.TldLocationsCache', 'org.apache.jasper.compiler.TldLocationsCache@7bf3b44d')
八月 27, 2020 10:55:22 上午 org.apache.catalina.core.ApplicationContext log
信息: ContextListener: contextInitialized()
八月 27, 2020 10:55:22 上午 org.apache.catalina.core.ApplicationContext log
信息: SessionListener: contextInitialized()
八月 27, 2020 10:55:22 上午 org.apache.catalina.core.ApplicationContext log
信息: ContextListener: attributeAdded('org.apache.jasper.compiler.TldLocationsCache', 'org.apache.jasper.compiler.TldLocationsCache@790a4961')
八月 27, 2020 11:18:47 上午 org.apache.catalina.core.ApplicationContext log
信息: ContextListener: contextInitialized()
八月 27, 2020 11:18:47 上午 org.apache.catalina.core.ApplicationContext log
信息: SessionListener: contextInitialized()
八月 27, 2020 11:18:47 上午 org.apache.catalina.core.ApplicationContext log
信息: ContextListener: attributeAdded('org.apache.jasper.compiler.TldLocationsCache', 'org.apache.jasper.compiler.TldLocationsCache@7bf3b44d')
八月 27, 2020 2:33:29 下午 org.apache.catalina.core.ApplicationContext log
信息: ContextListener: contextInitialized()
八月 27, 2020 2:33:29 下午 org.apache.catalina.core.ApplicationContext log
信息: SessionListener: contextInitialized()
八月 27, 2020 2:33:29 下午 org.apache.catalina.core.ApplicationContext log
信息: ContextListener: attributeAdded('org.apache.jasper.compiler.TldLocationsCache', 'org.apache.jasper.compiler.TldLocationsCache@790a4961')
八月 27, 2020 3:54:02 下午 org.apache.catalina.core.ApplicationContext log
信息: ContextListener: contextInitialized()
八月 27, 2020 3:54:02 下午 org.apache.catalina.core.ApplicationContext log
信息: SessionListener: contextInitialized()
八月 27, 2020 3:54:02 下午 org.apache.catalina.core.ApplicationContext log
信息: ContextListener: attributeAdded('org.apache.jasper.compiler.TldLocationsCache', 'org.apache.jasper.compiler.TldLocationsCache@7bf3b44d')
八月 27, 2020 3:54:38 下午 org.apache.catalina.core.ApplicationContext log
信息: ContextListener: contextInitialized()
八月 27, 2020 3:54:38 下午 org.apache.catalina.core.ApplicationContext log
信息: SessionListener: contextInitialized()
八月 27, 2020 3:54:38 下午 org.apache.catalina.core.ApplicationContext log
信息: ContextListener: attributeAdded('org.apache.jasper.compiler.TldLocationsCache', 'org.apache.jasper.compiler.TldLocationsCache@7bf3b44d')
