八月 24, 2020 4:14:53 下午 org.apache.catalina.core.ApplicationContext log
信息: ContextListener: contextInitialized()
八月 24, 2020 4:14:53 下午 org.apache.catalina.core.ApplicationContext log
信息: SessionListener: contextInitialized()
八月 24, 2020 4:14:53 下午 org.apache.catalina.core.ApplicationContext log
信息: ContextListener: attributeAdded('org.apache.jasper.compiler.TldLocationsCache', 'org.apache.jasper.compiler.TldLocationsCache@4fbeedb9')
八月 24, 2020 4:48:02 下午 org.apache.catalina.core.ApplicationContext log
信息: ContextListener: contextInitialized()
八月 24, 2020 4:48:02 下午 org.apache.catalina.core.ApplicationContext log
信息: SessionListener: contextInitialized()
八月 24, 2020 4:48:02 下午 org.apache.catalina.core.ApplicationContext log
信息: ContextListener: attributeAdded('org.apache.jasper.compiler.TldLocationsCache', 'org.apache.jasper.compiler.TldLocationsCache@790a4961')
八月 24, 2020 4:50:21 下午 org.apache.catalina.core.StandardWrapperValve invoke
严重: Servlet.service() for servlet [LoadAdminUI] in context with path [/solr] threw exception
java.lang.NullPointerException
	at org.apache.solr.servlet.SolrDispatchFilter.authenticateRequest(SolrDispatchFilter.java:241)
	at org.apache.solr.servlet.SolrDispatchFilter.doFilter(SolrDispatchFilter.java:186)
	at org.apache.solr.servlet.SolrDispatchFilter.doFilter(SolrDispatchFilter.java:179)
	at org.apache.catalina.core.ApplicationFilterChain.internalDoFilter(ApplicationFilterChain.java:241)
	at org.apache.catalina.core.ApplicationFilterChain.doFilter(ApplicationFilterChain.java:208)
	at org.apache.catalina.core.StandardWrapperValve.invoke(StandardWrapperValve.java:220)
	at org.apache.catalina.core.StandardContextValve.invoke(StandardContextValve.java:122)
	at org.apache.catalina.core.StandardHostValve.invoke(StandardHostValve.java:170)
	at org.apache.catalina.valves.ErrorReportValve.invoke(ErrorReportValve.java:103)
	at org.apache.catalina.valves.AccessLogValve.invoke(AccessLogValve.java:956)
	at org.apache.catalina.core.StandardEngineValve.invoke(StandardEngineValve.java:116)
	at org.apache.catalina.connector.CoyoteAdapter.service(CoyoteAdapter.java:423)
	at org.apache.coyote.http11.AbstractHttp11Processor.process(AbstractHttp11Processor.java:1079)
	at org.apache.coyote.AbstractProtocol$AbstractConnectionHandler.process(AbstractProtocol.java:625)
	at org.apache.tomcat.util.net.AprEndpoint$SocketProcessor.doRun(AprEndpoint.java:2522)
	at org.apache.tomcat.util.net.AprEndpoint$SocketProcessor.run(AprEndpoint.java:2511)
	at java.util.concurrent.ThreadPoolExecutor.runWorker(ThreadPoolExecutor.java:1149)
	at java.util.concurrent.ThreadPoolExecutor$Worker.run(ThreadPoolExecutor.java:624)
	at org.apache.tomcat.util.threads.TaskThread$WrappingRunnable.run(TaskThread.java:61)
	at java.lang.Thread.run(Thread.java:748)

八月 24, 2020 4:57:37 下午 org.apache.catalina.core.ApplicationContext log
信息: ContextListener: contextInitialized()
八月 24, 2020 4:57:37 下午 org.apache.catalina.core.ApplicationContext log
信息: SessionListener: contextInitialized()
八月 24, 2020 4:57:37 下午 org.apache.catalina.core.ApplicationContext log
信息: ContextListener: attributeAdded('org.apache.jasper.compiler.TldLocationsCache', 'org.apache.jasper.compiler.TldLocationsCache@7bf3b44d')
八月 24, 2020 4:58:39 下午 org.apache.catalina.core.StandardWrapperValve invoke
严重: Servlet.service() for servlet [LoadAdminUI] in context with path [/solr] threw exception
java.lang.NullPointerException
	at org.apache.solr.servlet.SolrDispatchFilter.authenticateRequest(SolrDispatchFilter.java:241)
	at org.apache.solr.servlet.SolrDispatchFilter.doFilter(SolrDispatchFilter.java:186)
	at org.apache.solr.servlet.SolrDispatchFilter.doFilter(SolrDispatchFilter.java:179)
	at org.apache.catalina.core.ApplicationFilterChain.internalDoFilter(ApplicationFilterChain.java:241)
	at org.apache.catalina.core.ApplicationFilterChain.doFilter(ApplicationFilterChain.java:208)
	at org.apache.catalina.core.StandardWrapperValve.invoke(StandardWrapperValve.java:220)
	at org.apache.catalina.core.StandardContextValve.invoke(StandardContextValve.java:122)
	at org.apache.catalina.core.StandardHostValve.invoke(StandardHostValve.java:170)
	at org.apache.catalina.valves.ErrorReportValve.invoke(ErrorReportValve.java:103)
	at org.apache.catalina.valves.AccessLogValve.invoke(AccessLogValve.java:956)
	at org.apache.catalina.core.StandardEngineValve.invoke(StandardEngineValve.java:116)
	at org.apache.catalina.connector.CoyoteAdapter.service(CoyoteAdapter.java:423)
	at org.apache.coyote.http11.AbstractHttp11Processor.process(AbstractHttp11Processor.java:1079)
	at org.apache.coyote.AbstractProtocol$AbstractConnectionHandler.process(AbstractProtocol.java:625)
	at org.apache.tomcat.util.net.AprEndpoint$SocketProcessor.doRun(AprEndpoint.java:2522)
	at org.apache.tomcat.util.net.AprEndpoint$SocketProcessor.run(AprEndpoint.java:2511)
	at java.util.concurrent.ThreadPoolExecutor.runWorker(ThreadPoolExecutor.java:1149)
	at java.util.concurrent.ThreadPoolExecutor$Worker.run(ThreadPoolExecutor.java:624)
	at org.apache.tomcat.util.threads.TaskThread$WrappingRunnable.run(TaskThread.java:61)
	at java.lang.Thread.run(Thread.java:748)

八月 24, 2020 5:13:33 下午 org.apache.catalina.core.ApplicationContext log
信息: ContextListener: contextInitialized()
八月 24, 2020 5:13:33 下午 org.apache.catalina.core.ApplicationContext log
信息: SessionListener: contextInitialized()
八月 24, 2020 5:13:33 下午 org.apache.catalina.core.ApplicationContext log
信息: ContextListener: attributeAdded('org.apache.jasper.compiler.TldLocationsCache', 'org.apache.jasper.compiler.TldLocationsCache@7bf3b44d')
